[2026-04-22T00:00:30.484+0000] {processor.py:161} INFO - Started process (PID=527) to work on /opt/airflow/dags/wired_dag.py
[2026-04-22T00:00:30.486+0000] {processor.py:830} INFO - Processing file /opt/airflow/dags/wired_dag.py for tasks to queue
[2026-04-22T00:00:30.490+0000] {logging_mixin.py:188} INFO - [2026-04-22T00:00:30.489+0000] {dagbag.py:545} INFO - Filling up the DagBag from /opt/airflow/dags/wired_dag.py
[2026-04-22T00:00:30.540+0000] {processor.py:840} INFO - DAG(s) 'wired_pipeline_dag' retrieved from /opt/airflow/dags/wired_dag.py
[2026-04-22T00:00:30.599+0000] {logging_mixin.py:188} INFO - [2026-04-22T00:00:30.599+0000] {dag.py:3096} INFO - Sync 1 DAGs
[2026-04-22T00:00:30.649+0000] {logging_mixin.py:188} INFO - [2026-04-22T00:00:30.648+0000] {dag.py:3954} INFO - Setting next_dagrun for wired_pipeline_dag to 2026-04-22 00:00:00+00:00, run_after=2026-04-23 00:00:00+00:00
[2026-04-22T00:00:30.693+0000] {processor.py:183} INFO - Processing /opt/airflow/dags/wired_dag.py took 0.221 seconds
[2026-04-22T00:01:00.900+0000] {processor.py:161} INFO - Started process (PID=532) to work on /opt/airflow/dags/wired_dag.py
[2026-04-22T00:01:00.903+0000] {processor.py:830} INFO - Processing file /opt/airflow/dags/wired_dag.py for tasks to queue
[2026-04-22T00:01:00.907+0000] {logging_mixin.py:188} INFO - [2026-04-22T00:01:00.907+0000] {dagbag.py:545} INFO - Filling up the DagBag from /opt/airflow/dags/wired_dag.py
[2026-04-22T00:01:00.959+0000] {processor.py:840} INFO - DAG(s) 'wired_pipeline_dag' retrieved from /opt/airflow/dags/wired_dag.py
[2026-04-22T00:01:01.015+0000] {logging_mixin.py:188} INFO - [2026-04-22T00:01:01.015+0000] {dag.py:3096} INFO - Sync 1 DAGs
[2026-04-22T00:01:01.058+0000] {logging_mixin.py:188} INFO - [2026-04-22T00:01:01.058+0000] {dag.py:3954} INFO - Setting next_dagrun for wired_pipeline_dag to 2026-04-22 00:00:00+00:00, run_after=2026-04-23 00:00:00+00:00
[2026-04-22T00:01:01.097+0000] {processor.py:183} INFO - Processing /opt/airflow/dags/wired_dag.py took 0.213 seconds
[2026-04-22T00:01:31.993+0000] {processor.py:161} INFO - Started process (PID=537) to work on /opt/airflow/dags/wired_dag.py
[2026-04-22T00:01:31.995+0000] {processor.py:830} INFO - Processing file /opt/airflow/dags/wired_dag.py for tasks to queue
[2026-04-22T00:01:32.000+0000] {logging_mixin.py:188} INFO - [2026-04-22T00:01:31.999+0000] {dagbag.py:545} INFO - Filling up the DagBag from /opt/airflow/dags/wired_dag.py
[2026-04-22T00:01:32.051+0000] {processor.py:840} INFO - DAG(s) 'wired_pipeline_dag' retrieved from /opt/airflow/dags/wired_dag.py
[2026-04-22T00:01:32.111+0000] {logging_mixin.py:188} INFO - [2026-04-22T00:01:32.111+0000] {dag.py:3096} INFO - Sync 1 DAGs
[2026-04-22T00:01:32.154+0000] {logging_mixin.py:188} INFO - [2026-04-22T00:01:32.154+0000] {dag.py:3954} INFO - Setting next_dagrun for wired_pipeline_dag to 2026-04-22 00:00:00+00:00, run_after=2026-04-23 00:00:00+00:00
[2026-04-22T00:01:32.191+0000] {processor.py:183} INFO - Processing /opt/airflow/dags/wired_dag.py took 0.211 seconds
[2026-04-22T00:02:02.430+0000] {processor.py:161} INFO - Started process (PID=542) to work on /opt/airflow/dags/wired_dag.py
[2026-04-22T00:02:02.433+0000] {processor.py:830} INFO - Processing file /opt/airflow/dags/wired_dag.py for tasks to queue
[2026-04-22T00:02:02.438+0000] {logging_mixin.py:188} INFO - [2026-04-22T00:02:02.438+0000] {dagbag.py:545} INFO - Filling up the DagBag from /opt/airflow/dags/wired_dag.py
[2026-04-22T00:02:02.499+0000] {processor.py:840} INFO - DAG(s) 'wired_pipeline_dag' retrieved from /opt/airflow/dags/wired_dag.py
[2026-04-22T00:02:02.573+0000] {logging_mixin.py:188} INFO - [2026-04-22T00:02:02.573+0000] {dag.py:3096} INFO - Sync 1 DAGs
[2026-04-22T00:02:02.628+0000] {logging_mixin.py:188} INFO - [2026-04-22T00:02:02.628+0000] {dag.py:3954} INFO - Setting next_dagrun for wired_pipeline_dag to 2026-04-22 00:00:00+00:00, run_after=2026-04-23 00:00:00+00:00
[2026-04-22T00:02:02.675+0000] {processor.py:183} INFO - Processing /opt/airflow/dags/wired_dag.py took 0.258 seconds
[2026-04-22T00:02:33.258+0000] {processor.py:161} INFO - Started process (PID=547) to work on /opt/airflow/dags/wired_dag.py
[2026-04-22T00:02:33.261+0000] {processor.py:830} INFO - Processing file /opt/airflow/dags/wired_dag.py for tasks to queue
[2026-04-22T00:02:33.266+0000] {logging_mixin.py:188} INFO - [2026-04-22T00:02:33.265+0000] {dagbag.py:545} INFO - Filling up the DagBag from /opt/airflow/dags/wired_dag.py
[2026-04-22T00:02:33.322+0000] {processor.py:840} INFO - DAG(s) 'wired_pipeline_dag' retrieved from /opt/airflow/dags/wired_dag.py
[2026-04-22T00:02:33.403+0000] {logging_mixin.py:188} INFO - [2026-04-22T00:02:33.403+0000] {dag.py:3096} INFO - Sync 1 DAGs
[2026-04-22T00:02:33.458+0000] {logging_mixin.py:188} INFO - [2026-04-22T00:02:33.458+0000] {dag.py:3954} INFO - Setting next_dagrun for wired_pipeline_dag to 2026-04-22 00:00:00+00:00, run_after=2026-04-23 00:00:00+00:00
[2026-04-22T00:02:33.520+0000] {processor.py:183} INFO - Processing /opt/airflow/dags/wired_dag.py took 0.275 seconds
[2026-04-22T00:03:04.314+0000] {processor.py:161} INFO - Started process (PID=552) to work on /opt/airflow/dags/wired_dag.py
[2026-04-22T00:03:04.317+0000] {processor.py:830} INFO - Processing file /opt/airflow/dags/wired_dag.py for tasks to queue
[2026-04-22T00:03:04.323+0000] {logging_mixin.py:188} INFO - [2026-04-22T00:03:04.322+0000] {dagbag.py:545} INFO - Filling up the DagBag from /opt/airflow/dags/wired_dag.py
[2026-04-22T00:03:04.397+0000] {processor.py:840} INFO - DAG(s) 'wired_pipeline_dag' retrieved from /opt/airflow/dags/wired_dag.py
[2026-04-22T00:03:04.492+0000] {logging_mixin.py:188} INFO - [2026-04-22T00:03:04.492+0000] {dag.py:3096} INFO - Sync 1 DAGs
[2026-04-22T00:03:04.578+0000] {logging_mixin.py:188} INFO - [2026-04-22T00:03:04.577+0000] {dag.py:3954} INFO - Setting next_dagrun for wired_pipeline_dag to 2026-04-22 00:00:00+00:00, run_after=2026-04-23 00:00:00+00:00
[2026-04-22T00:03:04.626+0000] {processor.py:183} INFO - Processing /opt/airflow/dags/wired_dag.py took 0.330 seconds
[2026-04-22T00:03:35.366+0000] {processor.py:161} INFO - Started process (PID=557) to work on /opt/airflow/dags/wired_dag.py
[2026-04-22T00:03:35.369+0000] {processor.py:830} INFO - Processing file /opt/airflow/dags/wired_dag.py for tasks to queue
[2026-04-22T00:03:35.373+0000] {logging_mixin.py:188} INFO - [2026-04-22T00:03:35.373+0000] {dagbag.py:545} INFO - Filling up the DagBag from /opt/airflow/dags/wired_dag.py
[2026-04-22T00:03:35.439+0000] {processor.py:840} INFO - DAG(s) 'wired_pipeline_dag' retrieved from /opt/airflow/dags/wired_dag.py
[2026-04-22T00:03:35.510+0000] {logging_mixin.py:188} INFO - [2026-04-22T00:03:35.509+0000] {dag.py:3096} INFO - Sync 1 DAGs
[2026-04-22T00:03:35.561+0000] {logging_mixin.py:188} INFO - [2026-04-22T00:03:35.561+0000] {dag.py:3954} INFO - Setting next_dagrun for wired_pipeline_dag to 2026-04-22 00:00:00+00:00, run_after=2026-04-23 00:00:00+00:00
[2026-04-22T00:03:35.649+0000] {processor.py:183} INFO - Processing /opt/airflow/dags/wired_dag.py took 0.298 seconds
[2026-04-22T00:04:06.524+0000] {processor.py:161} INFO - Started process (PID=562) to work on /opt/airflow/dags/wired_dag.py
[2026-04-22T00:04:06.525+0000] {processor.py:830} INFO - Processing file /opt/airflow/dags/wired_dag.py for tasks to queue
[2026-04-22T00:04:06.529+0000] {logging_mixin.py:188} INFO - [2026-04-22T00:04:06.528+0000] {dagbag.py:545} INFO - Filling up the DagBag from /opt/airflow/dags/wired_dag.py
[2026-04-22T00:04:06.577+0000] {processor.py:840} INFO - DAG(s) 'wired_pipeline_dag' retrieved from /opt/airflow/dags/wired_dag.py
[2026-04-22T00:04:06.637+0000] {logging_mixin.py:188} INFO - [2026-04-22T00:04:06.637+0000] {dag.py:3096} INFO - Sync 1 DAGs
[2026-04-22T00:04:06.688+0000] {logging_mixin.py:188} INFO - [2026-04-22T00:04:06.688+0000] {dag.py:3954} INFO - Setting next_dagrun for wired_pipeline_dag to 2026-04-22 00:00:00+00:00, run_after=2026-04-23 00:00:00+00:00
[2026-04-22T00:04:06.732+0000] {processor.py:183} INFO - Processing /opt/airflow/dags/wired_dag.py took 0.219 seconds
[2026-04-22T00:04:37.568+0000] {processor.py:161} INFO - Started process (PID=567) to work on /opt/airflow/dags/wired_dag.py
[2026-04-22T00:04:37.570+0000] {processor.py:830} INFO - Processing file /opt/airflow/dags/wired_dag.py for tasks to queue
[2026-04-22T00:04:37.575+0000] {logging_mixin.py:188} INFO - [2026-04-22T00:04:37.574+0000] {dagbag.py:545} INFO - Filling up the DagBag from /opt/airflow/dags/wired_dag.py
[2026-04-22T00:04:37.624+0000] {processor.py:840} INFO - DAG(s) 'wired_pipeline_dag' retrieved from /opt/airflow/dags/wired_dag.py
[2026-04-22T00:04:37.684+0000] {logging_mixin.py:188} INFO - [2026-04-22T00:04:37.683+0000] {dag.py:3096} INFO - Sync 1 DAGs
[2026-04-22T00:04:37.736+0000] {logging_mixin.py:188} INFO - [2026-04-22T00:04:37.735+0000] {dag.py:3954} INFO - Setting next_dagrun for wired_pipeline_dag to 2026-04-22 00:00:00+00:00, run_after=2026-04-23 00:00:00+00:00
[2026-04-22T00:04:37.777+0000] {processor.py:183} INFO - Processing /opt/airflow/dags/wired_dag.py took 0.222 seconds
[2026-04-22T00:05:08.024+0000] {processor.py:161} INFO - Started process (PID=572) to work on /opt/airflow/dags/wired_dag.py
[2026-04-22T00:05:08.029+0000] {processor.py:830} INFO - Processing file /opt/airflow/dags/wired_dag.py for tasks to queue
[2026-04-22T00:05:08.037+0000] {logging_mixin.py:188} INFO - [2026-04-22T00:05:08.035+0000] {dagbag.py:545} INFO - Filling up the DagBag from /opt/airflow/dags/wired_dag.py
[2026-04-22T00:05:08.151+0000] {processor.py:840} INFO - DAG(s) 'wired_pipeline_dag' retrieved from /opt/airflow/dags/wired_dag.py
[2026-04-22T00:05:08.263+0000] {logging_mixin.py:188} INFO - [2026-04-22T00:05:08.263+0000] {dag.py:3096} INFO - Sync 1 DAGs
[2026-04-22T00:05:08.322+0000] {logging_mixin.py:188} INFO - [2026-04-22T00:05:08.322+0000] {dag.py:3954} INFO - Setting next_dagrun for wired_pipeline_dag to 2026-04-22 00:00:00+00:00, run_after=2026-04-23 00:00:00+00:00
[2026-04-22T00:05:08.369+0000] {processor.py:183} INFO - Processing /opt/airflow/dags/wired_dag.py took 0.361 seconds
[2026-04-22T00:05:39.167+0000] {processor.py:161} INFO - Started process (PID=577) to work on /opt/airflow/dags/wired_dag.py
[2026-04-22T00:05:39.169+0000] {processor.py:830} INFO - Processing file /opt/airflow/dags/wired_dag.py for tasks to queue
[2026-04-22T00:05:39.174+0000] {logging_mixin.py:188} INFO - [2026-04-22T00:05:39.173+0000] {dagbag.py:545} INFO - Filling up the DagBag from /opt/airflow/dags/wired_dag.py
[2026-04-22T00:05:39.222+0000] {processor.py:840} INFO - DAG(s) 'wired_pipeline_dag' retrieved from /opt/airflow/dags/wired_dag.py
[2026-04-22T00:05:39.282+0000] {logging_mixin.py:188} INFO - [2026-04-22T00:05:39.282+0000] {dag.py:3096} INFO - Sync 1 DAGs
[2026-04-22T00:05:39.326+0000] {logging_mixin.py:188} INFO - [2026-04-22T00:05:39.326+0000] {dag.py:3954} INFO - Setting next_dagrun for wired_pipeline_dag to 2026-04-22 00:00:00+00:00, run_after=2026-04-23 00:00:00+00:00
[2026-04-22T00:05:39.365+0000] {processor.py:183} INFO - Processing /opt/airflow/dags/wired_dag.py took 0.213 seconds
[2026-04-22T00:06:10.012+0000] {processor.py:161} INFO - Started process (PID=582) to work on /opt/airflow/dags/wired_dag.py
[2026-04-22T00:06:10.015+0000] {processor.py:830} INFO - Processing file /opt/airflow/dags/wired_dag.py for tasks to queue
[2026-04-22T00:06:10.019+0000] {logging_mixin.py:188} INFO - [2026-04-22T00:06:10.019+0000] {dagbag.py:545} INFO - Filling up the DagBag from /opt/airflow/dags/wired_dag.py
[2026-04-22T00:06:10.076+0000] {processor.py:840} INFO - DAG(s) 'wired_pipeline_dag' retrieved from /opt/airflow/dags/wired_dag.py
[2026-04-22T00:06:10.143+0000] {logging_mixin.py:188} INFO - [2026-04-22T00:06:10.142+0000] {dag.py:3096} INFO - Sync 1 DAGs
[2026-04-22T00:06:10.194+0000] {logging_mixin.py:188} INFO - [2026-04-22T00:06:10.193+0000] {dag.py:3954} INFO - Setting next_dagrun for wired_pipeline_dag to 2026-04-22 00:00:00+00:00, run_after=2026-04-23 00:00:00+00:00
[2026-04-22T00:06:10.237+0000] {processor.py:183} INFO - Processing /opt/airflow/dags/wired_dag.py took 0.236 seconds
[2026-04-22T00:06:41.220+0000] {processor.py:161} INFO - Started process (PID=587) to work on /opt/airflow/dags/wired_dag.py
[2026-04-22T00:06:41.222+0000] {processor.py:830} INFO - Processing file /opt/airflow/dags/wired_dag.py for tasks to queue
[2026-04-22T00:06:41.226+0000] {logging_mixin.py:188} INFO - [2026-04-22T00:06:41.226+0000] {dagbag.py:545} INFO - Filling up the DagBag from /opt/airflow/dags/wired_dag.py
[2026-04-22T00:06:41.272+0000] {processor.py:840} INFO - DAG(s) 'wired_pipeline_dag' retrieved from /opt/airflow/dags/wired_dag.py
[2026-04-22T00:06:41.332+0000] {logging_mixin.py:188} INFO - [2026-04-22T00:06:41.331+0000] {dag.py:3096} INFO - Sync 1 DAGs
[2026-04-22T00:06:41.379+0000] {logging_mixin.py:188} INFO - [2026-04-22T00:06:41.379+0000] {dag.py:3954} INFO - Setting next_dagrun for wired_pipeline_dag to 2026-04-22 00:00:00+00:00, run_after=2026-04-23 00:00:00+00:00
[2026-04-22T00:06:41.419+0000] {processor.py:183} INFO - Processing /opt/airflow/dags/wired_dag.py took 0.213 seconds
[2026-04-22T00:07:11.922+0000] {processor.py:161} INFO - Started process (PID=592) to work on /opt/airflow/dags/wired_dag.py
[2026-04-22T00:07:11.925+0000] {processor.py:830} INFO - Processing file /opt/airflow/dags/wired_dag.py for tasks to queue
[2026-04-22T00:07:11.929+0000] {logging_mixin.py:188} INFO - [2026-04-22T00:07:11.928+0000] {dagbag.py:545} INFO - Filling up the DagBag from /opt/airflow/dags/wired_dag.py
[2026-04-22T00:07:11.976+0000] {processor.py:840} INFO - DAG(s) 'wired_pipeline_dag' retrieved from /opt/airflow/dags/wired_dag.py
[2026-04-22T00:07:12.038+0000] {logging_mixin.py:188} INFO - [2026-04-22T00:07:12.038+0000] {dag.py:3096} INFO - Sync 1 DAGs
[2026-04-22T00:07:12.081+0000] {logging_mixin.py:188} INFO - [2026-04-22T00:07:12.081+0000] {dag.py:3954} INFO - Setting next_dagrun for wired_pipeline_dag to 2026-04-22 00:00:00+00:00, run_after=2026-04-23 00:00:00+00:00
[2026-04-22T00:07:12.114+0000] {processor.py:183} INFO - Processing /opt/airflow/dags/wired_dag.py took 0.210 seconds
[2026-04-22T00:07:42.230+0000] {processor.py:161} INFO - Started process (PID=597) to work on /opt/airflow/dags/wired_dag.py
[2026-04-22T00:07:42.232+0000] {processor.py:830} INFO - Processing file /opt/airflow/dags/wired_dag.py for tasks to queue
[2026-04-22T00:07:42.237+0000] {logging_mixin.py:188} INFO - [2026-04-22T00:07:42.236+0000] {dagbag.py:545} INFO - Filling up the DagBag from /opt/airflow/dags/wired_dag.py
[2026-04-22T00:07:42.287+0000] {processor.py:840} INFO - DAG(s) 'wired_pipeline_dag' retrieved from /opt/airflow/dags/wired_dag.py
[2026-04-22T00:07:42.359+0000] {logging_mixin.py:188} INFO - [2026-04-22T00:07:42.359+0000] {dag.py:3096} INFO - Sync 1 DAGs
[2026-04-22T00:07:42.420+0000] {logging_mixin.py:188} INFO - [2026-04-22T00:07:42.420+0000] {dag.py:3954} INFO - Setting next_dagrun for wired_pipeline_dag to 2026-04-22 00:00:00+00:00, run_after=2026-04-23 00:00:00+00:00
[2026-04-22T00:07:42.472+0000] {processor.py:183} INFO - Processing /opt/airflow/dags/wired_dag.py took 0.256 seconds
[2026-04-22T00:08:13.159+0000] {processor.py:161} INFO - Started process (PID=602) to work on /opt/airflow/dags/wired_dag.py
[2026-04-22T00:08:13.161+0000] {processor.py:830} INFO - Processing file /opt/airflow/dags/wired_dag.py for tasks to queue
[2026-04-22T00:08:13.167+0000] {logging_mixin.py:188} INFO - [2026-04-22T00:08:13.166+0000] {dagbag.py:545} INFO - Filling up the DagBag from /opt/airflow/dags/wired_dag.py
[2026-04-22T00:08:13.228+0000] {processor.py:840} INFO - DAG(s) 'wired_pipeline_dag' retrieved from /opt/airflow/dags/wired_dag.py
[2026-04-22T00:08:13.299+0000] {logging_mixin.py:188} INFO - [2026-04-22T00:08:13.298+0000] {dag.py:3096} INFO - Sync 1 DAGs
[2026-04-22T00:08:13.359+0000] {logging_mixin.py:188} INFO - [2026-04-22T00:08:13.358+0000] {dag.py:3954} INFO - Setting next_dagrun for wired_pipeline_dag to 2026-04-22 00:00:00+00:00, run_after=2026-04-23 00:00:00+00:00
[2026-04-22T00:08:13.411+0000] {processor.py:183} INFO - Processing /opt/airflow/dags/wired_dag.py took 0.269 seconds
[2026-04-22T00:08:43.608+0000] {processor.py:161} INFO - Started process (PID=607) to work on /opt/airflow/dags/wired_dag.py
[2026-04-22T00:08:43.611+0000] {processor.py:830} INFO - Processing file /opt/airflow/dags/wired_dag.py for tasks to queue
[2026-04-22T00:08:43.623+0000] {logging_mixin.py:188} INFO - [2026-04-22T00:08:43.621+0000] {dagbag.py:545} INFO - Filling up the DagBag from /opt/airflow/dags/wired_dag.py
[2026-04-22T00:08:43.685+0000] {processor.py:840} INFO - DAG(s) 'wired_pipeline_dag' retrieved from /opt/airflow/dags/wired_dag.py
[2026-04-22T00:08:43.769+0000] {logging_mixin.py:188} INFO - [2026-04-22T00:08:43.768+0000] {dag.py:3096} INFO - Sync 1 DAGs
[2026-04-22T00:08:43.850+0000] {logging_mixin.py:188} INFO - [2026-04-22T00:08:43.848+0000] {dag.py:3954} INFO - Setting next_dagrun for wired_pipeline_dag to 2026-04-22 00:00:00+00:00, run_after=2026-04-23 00:00:00+00:00
[2026-04-22T00:08:43.910+0000] {processor.py:183} INFO - Processing /opt/airflow/dags/wired_dag.py took 0.343 seconds
[2026-04-22T00:09:14.754+0000] {processor.py:161} INFO - Started process (PID=612) to work on /opt/airflow/dags/wired_dag.py
[2026-04-22T00:09:14.756+0000] {processor.py:830} INFO - Processing file /opt/airflow/dags/wired_dag.py for tasks to queue
[2026-04-22T00:09:14.760+0000] {logging_mixin.py:188} INFO - [2026-04-22T00:09:14.759+0000] {dagbag.py:545} INFO - Filling up the DagBag from /opt/airflow/dags/wired_dag.py
[2026-04-22T00:09:14.814+0000] {processor.py:840} INFO - DAG(s) 'wired_pipeline_dag' retrieved from /opt/airflow/dags/wired_dag.py
[2026-04-22T00:09:14.879+0000] {logging_mixin.py:188} INFO - [2026-04-22T00:09:14.878+0000] {dag.py:3096} INFO - Sync 1 DAGs
[2026-04-22T00:09:14.926+0000] {logging_mixin.py:188} INFO - [2026-04-22T00:09:14.926+0000] {dag.py:3954} INFO - Setting next_dagrun for wired_pipeline_dag to 2026-04-22 00:00:00+00:00, run_after=2026-04-23 00:00:00+00:00
[2026-04-22T00:09:14.967+0000] {processor.py:183} INFO - Processing /opt/airflow/dags/wired_dag.py took 0.228 seconds
[2026-04-22T00:09:45.723+0000] {processor.py:161} INFO - Started process (PID=617) to work on /opt/airflow/dags/wired_dag.py
[2026-04-22T00:09:45.725+0000] {processor.py:830} INFO - Processing file /opt/airflow/dags/wired_dag.py for tasks to queue
[2026-04-22T00:09:45.729+0000] {logging_mixin.py:188} INFO - [2026-04-22T00:09:45.728+0000] {dagbag.py:545} INFO - Filling up the DagBag from /opt/airflow/dags/wired_dag.py
[2026-04-22T00:09:45.807+0000] {processor.py:840} INFO - DAG(s) 'wired_pipeline_dag' retrieved from /opt/airflow/dags/wired_dag.py
[2026-04-22T00:09:45.867+0000] {logging_mixin.py:188} INFO - [2026-04-22T00:09:45.867+0000] {dag.py:3096} INFO - Sync 1 DAGs
[2026-04-22T00:09:45.912+0000] {logging_mixin.py:188} INFO - [2026-04-22T00:09:45.911+0000] {dag.py:3954} INFO - Setting next_dagrun for wired_pipeline_dag to 2026-04-22 00:00:00+00:00, run_after=2026-04-23 00:00:00+00:00
[2026-04-22T00:09:45.951+0000] {processor.py:183} INFO - Processing /opt/airflow/dags/wired_dag.py took 0.240 seconds
[2026-04-22T00:10:16.101+0000] {processor.py:161} INFO - Started process (PID=622) to work on /opt/airflow/dags/wired_dag.py
[2026-04-22T00:10:16.104+0000] {processor.py:830} INFO - Processing file /opt/airflow/dags/wired_dag.py for tasks to queue
[2026-04-22T00:10:16.110+0000] {logging_mixin.py:188} INFO - [2026-04-22T00:10:16.109+0000] {dagbag.py:545} INFO - Filling up the DagBag from /opt/airflow/dags/wired_dag.py
[2026-04-22T00:10:16.174+0000] {processor.py:840} INFO - DAG(s) 'wired_pipeline_dag' retrieved from /opt/airflow/dags/wired_dag.py
[2026-04-22T00:10:16.239+0000] {logging_mixin.py:188} INFO - [2026-04-22T00:10:16.239+0000] {dag.py:3096} INFO - Sync 1 DAGs
[2026-04-22T00:10:16.288+0000] {logging_mixin.py:188} INFO - [2026-04-22T00:10:16.287+0000] {dag.py:3954} INFO - Setting next_dagrun for wired_pipeline_dag to 2026-04-22 00:00:00+00:00, run_after=2026-04-23 00:00:00+00:00
[2026-04-22T00:10:16.325+0000] {processor.py:183} INFO - Processing /opt/airflow/dags/wired_dag.py took 0.248 seconds
[2026-04-22T00:10:47.169+0000] {processor.py:161} INFO - Started process (PID=627) to work on /opt/airflow/dags/wired_dag.py
[2026-04-22T00:10:47.171+0000] {processor.py:830} INFO - Processing file /opt/airflow/dags/wired_dag.py for tasks to queue
[2026-04-22T00:10:47.174+0000] {logging_mixin.py:188} INFO - [2026-04-22T00:10:47.173+0000] {dagbag.py:545} INFO - Filling up the DagBag from /opt/airflow/dags/wired_dag.py
[2026-04-22T00:10:47.221+0000] {processor.py:840} INFO - DAG(s) 'wired_pipeline_dag' retrieved from /opt/airflow/dags/wired_dag.py
[2026-04-22T00:10:47.285+0000] {logging_mixin.py:188} INFO - [2026-04-22T00:10:47.285+0000] {dag.py:3096} INFO - Sync 1 DAGs
[2026-04-22T00:10:47.332+0000] {logging_mixin.py:188} INFO - [2026-04-22T00:10:47.332+0000] {dag.py:3954} INFO - Setting next_dagrun for wired_pipeline_dag to 2026-04-22 00:00:00+00:00, run_after=2026-04-23 00:00:00+00:00
[2026-04-22T00:10:47.369+0000] {processor.py:183} INFO - Processing /opt/airflow/dags/wired_dag.py took 0.211 seconds
[2026-04-22T00:11:17.852+0000] {processor.py:161} INFO - Started process (PID=632) to work on /opt/airflow/dags/wired_dag.py
[2026-04-22T00:11:17.855+0000] {processor.py:830} INFO - Processing file /opt/airflow/dags/wired_dag.py for tasks to queue
[2026-04-22T00:11:17.858+0000] {logging_mixin.py:188} INFO - [2026-04-22T00:11:17.858+0000] {dagbag.py:545} INFO - Filling up the DagBag from /opt/airflow/dags/wired_dag.py
[2026-04-22T00:11:17.902+0000] {processor.py:840} INFO - DAG(s) 'wired_pipeline_dag' retrieved from /opt/airflow/dags/wired_dag.py
[2026-04-22T00:11:17.965+0000] {logging_mixin.py:188} INFO - [2026-04-22T00:11:17.965+0000] {dag.py:3096} INFO - Sync 1 DAGs
[2026-04-22T00:11:18.014+0000] {logging_mixin.py:188} INFO - [2026-04-22T00:11:18.013+0000] {dag.py:3954} INFO - Setting next_dagrun for wired_pipeline_dag to 2026-04-22 00:00:00+00:00, run_after=2026-04-23 00:00:00+00:00
[2026-04-22T00:11:18.051+0000] {processor.py:183} INFO - Processing /opt/airflow/dags/wired_dag.py took 0.212 seconds
[2026-04-22T00:11:48.399+0000] {processor.py:161} INFO - Started process (PID=637) to work on /opt/airflow/dags/wired_dag.py
[2026-04-22T00:11:48.403+0000] {processor.py:830} INFO - Processing file /opt/airflow/dags/wired_dag.py for tasks to queue
[2026-04-22T00:11:48.407+0000] {logging_mixin.py:188} INFO - [2026-04-22T00:11:48.407+0000] {dagbag.py:545} INFO - Filling up the DagBag from /opt/airflow/dags/wired_dag.py
[2026-04-22T00:11:48.467+0000] {processor.py:840} INFO - DAG(s) 'wired_pipeline_dag' retrieved from /opt/airflow/dags/wired_dag.py
[2026-04-22T00:11:48.562+0000] {logging_mixin.py:188} INFO - [2026-04-22T00:11:48.561+0000] {dag.py:3096} INFO - Sync 1 DAGs
[2026-04-22T00:11:48.631+0000] {logging_mixin.py:188} INFO - [2026-04-22T00:11:48.630+0000] {dag.py:3954} INFO - Setting next_dagrun for wired_pipeline_dag to 2026-04-22 00:00:00+00:00, run_after=2026-04-23 00:00:00+00:00
[2026-04-22T00:11:48.687+0000] {processor.py:183} INFO - Processing /opt/airflow/dags/wired_dag.py took 0.304 seconds
[2026-04-22T00:12:19.653+0000] {processor.py:161} INFO - Started process (PID=642) to work on /opt/airflow/dags/wired_dag.py
[2026-04-22T00:12:19.655+0000] {processor.py:830} INFO - Processing file /opt/airflow/dags/wired_dag.py for tasks to queue
[2026-04-22T00:12:19.660+0000] {logging_mixin.py:188} INFO - [2026-04-22T00:12:19.659+0000] {dagbag.py:545} INFO - Filling up the DagBag from /opt/airflow/dags/wired_dag.py
[2026-04-22T00:12:19.709+0000] {processor.py:840} INFO - DAG(s) 'wired_pipeline_dag' retrieved from /opt/airflow/dags/wired_dag.py
[2026-04-22T00:12:19.769+0000] {logging_mixin.py:188} INFO - [2026-04-22T00:12:19.768+0000] {dag.py:3096} INFO - Sync 1 DAGs
[2026-04-22T00:12:19.817+0000] {logging_mixin.py:188} INFO - [2026-04-22T00:12:19.817+0000] {dag.py:3954} INFO - Setting next_dagrun for wired_pipeline_dag to 2026-04-22 00:00:00+00:00, run_after=2026-04-23 00:00:00+00:00
[2026-04-22T00:12:19.854+0000] {processor.py:183} INFO - Processing /opt/airflow/dags/wired_dag.py took 0.214 seconds
[2026-04-22T00:12:50.212+0000] {processor.py:161} INFO - Started process (PID=647) to work on /opt/airflow/dags/wired_dag.py
[2026-04-22T00:12:50.215+0000] {processor.py:830} INFO - Processing file /opt/airflow/dags/wired_dag.py for tasks to queue
[2026-04-22T00:12:50.220+0000] {logging_mixin.py:188} INFO - [2026-04-22T00:12:50.219+0000] {dagbag.py:545} INFO - Filling up the DagBag from /opt/airflow/dags/wired_dag.py
[2026-04-22T00:12:50.277+0000] {processor.py:840} INFO - DAG(s) 'wired_pipeline_dag' retrieved from /opt/airflow/dags/wired_dag.py
[2026-04-22T00:12:50.347+0000] {logging_mixin.py:188} INFO - [2026-04-22T00:12:50.347+0000] {dag.py:3096} INFO - Sync 1 DAGs
[2026-04-22T00:12:50.402+0000] {logging_mixin.py:188} INFO - [2026-04-22T00:12:50.401+0000] {dag.py:3954} INFO - Setting next_dagrun for wired_pipeline_dag to 2026-04-22 00:00:00+00:00, run_after=2026-04-23 00:00:00+00:00
[2026-04-22T00:12:50.446+0000] {processor.py:183} INFO - Processing /opt/airflow/dags/wired_dag.py took 0.249 seconds
[2026-04-22T00:13:21.036+0000] {processor.py:161} INFO - Started process (PID=652) to work on /opt/airflow/dags/wired_dag.py
[2026-04-22T00:13:21.037+0000] {processor.py:830} INFO - Processing file /opt/airflow/dags/wired_dag.py for tasks to queue
[2026-04-22T00:13:21.042+0000] {logging_mixin.py:188} INFO - [2026-04-22T00:13:21.041+0000] {dagbag.py:545} INFO - Filling up the DagBag from /opt/airflow/dags/wired_dag.py
[2026-04-22T00:13:21.091+0000] {processor.py:840} INFO - DAG(s) 'wired_pipeline_dag' retrieved from /opt/airflow/dags/wired_dag.py
[2026-04-22T00:13:21.156+0000] {logging_mixin.py:188} INFO - [2026-04-22T00:13:21.156+0000] {dag.py:3096} INFO - Sync 1 DAGs
[2026-04-22T00:13:21.204+0000] {logging_mixin.py:188} INFO - [2026-04-22T00:13:21.204+0000] {dag.py:3954} INFO - Setting next_dagrun for wired_pipeline_dag to 2026-04-22 00:00:00+00:00, run_after=2026-04-23 00:00:00+00:00
[2026-04-22T00:13:21.241+0000] {processor.py:183} INFO - Processing /opt/airflow/dags/wired_dag.py took 0.220 seconds
[2026-04-22T00:13:51.452+0000] {processor.py:161} INFO - Started process (PID=657) to work on /opt/airflow/dags/wired_dag.py
[2026-04-22T00:13:51.455+0000] {processor.py:830} INFO - Processing file /opt/airflow/dags/wired_dag.py for tasks to queue
[2026-04-22T00:13:51.460+0000] {logging_mixin.py:188} INFO - [2026-04-22T00:13:51.459+0000] {dagbag.py:545} INFO - Filling up the DagBag from /opt/airflow/dags/wired_dag.py
[2026-04-22T00:13:51.516+0000] {processor.py:840} INFO - DAG(s) 'wired_pipeline_dag' retrieved from /opt/airflow/dags/wired_dag.py
[2026-04-22T00:13:51.583+0000] {logging_mixin.py:188} INFO - [2026-04-22T00:13:51.582+0000] {dag.py:3096} INFO - Sync 1 DAGs
[2026-04-22T00:13:51.640+0000] {logging_mixin.py:188} INFO - [2026-04-22T00:13:51.640+0000] {dag.py:3954} INFO - Setting next_dagrun for wired_pipeline_dag to 2026-04-22 00:00:00+00:00, run_after=2026-04-23 00:00:00+00:00
[2026-04-22T00:13:51.681+0000] {processor.py:183} INFO - Processing /opt/airflow/dags/wired_dag.py took 0.242 seconds
[2026-04-22T00:14:22.513+0000] {processor.py:161} INFO - Started process (PID=662) to work on /opt/airflow/dags/wired_dag.py
[2026-04-22T00:14:22.516+0000] {processor.py:830} INFO - Processing file /opt/airflow/dags/wired_dag.py for tasks to queue
[2026-04-22T00:14:22.522+0000] {logging_mixin.py:188} INFO - [2026-04-22T00:14:22.521+0000] {dagbag.py:545} INFO - Filling up the DagBag from /opt/airflow/dags/wired_dag.py
[2026-04-22T00:14:22.586+0000] {processor.py:840} INFO - DAG(s) 'wired_pipeline_dag' retrieved from /opt/airflow/dags/wired_dag.py
[2026-04-22T00:14:22.661+0000] {logging_mixin.py:188} INFO - [2026-04-22T00:14:22.661+0000] {dag.py:3096} INFO - Sync 1 DAGs
[2026-04-22T00:14:22.720+0000] {logging_mixin.py:188} INFO - [2026-04-22T00:14:22.720+0000] {dag.py:3954} INFO - Setting next_dagrun for wired_pipeline_dag to 2026-04-22 00:00:00+00:00, run_after=2026-04-23 00:00:00+00:00
[2026-04-22T00:14:22.759+0000] {processor.py:183} INFO - Processing /opt/airflow/dags/wired_dag.py took 0.265 seconds
[2026-04-22T00:14:53.366+0000] {processor.py:161} INFO - Started process (PID=667) to work on /opt/airflow/dags/wired_dag.py
[2026-04-22T00:14:53.368+0000] {processor.py:830} INFO - Processing file /opt/airflow/dags/wired_dag.py for tasks to queue
[2026-04-22T00:14:53.372+0000] {logging_mixin.py:188} INFO - [2026-04-22T00:14:53.372+0000] {dagbag.py:545} INFO - Filling up the DagBag from /opt/airflow/dags/wired_dag.py
[2026-04-22T00:14:53.423+0000] {processor.py:840} INFO - DAG(s) 'wired_pipeline_dag' retrieved from /opt/airflow/dags/wired_dag.py
[2026-04-22T00:14:53.490+0000] {logging_mixin.py:188} INFO - [2026-04-22T00:14:53.489+0000] {dag.py:3096} INFO - Sync 1 DAGs
[2026-04-22T00:14:53.535+0000] {logging_mixin.py:188} INFO - [2026-04-22T00:14:53.535+0000] {dag.py:3954} INFO - Setting next_dagrun for wired_pipeline_dag to 2026-04-22 00:00:00+00:00, run_after=2026-04-23 00:00:00+00:00
[2026-04-22T00:14:53.574+0000] {processor.py:183} INFO - Processing /opt/airflow/dags/wired_dag.py took 0.219 seconds
[2026-04-22T00:15:23.680+0000] {processor.py:161} INFO - Started process (PID=672) to work on /opt/airflow/dags/wired_dag.py
[2026-04-22T00:15:23.682+0000] {processor.py:830} INFO - Processing file /opt/airflow/dags/wired_dag.py for tasks to queue
[2026-04-22T00:15:23.687+0000] {logging_mixin.py:188} INFO - [2026-04-22T00:15:23.686+0000] {dagbag.py:545} INFO - Filling up the DagBag from /opt/airflow/dags/wired_dag.py
[2026-04-22T00:15:23.736+0000] {processor.py:840} INFO - DAG(s) 'wired_pipeline_dag' retrieved from /opt/airflow/dags/wired_dag.py
[2026-04-22T00:15:23.798+0000] {logging_mixin.py:188} INFO - [2026-04-22T00:15:23.798+0000] {dag.py:3096} INFO - Sync 1 DAGs
[2026-04-22T00:15:23.847+0000] {logging_mixin.py:188} INFO - [2026-04-22T00:15:23.847+0000] {dag.py:3954} INFO - Setting next_dagrun for wired_pipeline_dag to 2026-04-22 00:00:00+00:00, run_after=2026-04-23 00:00:00+00:00
[2026-04-22T00:15:23.884+0000] {processor.py:183} INFO - Processing /opt/airflow/dags/wired_dag.py took 0.218 seconds
[2026-04-22T00:15:54.583+0000] {processor.py:161} INFO - Started process (PID=677) to work on /opt/airflow/dags/wired_dag.py
[2026-04-22T00:15:54.586+0000] {processor.py:830} INFO - Processing file /opt/airflow/dags/wired_dag.py for tasks to queue
[2026-04-22T00:15:54.591+0000] {logging_mixin.py:188} INFO - [2026-04-22T00:15:54.590+0000] {dagbag.py:545} INFO - Filling up the DagBag from /opt/airflow/dags/wired_dag.py
[2026-04-22T00:15:54.655+0000] {processor.py:840} INFO - DAG(s) 'wired_pipeline_dag' retrieved from /opt/airflow/dags/wired_dag.py
[2026-04-22T00:15:54.724+0000] {logging_mixin.py:188} INFO - [2026-04-22T00:15:54.724+0000] {dag.py:3096} INFO - Sync 1 DAGs
[2026-04-22T00:15:54.767+0000] {logging_mixin.py:188} INFO - [2026-04-22T00:15:54.767+0000] {dag.py:3954} INFO - Setting next_dagrun for wired_pipeline_dag to 2026-04-22 00:00:00+00:00, run_after=2026-04-23 00:00:00+00:00
[2026-04-22T00:15:54.813+0000] {processor.py:183} INFO - Processing /opt/airflow/dags/wired_dag.py took 0.243 seconds
[2026-04-22T00:16:25.441+0000] {processor.py:161} INFO - Started process (PID=682) to work on /opt/airflow/dags/wired_dag.py
[2026-04-22T00:16:25.443+0000] {processor.py:830} INFO - Processing file /opt/airflow/dags/wired_dag.py for tasks to queue
[2026-04-22T00:16:25.447+0000] {logging_mixin.py:188} INFO - [2026-04-22T00:16:25.447+0000] {dagbag.py:545} INFO - Filling up the DagBag from /opt/airflow/dags/wired_dag.py
[2026-04-22T00:16:25.497+0000] {processor.py:840} INFO - DAG(s) 'wired_pipeline_dag' retrieved from /opt/airflow/dags/wired_dag.py
[2026-04-22T00:16:25.566+0000] {logging_mixin.py:188} INFO - [2026-04-22T00:16:25.566+0000] {dag.py:3096} INFO - Sync 1 DAGs
[2026-04-22T00:16:25.624+0000] {logging_mixin.py:188} INFO - [2026-04-22T00:16:25.623+0000] {dag.py:3954} INFO - Setting next_dagrun for wired_pipeline_dag to 2026-04-22 00:00:00+00:00, run_after=2026-04-23 00:00:00+00:00
[2026-04-22T00:16:25.681+0000] {processor.py:183} INFO - Processing /opt/airflow/dags/wired_dag.py took 0.252 seconds
[2026-04-22T00:16:55.907+0000] {processor.py:161} INFO - Started process (PID=687) to work on /opt/airflow/dags/wired_dag.py
[2026-04-22T00:16:55.909+0000] {processor.py:830} INFO - Processing file /opt/airflow/dags/wired_dag.py for tasks to queue
[2026-04-22T00:16:55.913+0000] {logging_mixin.py:188} INFO - [2026-04-22T00:16:55.912+0000] {dagbag.py:545} INFO - Filling up the DagBag from /opt/airflow/dags/wired_dag.py
[2026-04-22T00:16:55.964+0000] {processor.py:840} INFO - DAG(s) 'wired_pipeline_dag' retrieved from /opt/airflow/dags/wired_dag.py
[2026-04-22T00:16:56.029+0000] {logging_mixin.py:188} INFO - [2026-04-22T00:16:56.028+0000] {dag.py:3096} INFO - Sync 1 DAGs
[2026-04-22T00:16:56.076+0000] {logging_mixin.py:188} INFO - [2026-04-22T00:16:56.076+0000] {dag.py:3954} INFO - Setting next_dagrun for wired_pipeline_dag to 2026-04-22 00:00:00+00:00, run_after=2026-04-23 00:00:00+00:00
[2026-04-22T00:16:56.113+0000] {processor.py:183} INFO - Processing /opt/airflow/dags/wired_dag.py took 0.218 seconds
[2026-04-22T00:17:26.856+0000] {processor.py:161} INFO - Started process (PID=692) to work on /opt/airflow/dags/wired_dag.py
[2026-04-22T00:17:26.859+0000] {processor.py:830} INFO - Processing file /opt/airflow/dags/wired_dag.py for tasks to queue
[2026-04-22T00:17:26.864+0000] {logging_mixin.py:188} INFO - [2026-04-22T00:17:26.863+0000] {dagbag.py:545} INFO - Filling up the DagBag from /opt/airflow/dags/wired_dag.py
[2026-04-22T00:17:26.916+0000] {processor.py:840} INFO - DAG(s) 'wired_pipeline_dag' retrieved from /opt/airflow/dags/wired_dag.py
[2026-04-22T00:17:26.977+0000] {logging_mixin.py:188} INFO - [2026-04-22T00:17:26.977+0000] {dag.py:3096} INFO - Sync 1 DAGs
[2026-04-22T00:17:27.023+0000] {logging_mixin.py:188} INFO - [2026-04-22T00:17:27.023+0000] {dag.py:3954} INFO - Setting next_dagrun for wired_pipeline_dag to 2026-04-22 00:00:00+00:00, run_after=2026-04-23 00:00:00+00:00
[2026-04-22T00:17:27.057+0000] {processor.py:183} INFO - Processing /opt/airflow/dags/wired_dag.py took 0.217 seconds
[2026-04-22T00:17:57.750+0000] {processor.py:161} INFO - Started process (PID=697) to work on /opt/airflow/dags/wired_dag.py
[2026-04-22T00:17:57.752+0000] {processor.py:830} INFO - Processing file /opt/airflow/dags/wired_dag.py for tasks to queue
[2026-04-22T00:17:57.756+0000] {logging_mixin.py:188} INFO - [2026-04-22T00:17:57.755+0000] {dagbag.py:545} INFO - Filling up the DagBag from /opt/airflow/dags/wired_dag.py
[2026-04-22T00:17:57.806+0000] {processor.py:840} INFO - DAG(s) 'wired_pipeline_dag' retrieved from /opt/airflow/dags/wired_dag.py
[2026-04-22T00:17:57.874+0000] {logging_mixin.py:188} INFO - [2026-04-22T00:17:57.874+0000] {dag.py:3096} INFO - Sync 1 DAGs
[2026-04-22T00:17:57.925+0000] {logging_mixin.py:188} INFO - [2026-04-22T00:17:57.925+0000] {dag.py:3954} INFO - Setting next_dagrun for wired_pipeline_dag to 2026-04-22 00:00:00+00:00, run_after=2026-04-23 00:00:00+00:00
[2026-04-22T00:17:57.969+0000] {processor.py:183} INFO - Processing /opt/airflow/dags/wired_dag.py took 0.233 seconds
[2026-04-22T00:18:28.884+0000] {processor.py:161} INFO - Started process (PID=702) to work on /opt/airflow/dags/wired_dag.py
[2026-04-22T00:18:28.887+0000] {processor.py:830} INFO - Processing file /opt/airflow/dags/wired_dag.py for tasks to queue
[2026-04-22T00:18:28.891+0000] {logging_mixin.py:188} INFO - [2026-04-22T00:18:28.891+0000] {dagbag.py:545} INFO - Filling up the DagBag from /opt/airflow/dags/wired_dag.py
[2026-04-22T00:18:28.947+0000] {processor.py:840} INFO - DAG(s) 'wired_pipeline_dag' retrieved from /opt/airflow/dags/wired_dag.py
[2026-04-22T00:18:29.013+0000] {logging_mixin.py:188} INFO - [2026-04-22T00:18:29.012+0000] {dag.py:3096} INFO - Sync 1 DAGs
[2026-04-22T00:18:29.069+0000] {logging_mixin.py:188} INFO - [2026-04-22T00:18:29.068+0000] {dag.py:3954} INFO - Setting next_dagrun for wired_pipeline_dag to 2026-04-22 00:00:00+00:00, run_after=2026-04-23 00:00:00+00:00
[2026-04-22T00:18:29.115+0000] {processor.py:183} INFO - Processing /opt/airflow/dags/wired_dag.py took 0.247 seconds
[2026-04-22T00:18:59.941+0000] {processor.py:161} INFO - Started process (PID=707) to work on /opt/airflow/dags/wired_dag.py
[2026-04-22T00:18:59.943+0000] {processor.py:830} INFO - Processing file /opt/airflow/dags/wired_dag.py for tasks to queue
[2026-04-22T00:18:59.946+0000] {logging_mixin.py:188} INFO - [2026-04-22T00:18:59.946+0000] {dagbag.py:545} INFO - Filling up the DagBag from /opt/airflow/dags/wired_dag.py
[2026-04-22T00:18:59.996+0000] {processor.py:840} INFO - DAG(s) 'wired_pipeline_dag' retrieved from /opt/airflow/dags/wired_dag.py
[2026-04-22T00:19:00.060+0000] {logging_mixin.py:188} INFO - [2026-04-22T00:19:00.060+0000] {dag.py:3096} INFO - Sync 1 DAGs
[2026-04-22T00:19:00.104+0000] {logging_mixin.py:188} INFO - [2026-04-22T00:19:00.103+0000] {dag.py:3954} INFO - Setting next_dagrun for wired_pipeline_dag to 2026-04-22 00:00:00+00:00, run_after=2026-04-23 00:00:00+00:00
[2026-04-22T00:19:00.141+0000] {processor.py:183} INFO - Processing /opt/airflow/dags/wired_dag.py took 0.210 seconds
[2026-04-22T00:19:30.258+0000] {processor.py:161} INFO - Started process (PID=712) to work on /opt/airflow/dags/wired_dag.py
[2026-04-22T00:19:30.260+0000] {processor.py:830} INFO - Processing file /opt/airflow/dags/wired_dag.py for tasks to queue
[2026-04-22T00:19:30.265+0000] {logging_mixin.py:188} INFO - [2026-04-22T00:19:30.264+0000] {dagbag.py:545} INFO - Filling up the DagBag from /opt/airflow/dags/wired_dag.py
[2026-04-22T00:19:30.312+0000] {processor.py:840} INFO - DAG(s) 'wired_pipeline_dag' retrieved from /opt/airflow/dags/wired_dag.py
[2026-04-22T00:19:30.370+0000] {logging_mixin.py:188} INFO - [2026-04-22T00:19:30.370+0000] {dag.py:3096} INFO - Sync 1 DAGs
[2026-04-22T00:19:30.416+0000] {logging_mixin.py:188} INFO - [2026-04-22T00:19:30.416+0000] {dag.py:3954} INFO - Setting next_dagrun for wired_pipeline_dag to 2026-04-22 00:00:00+00:00, run_after=2026-04-23 00:00:00+00:00
[2026-04-22T00:19:30.450+0000] {processor.py:183} INFO - Processing /opt/airflow/dags/wired_dag.py took 0.205 seconds
[2026-04-22T00:20:01.479+0000] {processor.py:161} INFO - Started process (PID=717) to work on /opt/airflow/dags/wired_dag.py
[2026-04-22T00:20:01.483+0000] {processor.py:830} INFO - Processing file /opt/airflow/dags/wired_dag.py for tasks to queue
[2026-04-22T00:20:01.488+0000] {logging_mixin.py:188} INFO - [2026-04-22T00:20:01.487+0000] {dagbag.py:545} INFO - Filling up the DagBag from /opt/airflow/dags/wired_dag.py
[2026-04-22T00:20:01.536+0000] {processor.py:840} INFO - DAG(s) 'wired_pipeline_dag' retrieved from /opt/airflow/dags/wired_dag.py
[2026-04-22T00:20:01.605+0000] {logging_mixin.py:188} INFO - [2026-04-22T00:20:01.604+0000] {dag.py:3096} INFO - Sync 1 DAGs
[2026-04-22T00:20:01.655+0000] {logging_mixin.py:188} INFO - [2026-04-22T00:20:01.655+0000] {dag.py:3954} INFO - Setting next_dagrun for wired_pipeline_dag to 2026-04-22 00:00:00+00:00, run_after=2026-04-23 00:00:00+00:00
[2026-04-22T00:20:01.701+0000] {processor.py:183} INFO - Processing /opt/airflow/dags/wired_dag.py took 0.235 seconds
[2026-04-22T00:20:32.004+0000] {processor.py:161} INFO - Started process (PID=722) to work on /opt/airflow/dags/wired_dag.py
[2026-04-22T00:20:32.006+0000] {processor.py:830} INFO - Processing file /opt/airflow/dags/wired_dag.py for tasks to queue
[2026-04-22T00:20:32.011+0000] {logging_mixin.py:188} INFO - [2026-04-22T00:20:32.010+0000] {dagbag.py:545} INFO - Filling up the DagBag from /opt/airflow/dags/wired_dag.py
[2026-04-22T00:20:32.068+0000] {processor.py:840} INFO - DAG(s) 'wired_pipeline_dag' retrieved from /opt/airflow/dags/wired_dag.py
[2026-04-22T00:20:32.130+0000] {logging_mixin.py:188} INFO - [2026-04-22T00:20:32.130+0000] {dag.py:3096} INFO - Sync 1 DAGs
[2026-04-22T00:20:32.212+0000] {logging_mixin.py:188} INFO - [2026-04-22T00:20:32.211+0000] {dag.py:3954} INFO - Setting next_dagrun for wired_pipeline_dag to 2026-04-22 00:00:00+00:00, run_after=2026-04-23 00:00:00+00:00
[2026-04-22T00:20:32.269+0000] {processor.py:183} INFO - Processing /opt/airflow/dags/wired_dag.py took 0.276 seconds
[2026-04-22T00:21:02.865+0000] {processor.py:161} INFO - Started process (PID=727) to work on /opt/airflow/dags/wired_dag.py
[2026-04-22T00:21:02.868+0000] {processor.py:830} INFO - Processing file /opt/airflow/dags/wired_dag.py for tasks to queue
[2026-04-22T00:21:02.872+0000] {logging_mixin.py:188} INFO - [2026-04-22T00:21:02.871+0000] {dagbag.py:545} INFO - Filling up the DagBag from /opt/airflow/dags/wired_dag.py
[2026-04-22T00:21:02.922+0000] {processor.py:840} INFO - DAG(s) 'wired_pipeline_dag' retrieved from /opt/airflow/dags/wired_dag.py
[2026-04-22T00:21:02.999+0000] {logging_mixin.py:188} INFO - [2026-04-22T00:21:02.999+0000] {dag.py:3096} INFO - Sync 1 DAGs
[2026-04-22T00:21:03.070+0000] {logging_mixin.py:188} INFO - [2026-04-22T00:21:03.070+0000] {dag.py:3954} INFO - Setting next_dagrun for wired_pipeline_dag to 2026-04-22 00:00:00+00:00, run_after=2026-04-23 00:00:00+00:00
[2026-04-22T00:21:03.127+0000] {processor.py:183} INFO - Processing /opt/airflow/dags/wired_dag.py took 0.275 seconds
[2026-04-22T00:21:34.040+0000] {processor.py:161} INFO - Started process (PID=732) to work on /opt/airflow/dags/wired_dag.py
[2026-04-22T00:21:34.044+0000] {processor.py:830} INFO - Processing file /opt/airflow/dags/wired_dag.py for tasks to queue
[2026-04-22T00:21:34.050+0000] {logging_mixin.py:188} INFO - [2026-04-22T00:21:34.049+0000] {dagbag.py:545} INFO - Filling up the DagBag from /opt/airflow/dags/wired_dag.py
[2026-04-22T00:21:34.123+0000] {processor.py:840} INFO - DAG(s) 'wired_pipeline_dag' retrieved from /opt/airflow/dags/wired_dag.py
[2026-04-22T00:21:34.211+0000] {logging_mixin.py:188} INFO - [2026-04-22T00:21:34.210+0000] {dag.py:3096} INFO - Sync 1 DAGs
[2026-04-22T00:21:34.265+0000] {logging_mixin.py:188} INFO - [2026-04-22T00:21:34.265+0000] {dag.py:3954} INFO - Setting next_dagrun for wired_pipeline_dag to 2026-04-22 00:00:00+00:00, run_after=2026-04-23 00:00:00+00:00
[2026-04-22T00:21:34.315+0000] {processor.py:183} INFO - Processing /opt/airflow/dags/wired_dag.py took 0.295 seconds
[2026-04-22T00:22:05.248+0000] {processor.py:161} INFO - Started process (PID=737) to work on /opt/airflow/dags/wired_dag.py
[2026-04-22T00:22:05.250+0000] {processor.py:830} INFO - Processing file /opt/airflow/dags/wired_dag.py for tasks to queue
[2026-04-22T00:22:05.255+0000] {logging_mixin.py:188} INFO - [2026-04-22T00:22:05.255+0000] {dagbag.py:545} INFO - Filling up the DagBag from /opt/airflow/dags/wired_dag.py
[2026-04-22T00:22:05.322+0000] {processor.py:840} INFO - DAG(s) 'wired_pipeline_dag' retrieved from /opt/airflow/dags/wired_dag.py
[2026-04-22T00:22:05.391+0000] {logging_mixin.py:188} INFO - [2026-04-22T00:22:05.390+0000] {dag.py:3096} INFO - Sync 1 DAGs
[2026-04-22T00:22:05.453+0000] {logging_mixin.py:188} INFO - [2026-04-22T00:22:05.452+0000] {dag.py:3954} INFO - Setting next_dagrun for wired_pipeline_dag to 2026-04-22 00:00:00+00:00, run_after=2026-04-23 00:00:00+00:00
[2026-04-22T00:22:05.504+0000] {processor.py:183} INFO - Processing /opt/airflow/dags/wired_dag.py took 0.272 seconds
[2026-04-22T00:22:36.353+0000] {processor.py:161} INFO - Started process (PID=742) to work on /opt/airflow/dags/wired_dag.py
[2026-04-22T00:22:36.357+0000] {processor.py:830} INFO - Processing file /opt/airflow/dags/wired_dag.py for tasks to queue
[2026-04-22T00:22:36.362+0000] {logging_mixin.py:188} INFO - [2026-04-22T00:22:36.361+0000] {dagbag.py:545} INFO - Filling up the DagBag from /opt/airflow/dags/wired_dag.py
[2026-04-22T00:22:36.431+0000] {processor.py:840} INFO - DAG(s) 'wired_pipeline_dag' retrieved from /opt/airflow/dags/wired_dag.py
[2026-04-22T00:22:36.519+0000] {logging_mixin.py:188} INFO - [2026-04-22T00:22:36.518+0000] {dag.py:3096} INFO - Sync 1 DAGs
[2026-04-22T00:22:36.577+0000] {logging_mixin.py:188} INFO - [2026-04-22T00:22:36.577+0000] {dag.py:3954} INFO - Setting next_dagrun for wired_pipeline_dag to 2026-04-22 00:00:00+00:00, run_after=2026-04-23 00:00:00+00:00
[2026-04-22T00:22:36.635+0000] {processor.py:183} INFO - Processing /opt/airflow/dags/wired_dag.py took 0.298 seconds
[2026-04-22T00:23:07.482+0000] {processor.py:161} INFO - Started process (PID=747) to work on /opt/airflow/dags/wired_dag.py
[2026-04-22T00:23:07.484+0000] {processor.py:830} INFO - Processing file /opt/airflow/dags/wired_dag.py for tasks to queue
[2026-04-22T00:23:07.489+0000] {logging_mixin.py:188} INFO - [2026-04-22T00:23:07.488+0000] {dagbag.py:545} INFO - Filling up the DagBag from /opt/airflow/dags/wired_dag.py
[2026-04-22T00:23:07.542+0000] {processor.py:840} INFO - DAG(s) 'wired_pipeline_dag' retrieved from /opt/airflow/dags/wired_dag.py
[2026-04-22T00:23:07.625+0000] {logging_mixin.py:188} INFO - [2026-04-22T00:23:07.625+0000] {dag.py:3096} INFO - Sync 1 DAGs
[2026-04-22T00:23:07.720+0000] {logging_mixin.py:188} INFO - [2026-04-22T00:23:07.719+0000] {dag.py:3954} INFO - Setting next_dagrun for wired_pipeline_dag to 2026-04-22 00:00:00+00:00, run_after=2026-04-23 00:00:00+00:00
[2026-04-22T00:23:07.777+0000] {processor.py:183} INFO - Processing /opt/airflow/dags/wired_dag.py took 0.307 seconds
[2026-04-22T00:23:38.754+0000] {processor.py:161} INFO - Started process (PID=752) to work on /opt/airflow/dags/wired_dag.py
[2026-04-22T00:23:38.756+0000] {processor.py:830} INFO - Processing file /opt/airflow/dags/wired_dag.py for tasks to queue
[2026-04-22T00:23:38.759+0000] {logging_mixin.py:188} INFO - [2026-04-22T00:23:38.759+0000] {dagbag.py:545} INFO - Filling up the DagBag from /opt/airflow/dags/wired_dag.py
[2026-04-22T00:23:38.808+0000] {processor.py:840} INFO - DAG(s) 'wired_pipeline_dag' retrieved from /opt/airflow/dags/wired_dag.py
[2026-04-22T00:23:38.880+0000] {logging_mixin.py:188} INFO - [2026-04-22T00:23:38.879+0000] {dag.py:3096} INFO - Sync 1 DAGs
[2026-04-22T00:23:38.922+0000] {logging_mixin.py:188} INFO - [2026-04-22T00:23:38.921+0000] {dag.py:3954} INFO - Setting next_dagrun for wired_pipeline_dag to 2026-04-22 00:00:00+00:00, run_after=2026-04-23 00:00:00+00:00
[2026-04-22T00:23:38.958+0000] {processor.py:183} INFO - Processing /opt/airflow/dags/wired_dag.py took 0.214 seconds
[2026-04-22T00:24:09.544+0000] {processor.py:161} INFO - Started process (PID=757) to work on /opt/airflow/dags/wired_dag.py
[2026-04-22T00:24:09.546+0000] {processor.py:830} INFO - Processing file /opt/airflow/dags/wired_dag.py for tasks to queue
[2026-04-22T00:24:09.550+0000] {logging_mixin.py:188} INFO - [2026-04-22T00:24:09.549+0000] {dagbag.py:545} INFO - Filling up the DagBag from /opt/airflow/dags/wired_dag.py
[2026-04-22T00:24:09.613+0000] {processor.py:840} INFO - DAG(s) 'wired_pipeline_dag' retrieved from /opt/airflow/dags/wired_dag.py
[2026-04-22T00:24:09.685+0000] {logging_mixin.py:188} INFO - [2026-04-22T00:24:09.685+0000] {dag.py:3096} INFO - Sync 1 DAGs
[2026-04-22T00:24:09.744+0000] {logging_mixin.py:188} INFO - [2026-04-22T00:24:09.743+0000] {dag.py:3954} INFO - Setting next_dagrun for wired_pipeline_dag to 2026-04-22 00:00:00+00:00, run_after=2026-04-23 00:00:00+00:00
[2026-04-22T00:24:09.798+0000] {processor.py:183} INFO - Processing /opt/airflow/dags/wired_dag.py took 0.266 seconds
[2026-04-22T00:24:39.992+0000] {processor.py:161} INFO - Started process (PID=762) to work on /opt/airflow/dags/wired_dag.py
[2026-04-22T00:24:39.995+0000] {processor.py:830} INFO - Processing file /opt/airflow/dags/wired_dag.py for tasks to queue
[2026-04-22T00:24:40.007+0000] {logging_mixin.py:188} INFO - [2026-04-22T00:24:40.006+0000] {dagbag.py:545} INFO - Filling up the DagBag from /opt/airflow/dags/wired_dag.py
[2026-04-22T00:24:40.068+0000] {processor.py:840} INFO - DAG(s) 'wired_pipeline_dag' retrieved from /opt/airflow/dags/wired_dag.py
[2026-04-22T00:24:40.136+0000] {logging_mixin.py:188} INFO - [2026-04-22T00:24:40.136+0000] {dag.py:3096} INFO - Sync 1 DAGs
[2026-04-22T00:24:40.189+0000] {logging_mixin.py:188} INFO - [2026-04-22T00:24:40.188+0000] {dag.py:3954} INFO - Setting next_dagrun for wired_pipeline_dag to 2026-04-22 00:00:00+00:00, run_after=2026-04-23 00:00:00+00:00
[2026-04-22T00:24:40.231+0000] {processor.py:183} INFO - Processing /opt/airflow/dags/wired_dag.py took 0.253 seconds
[2026-04-22T00:25:11.212+0000] {processor.py:161} INFO - Started process (PID=767) to work on /opt/airflow/dags/wired_dag.py
[2026-04-22T00:25:11.215+0000] {processor.py:830} INFO - Processing file /opt/airflow/dags/wired_dag.py for tasks to queue
[2026-04-22T00:25:11.219+0000] {logging_mixin.py:188} INFO - [2026-04-22T00:25:11.218+0000] {dagbag.py:545} INFO - Filling up the DagBag from /opt/airflow/dags/wired_dag.py
[2026-04-22T00:25:11.291+0000] {processor.py:840} INFO - DAG(s) 'wired_pipeline_dag' retrieved from /opt/airflow/dags/wired_dag.py
[2026-04-22T00:25:11.385+0000] {logging_mixin.py:188} INFO - [2026-04-22T00:25:11.384+0000] {dag.py:3096} INFO - Sync 1 DAGs
[2026-04-22T00:25:11.439+0000] {logging_mixin.py:188} INFO - [2026-04-22T00:25:11.439+0000] {dag.py:3954} INFO - Setting next_dagrun for wired_pipeline_dag to 2026-04-22 00:00:00+00:00, run_after=2026-04-23 00:00:00+00:00
[2026-04-22T00:25:11.490+0000] {processor.py:183} INFO - Processing /opt/airflow/dags/wired_dag.py took 0.291 seconds
[2026-04-22T00:25:42.361+0000] {processor.py:161} INFO - Started process (PID=772) to work on /opt/airflow/dags/wired_dag.py
[2026-04-22T00:25:42.363+0000] {processor.py:830} INFO - Processing file /opt/airflow/dags/wired_dag.py for tasks to queue
[2026-04-22T00:25:42.369+0000] {logging_mixin.py:188} INFO - [2026-04-22T00:25:42.368+0000] {dagbag.py:545} INFO - Filling up the DagBag from /opt/airflow/dags/wired_dag.py
[2026-04-22T00:25:42.426+0000] {processor.py:840} INFO - DAG(s) 'wired_pipeline_dag' retrieved from /opt/airflow/dags/wired_dag.py
[2026-04-22T00:25:42.486+0000] {logging_mixin.py:188} INFO - [2026-04-22T00:25:42.485+0000] {dag.py:3096} INFO - Sync 1 DAGs
[2026-04-22T00:25:42.556+0000] {logging_mixin.py:188} INFO - [2026-04-22T00:25:42.556+0000] {dag.py:3954} INFO - Setting next_dagrun for wired_pipeline_dag to 2026-04-22 00:00:00+00:00, run_after=2026-04-23 00:00:00+00:00
[2026-04-22T00:25:42.600+0000] {processor.py:183} INFO - Processing /opt/airflow/dags/wired_dag.py took 0.253 seconds
[2026-04-22T00:26:13.410+0000] {processor.py:161} INFO - Started process (PID=777) to work on /opt/airflow/dags/wired_dag.py
[2026-04-22T00:26:13.412+0000] {processor.py:830} INFO - Processing file /opt/airflow/dags/wired_dag.py for tasks to queue
[2026-04-22T00:26:13.415+0000] {logging_mixin.py:188} INFO - [2026-04-22T00:26:13.415+0000] {dagbag.py:545} INFO - Filling up the DagBag from /opt/airflow/dags/wired_dag.py
[2026-04-22T00:26:13.463+0000] {processor.py:840} INFO - DAG(s) 'wired_pipeline_dag' retrieved from /opt/airflow/dags/wired_dag.py
[2026-04-22T00:26:13.519+0000] {logging_mixin.py:188} INFO - [2026-04-22T00:26:13.518+0000] {dag.py:3096} INFO - Sync 1 DAGs
[2026-04-22T00:26:13.564+0000] {logging_mixin.py:188} INFO - [2026-04-22T00:26:13.564+0000] {dag.py:3954} INFO - Setting next_dagrun for wired_pipeline_dag to 2026-04-22 00:00:00+00:00, run_after=2026-04-23 00:00:00+00:00
[2026-04-22T00:26:13.603+0000] {processor.py:183} INFO - Processing /opt/airflow/dags/wired_dag.py took 0.205 seconds
[2026-04-22T00:26:44.716+0000] {processor.py:161} INFO - Started process (PID=782) to work on /opt/airflow/dags/wired_dag.py
[2026-04-22T00:26:44.718+0000] {processor.py:830} INFO - Processing file /opt/airflow/dags/wired_dag.py for tasks to queue
[2026-04-22T00:26:44.722+0000] {logging_mixin.py:188} INFO - [2026-04-22T00:26:44.721+0000] {dagbag.py:545} INFO - Filling up the DagBag from /opt/airflow/dags/wired_dag.py
[2026-04-22T00:26:44.780+0000] {processor.py:840} INFO - DAG(s) 'wired_pipeline_dag' retrieved from /opt/airflow/dags/wired_dag.py
[2026-04-22T00:26:44.859+0000] {logging_mixin.py:188} INFO - [2026-04-22T00:26:44.859+0000] {dag.py:3096} INFO - Sync 1 DAGs
[2026-04-22T00:26:44.914+0000] {logging_mixin.py:188} INFO - [2026-04-22T00:26:44.914+0000] {dag.py:3954} INFO - Setting next_dagrun for wired_pipeline_dag to 2026-04-22 00:00:00+00:00, run_after=2026-04-23 00:00:00+00:00
[2026-04-22T00:26:44.957+0000] {processor.py:183} INFO - Processing /opt/airflow/dags/wired_dag.py took 0.253 seconds
[2026-04-22T00:27:15.152+0000] {processor.py:161} INFO - Started process (PID=787) to work on /opt/airflow/dags/wired_dag.py
[2026-04-22T00:27:15.155+0000] {processor.py:830} INFO - Processing file /opt/airflow/dags/wired_dag.py for tasks to queue
[2026-04-22T00:27:15.159+0000] {logging_mixin.py:188} INFO - [2026-04-22T00:27:15.159+0000] {dagbag.py:545} INFO - Filling up the DagBag from /opt/airflow/dags/wired_dag.py
[2026-04-22T00:27:15.210+0000] {processor.py:840} INFO - DAG(s) 'wired_pipeline_dag' retrieved from /opt/airflow/dags/wired_dag.py
[2026-04-22T00:27:15.282+0000] {logging_mixin.py:188} INFO - [2026-04-22T00:27:15.282+0000] {dag.py:3096} INFO - Sync 1 DAGs
[2026-04-22T00:27:15.333+0000] {logging_mixin.py:188} INFO - [2026-04-22T00:27:15.333+0000] {dag.py:3954} INFO - Setting next_dagrun for wired_pipeline_dag to 2026-04-22 00:00:00+00:00, run_after=2026-04-23 00:00:00+00:00
[2026-04-22T00:27:15.381+0000] {processor.py:183} INFO - Processing /opt/airflow/dags/wired_dag.py took 0.242 seconds
[2026-04-22T00:27:46.267+0000] {processor.py:161} INFO - Started process (PID=792) to work on /opt/airflow/dags/wired_dag.py
[2026-04-22T00:27:46.269+0000] {processor.py:830} INFO - Processing file /opt/airflow/dags/wired_dag.py for tasks to queue
[2026-04-22T00:27:46.273+0000] {logging_mixin.py:188} INFO - [2026-04-22T00:27:46.273+0000] {dagbag.py:545} INFO - Filling up the DagBag from /opt/airflow/dags/wired_dag.py
[2026-04-22T00:27:46.327+0000] {processor.py:840} INFO - DAG(s) 'wired_pipeline_dag' retrieved from /opt/airflow/dags/wired_dag.py
[2026-04-22T00:27:46.389+0000] {logging_mixin.py:188} INFO - [2026-04-22T00:27:46.389+0000] {dag.py:3096} INFO - Sync 1 DAGs
[2026-04-22T00:27:46.462+0000] {logging_mixin.py:188} INFO - [2026-04-22T00:27:46.461+0000] {dag.py:3954} INFO - Setting next_dagrun for wired_pipeline_dag to 2026-04-22 00:00:00+00:00, run_after=2026-04-23 00:00:00+00:00
[2026-04-22T00:27:46.512+0000] {processor.py:183} INFO - Processing /opt/airflow/dags/wired_dag.py took 0.263 seconds
[2026-04-22T00:28:17.202+0000] {processor.py:161} INFO - Started process (PID=797) to work on /opt/airflow/dags/wired_dag.py
[2026-04-22T00:28:17.204+0000] {processor.py:830} INFO - Processing file /opt/airflow/dags/wired_dag.py for tasks to queue
[2026-04-22T00:28:17.208+0000] {logging_mixin.py:188} INFO - [2026-04-22T00:28:17.207+0000] {dagbag.py:545} INFO - Filling up the DagBag from /opt/airflow/dags/wired_dag.py
[2026-04-22T00:28:16.476+0000] {processor.py:840} INFO - DAG(s) 'wired_pipeline_dag' retrieved from /opt/airflow/dags/wired_dag.py
[2026-04-22T00:28:16.534+0000] {logging_mixin.py:188} INFO - [2026-04-22T00:28:16.533+0000] {dag.py:3096} INFO - Sync 1 DAGs
[2026-04-22T00:28:16.586+0000] {logging_mixin.py:188} INFO - [2026-04-22T00:28:16.586+0000] {dag.py:3954} INFO - Setting next_dagrun for wired_pipeline_dag to 2026-04-22 00:00:00+00:00, run_after=2026-04-23 00:00:00+00:00
[2026-04-22T00:28:16.632+0000] {processor.py:183} INFO - Processing /opt/airflow/dags/wired_dag.py took 0.232 seconds
[2026-04-22T00:28:47.698+0000] {processor.py:161} INFO - Started process (PID=802) to work on /opt/airflow/dags/wired_dag.py
[2026-04-22T00:28:47.700+0000] {processor.py:830} INFO - Processing file /opt/airflow/dags/wired_dag.py for tasks to queue
[2026-04-22T00:28:47.703+0000] {logging_mixin.py:188} INFO - [2026-04-22T00:28:47.703+0000] {dagbag.py:545} INFO - Filling up the DagBag from /opt/airflow/dags/wired_dag.py
[2026-04-22T00:28:47.752+0000] {processor.py:840} INFO - DAG(s) 'wired_pipeline_dag' retrieved from /opt/airflow/dags/wired_dag.py
[2026-04-22T00:28:47.856+0000] {logging_mixin.py:188} INFO - [2026-04-22T00:28:47.855+0000] {dag.py:3096} INFO - Sync 1 DAGs
[2026-04-22T00:28:47.955+0000] {logging_mixin.py:188} INFO - [2026-04-22T00:28:47.954+0000] {dag.py:3954} INFO - Setting next_dagrun for wired_pipeline_dag to 2026-04-22 00:00:00+00:00, run_after=2026-04-23 00:00:00+00:00
[2026-04-22T00:28:47.994+0000] {processor.py:183} INFO - Processing /opt/airflow/dags/wired_dag.py took 0.310 seconds
[2026-04-22T00:29:18.518+0000] {processor.py:161} INFO - Started process (PID=807) to work on /opt/airflow/dags/wired_dag.py
[2026-04-22T00:29:18.520+0000] {processor.py:830} INFO - Processing file /opt/airflow/dags/wired_dag.py for tasks to queue
[2026-04-22T00:29:18.524+0000] {logging_mixin.py:188} INFO - [2026-04-22T00:29:18.524+0000] {dagbag.py:545} INFO - Filling up the DagBag from /opt/airflow/dags/wired_dag.py
[2026-04-22T00:29:18.580+0000] {processor.py:840} INFO - DAG(s) 'wired_pipeline_dag' retrieved from /opt/airflow/dags/wired_dag.py
[2026-04-22T00:29:18.648+0000] {logging_mixin.py:188} INFO - [2026-04-22T00:29:18.648+0000] {dag.py:3096} INFO - Sync 1 DAGs
[2026-04-22T00:29:18.700+0000] {logging_mixin.py:188} INFO - [2026-04-22T00:29:18.699+0000] {dag.py:3954} INFO - Setting next_dagrun for wired_pipeline_dag to 2026-04-22 00:00:00+00:00, run_after=2026-04-23 00:00:00+00:00
[2026-04-22T00:29:18.739+0000] {processor.py:183} INFO - Processing /opt/airflow/dags/wired_dag.py took 0.237 seconds
[2026-04-22T00:29:49.330+0000] {processor.py:161} INFO - Started process (PID=812) to work on /opt/airflow/dags/wired_dag.py
[2026-04-22T00:29:49.332+0000] {processor.py:830} INFO - Processing file /opt/airflow/dags/wired_dag.py for tasks to queue
[2026-04-22T00:29:49.337+0000] {logging_mixin.py:188} INFO - [2026-04-22T00:29:49.336+0000] {dagbag.py:545} INFO - Filling up the DagBag from /opt/airflow/dags/wired_dag.py
[2026-04-22T00:29:49.428+0000] {processor.py:840} INFO - DAG(s) 'wired_pipeline_dag' retrieved from /opt/airflow/dags/wired_dag.py
[2026-04-22T00:29:49.504+0000] {logging_mixin.py:188} INFO - [2026-04-22T00:29:49.504+0000] {dag.py:3096} INFO - Sync 1 DAGs
[2026-04-22T00:29:49.551+0000] {logging_mixin.py:188} INFO - [2026-04-22T00:29:49.550+0000] {dag.py:3954} INFO - Setting next_dagrun for wired_pipeline_dag to 2026-04-22 00:00:00+00:00, run_after=2026-04-23 00:00:00+00:00
[2026-04-22T00:29:49.587+0000] {processor.py:183} INFO - Processing /opt/airflow/dags/wired_dag.py took 0.268 seconds
[2026-04-22T00:30:20.413+0000] {processor.py:161} INFO - Started process (PID=817) to work on /opt/airflow/dags/wired_dag.py
[2026-04-22T00:30:20.415+0000] {processor.py:830} INFO - Processing file /opt/airflow/dags/wired_dag.py for tasks to queue
[2026-04-22T00:30:20.418+0000] {logging_mixin.py:188} INFO - [2026-04-22T00:30:20.418+0000] {dagbag.py:545} INFO - Filling up the DagBag from /opt/airflow/dags/wired_dag.py
[2026-04-22T00:30:20.461+0000] {processor.py:840} INFO - DAG(s) 'wired_pipeline_dag' retrieved from /opt/airflow/dags/wired_dag.py
[2026-04-22T00:30:20.521+0000] {logging_mixin.py:188} INFO - [2026-04-22T00:30:20.520+0000] {dag.py:3096} INFO - Sync 1 DAGs
[2026-04-22T00:30:20.566+0000] {logging_mixin.py:188} INFO - [2026-04-22T00:30:20.566+0000] {dag.py:3954} INFO - Setting next_dagrun for wired_pipeline_dag to 2026-04-22 00:00:00+00:00, run_after=2026-04-23 00:00:00+00:00
[2026-04-22T00:30:20.608+0000] {processor.py:183} INFO - Processing /opt/airflow/dags/wired_dag.py took 0.208 seconds
[2026-04-22T00:30:51.648+0000] {processor.py:161} INFO - Started process (PID=822) to work on /opt/airflow/dags/wired_dag.py
[2026-04-22T00:30:51.649+0000] {processor.py:830} INFO - Processing file /opt/airflow/dags/wired_dag.py for tasks to queue
[2026-04-22T00:30:51.654+0000] {logging_mixin.py:188} INFO - [2026-04-22T00:30:51.653+0000] {dagbag.py:545} INFO - Filling up the DagBag from /opt/airflow/dags/wired_dag.py
[2026-04-22T00:30:51.791+0000] {processor.py:840} INFO - DAG(s) 'wired_pipeline_dag' retrieved from /opt/airflow/dags/wired_dag.py
[2026-04-22T00:30:51.853+0000] {logging_mixin.py:188} INFO - [2026-04-22T00:30:51.853+0000] {dag.py:3096} INFO - Sync 1 DAGs
[2026-04-22T00:30:51.899+0000] {logging_mixin.py:188} INFO - [2026-04-22T00:30:51.898+0000] {dag.py:3954} INFO - Setting next_dagrun for wired_pipeline_dag to 2026-04-22 00:00:00+00:00, run_after=2026-04-23 00:00:00+00:00
[2026-04-22T00:30:51.935+0000] {processor.py:183} INFO - Processing /opt/airflow/dags/wired_dag.py took 0.298 seconds
[2026-04-22T00:31:22.745+0000] {processor.py:161} INFO - Started process (PID=827) to work on /opt/airflow/dags/wired_dag.py
[2026-04-22T00:31:22.747+0000] {processor.py:830} INFO - Processing file /opt/airflow/dags/wired_dag.py for tasks to queue
[2026-04-22T00:31:22.752+0000] {logging_mixin.py:188} INFO - [2026-04-22T00:31:22.751+0000] {dagbag.py:545} INFO - Filling up the DagBag from /opt/airflow/dags/wired_dag.py
[2026-04-22T00:31:22.808+0000] {processor.py:840} INFO - DAG(s) 'wired_pipeline_dag' retrieved from /opt/airflow/dags/wired_dag.py
[2026-04-22T00:31:22.878+0000] {logging_mixin.py:188} INFO - [2026-04-22T00:31:22.878+0000] {dag.py:3096} INFO - Sync 1 DAGs
[2026-04-22T00:31:22.929+0000] {logging_mixin.py:188} INFO - [2026-04-22T00:31:22.929+0000] {dag.py:3954} INFO - Setting next_dagrun for wired_pipeline_dag to 2026-04-22 00:00:00+00:00, run_after=2026-04-23 00:00:00+00:00
[2026-04-22T00:31:22.968+0000] {processor.py:183} INFO - Processing /opt/airflow/dags/wired_dag.py took 0.236 seconds
[2026-04-22T00:31:53.778+0000] {processor.py:161} INFO - Started process (PID=832) to work on /opt/airflow/dags/wired_dag.py
[2026-04-22T00:31:53.781+0000] {processor.py:830} INFO - Processing file /opt/airflow/dags/wired_dag.py for tasks to queue
[2026-04-22T00:31:53.785+0000] {logging_mixin.py:188} INFO - [2026-04-22T00:31:53.784+0000] {dagbag.py:545} INFO - Filling up the DagBag from /opt/airflow/dags/wired_dag.py
[2026-04-22T00:31:53.837+0000] {processor.py:840} INFO - DAG(s) 'wired_pipeline_dag' retrieved from /opt/airflow/dags/wired_dag.py
[2026-04-22T00:31:53.903+0000] {logging_mixin.py:188} INFO - [2026-04-22T00:31:53.903+0000] {dag.py:3096} INFO - Sync 1 DAGs
[2026-04-22T00:31:53.950+0000] {logging_mixin.py:188} INFO - [2026-04-22T00:31:53.950+0000] {dag.py:3954} INFO - Setting next_dagrun for wired_pipeline_dag to 2026-04-22 00:00:00+00:00, run_after=2026-04-23 00:00:00+00:00
[2026-04-22T00:31:53.995+0000] {processor.py:183} INFO - Processing /opt/airflow/dags/wired_dag.py took 0.228 seconds
[2026-04-22T00:32:25.007+0000] {processor.py:161} INFO - Started process (PID=837) to work on /opt/airflow/dags/wired_dag.py
[2026-04-22T00:32:25.009+0000] {processor.py:830} INFO - Processing file /opt/airflow/dags/wired_dag.py for tasks to queue
[2026-04-22T00:32:25.013+0000] {logging_mixin.py:188} INFO - [2026-04-22T00:32:25.012+0000] {dagbag.py:545} INFO - Filling up the DagBag from /opt/airflow/dags/wired_dag.py
[2026-04-22T00:32:25.060+0000] {processor.py:840} INFO - DAG(s) 'wired_pipeline_dag' retrieved from /opt/airflow/dags/wired_dag.py
[2026-04-22T00:32:25.125+0000] {logging_mixin.py:188} INFO - [2026-04-22T00:32:25.124+0000] {dag.py:3096} INFO - Sync 1 DAGs
[2026-04-22T00:32:25.173+0000] {logging_mixin.py:188} INFO - [2026-04-22T00:32:25.172+0000] {dag.py:3954} INFO - Setting next_dagrun for wired_pipeline_dag to 2026-04-22 00:00:00+00:00, run_after=2026-04-23 00:00:00+00:00
[2026-04-22T00:32:25.212+0000] {processor.py:183} INFO - Processing /opt/airflow/dags/wired_dag.py took 0.216 seconds
[2026-04-22T00:32:56.027+0000] {processor.py:161} INFO - Started process (PID=842) to work on /opt/airflow/dags/wired_dag.py
[2026-04-22T00:32:56.028+0000] {processor.py:830} INFO - Processing file /opt/airflow/dags/wired_dag.py for tasks to queue
[2026-04-22T00:32:56.032+0000] {logging_mixin.py:188} INFO - [2026-04-22T00:32:56.031+0000] {dagbag.py:545} INFO - Filling up the DagBag from /opt/airflow/dags/wired_dag.py
[2026-04-22T00:32:56.081+0000] {processor.py:840} INFO - DAG(s) 'wired_pipeline_dag' retrieved from /opt/airflow/dags/wired_dag.py
[2026-04-22T00:32:56.145+0000] {logging_mixin.py:188} INFO - [2026-04-22T00:32:56.144+0000] {dag.py:3096} INFO - Sync 1 DAGs
[2026-04-22T00:32:56.189+0000] {logging_mixin.py:188} INFO - [2026-04-22T00:32:56.189+0000] {dag.py:3954} INFO - Setting next_dagrun for wired_pipeline_dag to 2026-04-22 00:00:00+00:00, run_after=2026-04-23 00:00:00+00:00
[2026-04-22T00:32:56.244+0000] {processor.py:183} INFO - Processing /opt/airflow/dags/wired_dag.py took 0.227 seconds
[2026-04-22T00:33:27.263+0000] {processor.py:161} INFO - Started process (PID=847) to work on /opt/airflow/dags/wired_dag.py
[2026-04-22T00:33:27.265+0000] {processor.py:830} INFO - Processing file /opt/airflow/dags/wired_dag.py for tasks to queue
[2026-04-22T00:33:27.270+0000] {logging_mixin.py:188} INFO - [2026-04-22T00:33:27.269+0000] {dagbag.py:545} INFO - Filling up the DagBag from /opt/airflow/dags/wired_dag.py
[2026-04-22T00:33:27.325+0000] {processor.py:840} INFO - DAG(s) 'wired_pipeline_dag' retrieved from /opt/airflow/dags/wired_dag.py
[2026-04-22T00:33:27.390+0000] {logging_mixin.py:188} INFO - [2026-04-22T00:33:27.389+0000] {dag.py:3096} INFO - Sync 1 DAGs
[2026-04-22T00:33:27.438+0000] {logging_mixin.py:188} INFO - [2026-04-22T00:33:27.437+0000] {dag.py:3954} INFO - Setting next_dagrun for wired_pipeline_dag to 2026-04-22 00:00:00+00:00, run_after=2026-04-23 00:00:00+00:00
[2026-04-22T00:33:27.473+0000] {processor.py:183} INFO - Processing /opt/airflow/dags/wired_dag.py took 0.225 seconds
[2026-04-22T00:33:58.153+0000] {processor.py:161} INFO - Started process (PID=852) to work on /opt/airflow/dags/wired_dag.py
[2026-04-22T00:33:58.155+0000] {processor.py:830} INFO - Processing file /opt/airflow/dags/wired_dag.py for tasks to queue
[2026-04-22T00:33:58.159+0000] {logging_mixin.py:188} INFO - [2026-04-22T00:33:58.159+0000] {dagbag.py:545} INFO - Filling up the DagBag from /opt/airflow/dags/wired_dag.py
[2026-04-22T00:33:58.205+0000] {processor.py:840} INFO - DAG(s) 'wired_pipeline_dag' retrieved from /opt/airflow/dags/wired_dag.py
[2026-04-22T00:33:58.278+0000] {logging_mixin.py:188} INFO - [2026-04-22T00:33:58.277+0000] {dag.py:3096} INFO - Sync 1 DAGs
[2026-04-22T00:33:58.325+0000] {logging_mixin.py:188} INFO - [2026-04-22T00:33:58.324+0000] {dag.py:3954} INFO - Setting next_dagrun for wired_pipeline_dag to 2026-04-22 00:00:00+00:00, run_after=2026-04-23 00:00:00+00:00
[2026-04-22T00:33:58.361+0000] {processor.py:183} INFO - Processing /opt/airflow/dags/wired_dag.py took 0.221 seconds
[2026-04-22T00:34:29.137+0000] {processor.py:161} INFO - Started process (PID=857) to work on /opt/airflow/dags/wired_dag.py
[2026-04-22T00:34:29.139+0000] {processor.py:830} INFO - Processing file /opt/airflow/dags/wired_dag.py for tasks to queue
[2026-04-22T00:34:29.142+0000] {logging_mixin.py:188} INFO - [2026-04-22T00:34:29.141+0000] {dagbag.py:545} INFO - Filling up the DagBag from /opt/airflow/dags/wired_dag.py
[2026-04-22T00:34:29.189+0000] {processor.py:840} INFO - DAG(s) 'wired_pipeline_dag' retrieved from /opt/airflow/dags/wired_dag.py
[2026-04-22T00:34:29.248+0000] {logging_mixin.py:188} INFO - [2026-04-22T00:34:29.248+0000] {dag.py:3096} INFO - Sync 1 DAGs
[2026-04-22T00:34:29.292+0000] {logging_mixin.py:188} INFO - [2026-04-22T00:34:29.292+0000] {dag.py:3954} INFO - Setting next_dagrun for wired_pipeline_dag to 2026-04-22 00:00:00+00:00, run_after=2026-04-23 00:00:00+00:00
[2026-04-22T00:34:29.331+0000] {processor.py:183} INFO - Processing /opt/airflow/dags/wired_dag.py took 0.210 seconds
[2026-04-22T00:34:59.676+0000] {processor.py:161} INFO - Started process (PID=862) to work on /opt/airflow/dags/wired_dag.py
[2026-04-22T00:34:59.678+0000] {processor.py:830} INFO - Processing file /opt/airflow/dags/wired_dag.py for tasks to queue
[2026-04-22T00:34:59.682+0000] {logging_mixin.py:188} INFO - [2026-04-22T00:34:59.681+0000] {dagbag.py:545} INFO - Filling up the DagBag from /opt/airflow/dags/wired_dag.py
[2026-04-22T00:34:59.732+0000] {processor.py:840} INFO - DAG(s) 'wired_pipeline_dag' retrieved from /opt/airflow/dags/wired_dag.py
[2026-04-22T00:34:59.794+0000] {logging_mixin.py:188} INFO - [2026-04-22T00:34:59.794+0000] {dag.py:3096} INFO - Sync 1 DAGs
[2026-04-22T00:34:59.840+0000] {logging_mixin.py:188} INFO - [2026-04-22T00:34:59.840+0000] {dag.py:3954} INFO - Setting next_dagrun for wired_pipeline_dag to 2026-04-22 00:00:00+00:00, run_after=2026-04-23 00:00:00+00:00
[2026-04-22T00:34:59.878+0000] {processor.py:183} INFO - Processing /opt/airflow/dags/wired_dag.py took 0.221 seconds
[2026-04-22T00:35:30.660+0000] {processor.py:161} INFO - Started process (PID=867) to work on /opt/airflow/dags/wired_dag.py
[2026-04-22T00:35:30.663+0000] {processor.py:830} INFO - Processing file /opt/airflow/dags/wired_dag.py for tasks to queue
[2026-04-22T00:35:30.667+0000] {logging_mixin.py:188} INFO - [2026-04-22T00:35:30.667+0000] {dagbag.py:545} INFO - Filling up the DagBag from /opt/airflow/dags/wired_dag.py
[2026-04-22T00:35:30.719+0000] {processor.py:840} INFO - DAG(s) 'wired_pipeline_dag' retrieved from /opt/airflow/dags/wired_dag.py
[2026-04-22T00:35:30.780+0000] {logging_mixin.py:188} INFO - [2026-04-22T00:35:30.779+0000] {dag.py:3096} INFO - Sync 1 DAGs
[2026-04-22T00:35:30.824+0000] {logging_mixin.py:188} INFO - [2026-04-22T00:35:30.823+0000] {dag.py:3954} INFO - Setting next_dagrun for wired_pipeline_dag to 2026-04-22 00:00:00+00:00, run_after=2026-04-23 00:00:00+00:00
[2026-04-22T00:35:30.860+0000] {processor.py:183} INFO - Processing /opt/airflow/dags/wired_dag.py took 0.213 seconds
[2026-04-22T00:36:00.538+0000] {processor.py:161} INFO - Started process (PID=872) to work on /opt/airflow/dags/wired_dag.py
[2026-04-22T00:36:00.545+0000] {processor.py:830} INFO - Processing file /opt/airflow/dags/wired_dag.py for tasks to queue
[2026-04-22T00:36:00.551+0000] {logging_mixin.py:188} INFO - [2026-04-22T00:36:00.549+0000] {dagbag.py:545} INFO - Filling up the DagBag from /opt/airflow/dags/wired_dag.py
[2026-04-22T00:36:00.602+0000] {processor.py:840} INFO - DAG(s) 'wired_pipeline_dag' retrieved from /opt/airflow/dags/wired_dag.py
[2026-04-22T00:36:00.662+0000] {logging_mixin.py:188} INFO - [2026-04-22T00:36:00.662+0000] {dag.py:3096} INFO - Sync 1 DAGs
[2026-04-22T00:36:00.708+0000] {logging_mixin.py:188} INFO - [2026-04-22T00:36:00.708+0000] {dag.py:3954} INFO - Setting next_dagrun for wired_pipeline_dag to 2026-04-22 00:00:00+00:00, run_after=2026-04-23 00:00:00+00:00
[2026-04-22T00:36:00.748+0000] {processor.py:183} INFO - Processing /opt/airflow/dags/wired_dag.py took 0.226 seconds
[2026-04-22T00:36:30.986+0000] {processor.py:161} INFO - Started process (PID=877) to work on /opt/airflow/dags/wired_dag.py
[2026-04-22T00:36:30.987+0000] {processor.py:830} INFO - Processing file /opt/airflow/dags/wired_dag.py for tasks to queue
[2026-04-22T00:36:30.991+0000] {logging_mixin.py:188} INFO - [2026-04-22T00:36:30.990+0000] {dagbag.py:545} INFO - Filling up the DagBag from /opt/airflow/dags/wired_dag.py
[2026-04-22T00:36:31.041+0000] {processor.py:840} INFO - DAG(s) 'wired_pipeline_dag' retrieved from /opt/airflow/dags/wired_dag.py
[2026-04-22T00:36:31.103+0000] {logging_mixin.py:188} INFO - [2026-04-22T00:36:31.103+0000] {dag.py:3096} INFO - Sync 1 DAGs
[2026-04-22T00:36:31.149+0000] {logging_mixin.py:188} INFO - [2026-04-22T00:36:31.149+0000] {dag.py:3954} INFO - Setting next_dagrun for wired_pipeline_dag to 2026-04-22 00:00:00+00:00, run_after=2026-04-23 00:00:00+00:00
[2026-04-22T00:36:31.188+0000] {processor.py:183} INFO - Processing /opt/airflow/dags/wired_dag.py took 0.214 seconds
[2026-04-22T00:37:01.426+0000] {processor.py:161} INFO - Started process (PID=882) to work on /opt/airflow/dags/wired_dag.py
[2026-04-22T00:37:01.429+0000] {processor.py:830} INFO - Processing file /opt/airflow/dags/wired_dag.py for tasks to queue
[2026-04-22T00:37:01.434+0000] {logging_mixin.py:188} INFO - [2026-04-22T00:37:01.433+0000] {dagbag.py:545} INFO - Filling up the DagBag from /opt/airflow/dags/wired_dag.py
[2026-04-22T00:37:01.485+0000] {processor.py:840} INFO - DAG(s) 'wired_pipeline_dag' retrieved from /opt/airflow/dags/wired_dag.py
[2026-04-22T00:37:01.554+0000] {logging_mixin.py:188} INFO - [2026-04-22T00:37:01.553+0000] {dag.py:3096} INFO - Sync 1 DAGs
[2026-04-22T00:37:01.609+0000] {logging_mixin.py:188} INFO - [2026-04-22T00:37:01.609+0000] {dag.py:3954} INFO - Setting next_dagrun for wired_pipeline_dag to 2026-04-22 00:00:00+00:00, run_after=2026-04-23 00:00:00+00:00
[2026-04-22T00:37:01.654+0000] {processor.py:183} INFO - Processing /opt/airflow/dags/wired_dag.py took 0.242 seconds
[2026-04-22T00:37:32.568+0000] {processor.py:161} INFO - Started process (PID=887) to work on /opt/airflow/dags/wired_dag.py
[2026-04-22T00:37:32.570+0000] {processor.py:830} INFO - Processing file /opt/airflow/dags/wired_dag.py for tasks to queue
[2026-04-22T00:37:32.575+0000] {logging_mixin.py:188} INFO - [2026-04-22T00:37:32.574+0000] {dagbag.py:545} INFO - Filling up the DagBag from /opt/airflow/dags/wired_dag.py
[2026-04-22T00:37:32.625+0000] {processor.py:840} INFO - DAG(s) 'wired_pipeline_dag' retrieved from /opt/airflow/dags/wired_dag.py
[2026-04-22T00:37:32.674+0000] {logging_mixin.py:188} INFO - [2026-04-22T00:37:32.674+0000] {dag.py:3096} INFO - Sync 1 DAGs
[2026-04-22T00:37:32.710+0000] {logging_mixin.py:188} INFO - [2026-04-22T00:37:32.710+0000] {dag.py:3954} INFO - Setting next_dagrun for wired_pipeline_dag to 2026-04-22 00:00:00+00:00, run_after=2026-04-23 00:00:00+00:00
[2026-04-22T00:37:32.741+0000] {processor.py:183} INFO - Processing /opt/airflow/dags/wired_dag.py took 0.186 seconds
[2026-04-22T04:40:16.962+0000] {processor.py:161} INFO - Started process (PID=211) to work on /opt/airflow/dags/wired_dag.py
[2026-04-22T04:40:16.966+0000] {processor.py:830} INFO - Processing file /opt/airflow/dags/wired_dag.py for tasks to queue
[2026-04-22T04:40:16.969+0000] {logging_mixin.py:188} INFO - [2026-04-22T04:40:16.968+0000] {dagbag.py:545} INFO - Filling up the DagBag from /opt/airflow/dags/wired_dag.py
[2026-04-22T04:40:17.018+0000] {processor.py:840} INFO - DAG(s) 'wired_pipeline_dag' retrieved from /opt/airflow/dags/wired_dag.py
[2026-04-22T04:40:17.120+0000] {logging_mixin.py:188} INFO - [2026-04-22T04:40:17.119+0000] {dag.py:3096} INFO - Sync 1 DAGs
[2026-04-22T04:40:17.192+0000] {logging_mixin.py:188} INFO - [2026-04-22T04:40:17.192+0000] {dag.py:3954} INFO - Setting next_dagrun for wired_pipeline_dag to 2026-04-22 00:00:00+00:00, run_after=2026-04-23 00:00:00+00:00
[2026-04-22T04:40:17.232+0000] {processor.py:183} INFO - Processing /opt/airflow/dags/wired_dag.py took 0.278 seconds
[2026-04-22T04:40:47.723+0000] {processor.py:161} INFO - Started process (PID=216) to work on /opt/airflow/dags/wired_dag.py
[2026-04-22T04:40:47.726+0000] {processor.py:830} INFO - Processing file /opt/airflow/dags/wired_dag.py for tasks to queue
[2026-04-22T04:40:47.731+0000] {logging_mixin.py:188} INFO - [2026-04-22T04:40:47.730+0000] {dagbag.py:545} INFO - Filling up the DagBag from /opt/airflow/dags/wired_dag.py
[2026-04-22T04:40:47.797+0000] {processor.py:840} INFO - DAG(s) 'wired_pipeline_dag' retrieved from /opt/airflow/dags/wired_dag.py
[2026-04-22T04:40:48.069+0000] {logging_mixin.py:188} INFO - [2026-04-22T04:40:48.069+0000] {dag.py:3096} INFO - Sync 1 DAGs
[2026-04-22T04:40:48.105+0000] {logging_mixin.py:188} INFO - [2026-04-22T04:40:48.105+0000] {dag.py:3954} INFO - Setting next_dagrun for wired_pipeline_dag to 2026-04-22 00:00:00+00:00, run_after=2026-04-23 00:00:00+00:00
[2026-04-22T04:40:48.138+0000] {processor.py:183} INFO - Processing /opt/airflow/dags/wired_dag.py took 0.427 seconds
[2026-04-22T04:41:18.400+0000] {processor.py:161} INFO - Started process (PID=221) to work on /opt/airflow/dags/wired_dag.py
[2026-04-22T04:41:18.402+0000] {processor.py:830} INFO - Processing file /opt/airflow/dags/wired_dag.py for tasks to queue
[2026-04-22T04:41:18.407+0000] {logging_mixin.py:188} INFO - [2026-04-22T04:41:18.406+0000] {dagbag.py:545} INFO - Filling up the DagBag from /opt/airflow/dags/wired_dag.py
[2026-04-22T04:41:18.457+0000] {processor.py:840} INFO - DAG(s) 'wired_pipeline_dag' retrieved from /opt/airflow/dags/wired_dag.py
[2026-04-22T04:41:18.512+0000] {logging_mixin.py:188} INFO - [2026-04-22T04:41:18.512+0000] {dag.py:3096} INFO - Sync 1 DAGs
[2026-04-22T04:41:18.554+0000] {logging_mixin.py:188} INFO - [2026-04-22T04:41:18.553+0000] {dag.py:3954} INFO - Setting next_dagrun for wired_pipeline_dag to 2026-04-22 00:00:00+00:00, run_after=2026-04-23 00:00:00+00:00
[2026-04-22T04:41:18.585+0000] {processor.py:183} INFO - Processing /opt/airflow/dags/wired_dag.py took 0.197 seconds
[2026-04-22T04:41:49.247+0000] {processor.py:161} INFO - Started process (PID=226) to work on /opt/airflow/dags/wired_dag.py
[2026-04-22T04:41:49.249+0000] {processor.py:830} INFO - Processing file /opt/airflow/dags/wired_dag.py for tasks to queue
[2026-04-22T04:41:49.253+0000] {logging_mixin.py:188} INFO - [2026-04-22T04:41:49.253+0000] {dagbag.py:545} INFO - Filling up the DagBag from /opt/airflow/dags/wired_dag.py
[2026-04-22T04:41:49.299+0000] {processor.py:840} INFO - DAG(s) 'wired_pipeline_dag' retrieved from /opt/airflow/dags/wired_dag.py
[2026-04-22T04:41:49.360+0000] {logging_mixin.py:188} INFO - [2026-04-22T04:41:49.359+0000] {dag.py:3096} INFO - Sync 1 DAGs
[2026-04-22T04:41:49.404+0000] {logging_mixin.py:188} INFO - [2026-04-22T04:41:49.403+0000] {dag.py:3954} INFO - Setting next_dagrun for wired_pipeline_dag to 2026-04-22 00:00:00+00:00, run_after=2026-04-23 00:00:00+00:00
[2026-04-22T04:41:49.441+0000] {processor.py:183} INFO - Processing /opt/airflow/dags/wired_dag.py took 0.207 seconds
[2026-04-22T04:42:19.790+0000] {processor.py:161} INFO - Started process (PID=231) to work on /opt/airflow/dags/wired_dag.py
[2026-04-22T04:42:19.792+0000] {processor.py:830} INFO - Processing file /opt/airflow/dags/wired_dag.py for tasks to queue
[2026-04-22T04:42:19.797+0000] {logging_mixin.py:188} INFO - [2026-04-22T04:42:19.796+0000] {dagbag.py:545} INFO - Filling up the DagBag from /opt/airflow/dags/wired_dag.py
[2026-04-22T04:42:19.845+0000] {processor.py:840} INFO - DAG(s) 'wired_pipeline_dag' retrieved from /opt/airflow/dags/wired_dag.py
[2026-04-22T04:42:19.903+0000] {logging_mixin.py:188} INFO - [2026-04-22T04:42:19.903+0000] {dag.py:3096} INFO - Sync 1 DAGs
[2026-04-22T04:42:19.945+0000] {logging_mixin.py:188} INFO - [2026-04-22T04:42:19.945+0000] {dag.py:3954} INFO - Setting next_dagrun for wired_pipeline_dag to 2026-04-22 00:00:00+00:00, run_after=2026-04-23 00:00:00+00:00
[2026-04-22T04:42:19.980+0000] {processor.py:183} INFO - Processing /opt/airflow/dags/wired_dag.py took 0.202 seconds
[2026-04-22T04:42:50.527+0000] {processor.py:161} INFO - Started process (PID=236) to work on /opt/airflow/dags/wired_dag.py
[2026-04-22T04:42:50.530+0000] {processor.py:830} INFO - Processing file /opt/airflow/dags/wired_dag.py for tasks to queue
[2026-04-22T04:42:50.533+0000] {logging_mixin.py:188} INFO - [2026-04-22T04:42:50.533+0000] {dagbag.py:545} INFO - Filling up the DagBag from /opt/airflow/dags/wired_dag.py
[2026-04-22T04:42:50.579+0000] {processor.py:840} INFO - DAG(s) 'wired_pipeline_dag' retrieved from /opt/airflow/dags/wired_dag.py
[2026-04-22T04:42:50.635+0000] {logging_mixin.py:188} INFO - [2026-04-22T04:42:50.635+0000] {dag.py:3096} INFO - Sync 1 DAGs
[2026-04-22T04:42:50.674+0000] {logging_mixin.py:188} INFO - [2026-04-22T04:42:50.673+0000] {dag.py:3954} INFO - Setting next_dagrun for wired_pipeline_dag to 2026-04-22 00:00:00+00:00, run_after=2026-04-23 00:00:00+00:00
[2026-04-22T04:42:50.706+0000] {processor.py:183} INFO - Processing /opt/airflow/dags/wired_dag.py took 0.192 seconds
[2026-04-22T04:43:21.108+0000] {processor.py:161} INFO - Started process (PID=241) to work on /opt/airflow/dags/wired_dag.py
[2026-04-22T04:43:21.110+0000] {processor.py:830} INFO - Processing file /opt/airflow/dags/wired_dag.py for tasks to queue
[2026-04-22T04:43:21.114+0000] {logging_mixin.py:188} INFO - [2026-04-22T04:43:21.114+0000] {dagbag.py:545} INFO - Filling up the DagBag from /opt/airflow/dags/wired_dag.py
[2026-04-22T04:43:21.164+0000] {processor.py:840} INFO - DAG(s) 'wired_pipeline_dag' retrieved from /opt/airflow/dags/wired_dag.py
[2026-04-22T04:43:21.222+0000] {logging_mixin.py:188} INFO - [2026-04-22T04:43:21.221+0000] {dag.py:3096} INFO - Sync 1 DAGs
[2026-04-22T04:43:21.267+0000] {logging_mixin.py:188} INFO - [2026-04-22T04:43:21.267+0000] {dag.py:3954} INFO - Setting next_dagrun for wired_pipeline_dag to 2026-04-22 00:00:00+00:00, run_after=2026-04-23 00:00:00+00:00
[2026-04-22T04:43:21.305+0000] {processor.py:183} INFO - Processing /opt/airflow/dags/wired_dag.py took 0.209 seconds
[2026-04-22T04:43:51.638+0000] {processor.py:161} INFO - Started process (PID=246) to work on /opt/airflow/dags/wired_dag.py
[2026-04-22T04:43:51.639+0000] {processor.py:830} INFO - Processing file /opt/airflow/dags/wired_dag.py for tasks to queue
[2026-04-22T04:43:51.642+0000] {logging_mixin.py:188} INFO - [2026-04-22T04:43:51.642+0000] {dagbag.py:545} INFO - Filling up the DagBag from /opt/airflow/dags/wired_dag.py
[2026-04-22T04:43:51.683+0000] {processor.py:840} INFO - DAG(s) 'wired_pipeline_dag' retrieved from /opt/airflow/dags/wired_dag.py
[2026-04-22T04:43:51.740+0000] {logging_mixin.py:188} INFO - [2026-04-22T04:43:51.740+0000] {dag.py:3096} INFO - Sync 1 DAGs
[2026-04-22T04:43:51.788+0000] {logging_mixin.py:188} INFO - [2026-04-22T04:43:51.787+0000] {dag.py:3954} INFO - Setting next_dagrun for wired_pipeline_dag to 2026-04-22 00:00:00+00:00, run_after=2026-04-23 00:00:00+00:00
[2026-04-22T04:43:51.825+0000] {processor.py:183} INFO - Processing /opt/airflow/dags/wired_dag.py took 0.196 seconds
[2026-04-22T04:44:22.518+0000] {processor.py:161} INFO - Started process (PID=251) to work on /opt/airflow/dags/wired_dag.py
[2026-04-22T04:44:22.520+0000] {processor.py:830} INFO - Processing file /opt/airflow/dags/wired_dag.py for tasks to queue
[2026-04-22T04:44:22.524+0000] {logging_mixin.py:188} INFO - [2026-04-22T04:44:22.523+0000] {dagbag.py:545} INFO - Filling up the DagBag from /opt/airflow/dags/wired_dag.py
[2026-04-22T04:44:22.569+0000] {processor.py:840} INFO - DAG(s) 'wired_pipeline_dag' retrieved from /opt/airflow/dags/wired_dag.py
[2026-04-22T04:44:22.622+0000] {logging_mixin.py:188} INFO - [2026-04-22T04:44:22.622+0000] {dag.py:3096} INFO - Sync 1 DAGs
[2026-04-22T04:44:22.660+0000] {logging_mixin.py:188} INFO - [2026-04-22T04:44:22.660+0000] {dag.py:3954} INFO - Setting next_dagrun for wired_pipeline_dag to 2026-04-22 00:00:00+00:00, run_after=2026-04-23 00:00:00+00:00
[2026-04-22T04:44:22.692+0000] {processor.py:183} INFO - Processing /opt/airflow/dags/wired_dag.py took 0.185 seconds
[2026-04-22T04:44:52.948+0000] {processor.py:161} INFO - Started process (PID=256) to work on /opt/airflow/dags/wired_dag.py
[2026-04-22T04:44:52.950+0000] {processor.py:830} INFO - Processing file /opt/airflow/dags/wired_dag.py for tasks to queue
[2026-04-22T04:44:52.953+0000] {logging_mixin.py:188} INFO - [2026-04-22T04:44:52.952+0000] {dagbag.py:545} INFO - Filling up the DagBag from /opt/airflow/dags/wired_dag.py
[2026-04-22T04:44:52.999+0000] {processor.py:840} INFO - DAG(s) 'wired_pipeline_dag' retrieved from /opt/airflow/dags/wired_dag.py
[2026-04-22T04:44:53.060+0000] {logging_mixin.py:188} INFO - [2026-04-22T04:44:53.060+0000] {dag.py:3096} INFO - Sync 1 DAGs
[2026-04-22T04:44:53.102+0000] {logging_mixin.py:188} INFO - [2026-04-22T04:44:53.102+0000] {dag.py:3954} INFO - Setting next_dagrun for wired_pipeline_dag to 2026-04-22 00:00:00+00:00, run_after=2026-04-23 00:00:00+00:00
[2026-04-22T04:44:53.135+0000] {processor.py:183} INFO - Processing /opt/airflow/dags/wired_dag.py took 0.197 seconds
[2026-04-22T04:45:23.888+0000] {processor.py:161} INFO - Started process (PID=261) to work on /opt/airflow/dags/wired_dag.py
[2026-04-22T04:45:23.890+0000] {processor.py:830} INFO - Processing file /opt/airflow/dags/wired_dag.py for tasks to queue
[2026-04-22T04:45:23.894+0000] {logging_mixin.py:188} INFO - [2026-04-22T04:45:23.894+0000] {dagbag.py:545} INFO - Filling up the DagBag from /opt/airflow/dags/wired_dag.py
[2026-04-22T04:45:23.943+0000] {processor.py:840} INFO - DAG(s) 'wired_pipeline_dag' retrieved from /opt/airflow/dags/wired_dag.py
[2026-04-22T04:45:23.998+0000] {logging_mixin.py:188} INFO - [2026-04-22T04:45:23.998+0000] {dag.py:3096} INFO - Sync 1 DAGs
[2026-04-22T04:45:24.039+0000] {logging_mixin.py:188} INFO - [2026-04-22T04:45:24.038+0000] {dag.py:3954} INFO - Setting next_dagrun for wired_pipeline_dag to 2026-04-22 00:00:00+00:00, run_after=2026-04-23 00:00:00+00:00
[2026-04-22T04:45:24.071+0000] {processor.py:183} INFO - Processing /opt/airflow/dags/wired_dag.py took 0.194 seconds
[2026-04-22T04:45:54.378+0000] {processor.py:161} INFO - Started process (PID=266) to work on /opt/airflow/dags/wired_dag.py
[2026-04-22T04:45:54.380+0000] {processor.py:830} INFO - Processing file /opt/airflow/dags/wired_dag.py for tasks to queue
[2026-04-22T04:45:54.384+0000] {logging_mixin.py:188} INFO - [2026-04-22T04:45:54.384+0000] {dagbag.py:545} INFO - Filling up the DagBag from /opt/airflow/dags/wired_dag.py
[2026-04-22T04:45:54.430+0000] {processor.py:840} INFO - DAG(s) 'wired_pipeline_dag' retrieved from /opt/airflow/dags/wired_dag.py
[2026-04-22T04:45:54.490+0000] {logging_mixin.py:188} INFO - [2026-04-22T04:45:54.489+0000] {dag.py:3096} INFO - Sync 1 DAGs
[2026-04-22T04:45:54.534+0000] {logging_mixin.py:188} INFO - [2026-04-22T04:45:54.534+0000] {dag.py:3954} INFO - Setting next_dagrun for wired_pipeline_dag to 2026-04-22 00:00:00+00:00, run_after=2026-04-23 00:00:00+00:00
[2026-04-22T04:45:54.566+0000] {processor.py:183} INFO - Processing /opt/airflow/dags/wired_dag.py took 0.200 seconds
[2026-04-22T04:46:25.037+0000] {processor.py:161} INFO - Started process (PID=271) to work on /opt/airflow/dags/wired_dag.py
[2026-04-22T04:46:25.039+0000] {processor.py:830} INFO - Processing file /opt/airflow/dags/wired_dag.py for tasks to queue
[2026-04-22T04:46:25.043+0000] {logging_mixin.py:188} INFO - [2026-04-22T04:46:25.042+0000] {dagbag.py:545} INFO - Filling up the DagBag from /opt/airflow/dags/wired_dag.py
[2026-04-22T04:46:25.084+0000] {processor.py:840} INFO - DAG(s) 'wired_pipeline_dag' retrieved from /opt/airflow/dags/wired_dag.py
[2026-04-22T04:46:25.136+0000] {logging_mixin.py:188} INFO - [2026-04-22T04:46:25.136+0000] {dag.py:3096} INFO - Sync 1 DAGs
[2026-04-22T04:46:25.174+0000] {logging_mixin.py:188} INFO - [2026-04-22T04:46:25.174+0000] {dag.py:3954} INFO - Setting next_dagrun for wired_pipeline_dag to 2026-04-22 00:00:00+00:00, run_after=2026-04-23 00:00:00+00:00
[2026-04-22T04:46:25.219+0000] {processor.py:183} INFO - Processing /opt/airflow/dags/wired_dag.py took 0.191 seconds
[2026-04-22T04:46:55.711+0000] {processor.py:161} INFO - Started process (PID=276) to work on /opt/airflow/dags/wired_dag.py
[2026-04-22T04:46:55.716+0000] {processor.py:830} INFO - Processing file /opt/airflow/dags/wired_dag.py for tasks to queue
[2026-04-22T04:46:55.722+0000] {logging_mixin.py:188} INFO - [2026-04-22T04:46:55.721+0000] {dagbag.py:545} INFO - Filling up the DagBag from /opt/airflow/dags/wired_dag.py
[2026-04-22T04:46:55.772+0000] {processor.py:840} INFO - DAG(s) 'wired_pipeline_dag' retrieved from /opt/airflow/dags/wired_dag.py
[2026-04-22T04:46:55.840+0000] {logging_mixin.py:188} INFO - [2026-04-22T04:46:55.840+0000] {dag.py:3096} INFO - Sync 1 DAGs
[2026-04-22T04:46:55.892+0000] {logging_mixin.py:188} INFO - [2026-04-22T04:46:55.892+0000] {dag.py:3954} INFO - Setting next_dagrun for wired_pipeline_dag to 2026-04-22 00:00:00+00:00, run_after=2026-04-23 00:00:00+00:00
[2026-04-22T04:46:55.930+0000] {processor.py:183} INFO - Processing /opt/airflow/dags/wired_dag.py took 0.234 seconds
[2026-04-22T04:47:26.281+0000] {processor.py:161} INFO - Started process (PID=281) to work on /opt/airflow/dags/wired_dag.py
[2026-04-22T04:47:26.284+0000] {processor.py:830} INFO - Processing file /opt/airflow/dags/wired_dag.py for tasks to queue
[2026-04-22T04:47:26.288+0000] {logging_mixin.py:188} INFO - [2026-04-22T04:47:26.287+0000] {dagbag.py:545} INFO - Filling up the DagBag from /opt/airflow/dags/wired_dag.py
[2026-04-22T04:47:26.353+0000] {processor.py:840} INFO - DAG(s) 'wired_pipeline_dag' retrieved from /opt/airflow/dags/wired_dag.py
[2026-04-22T04:47:26.443+0000] {logging_mixin.py:188} INFO - [2026-04-22T04:47:26.443+0000] {dag.py:3096} INFO - Sync 1 DAGs
[2026-04-22T04:47:26.524+0000] {logging_mixin.py:188} INFO - [2026-04-22T04:47:26.524+0000] {dag.py:3954} INFO - Setting next_dagrun for wired_pipeline_dag to 2026-04-22 00:00:00+00:00, run_after=2026-04-23 00:00:00+00:00
[2026-04-22T04:47:26.575+0000] {processor.py:183} INFO - Processing /opt/airflow/dags/wired_dag.py took 0.307 seconds
[2026-04-22T04:47:56.832+0000] {processor.py:161} INFO - Started process (PID=286) to work on /opt/airflow/dags/wired_dag.py
[2026-04-22T04:47:56.833+0000] {processor.py:830} INFO - Processing file /opt/airflow/dags/wired_dag.py for tasks to queue
[2026-04-22T04:47:56.836+0000] {logging_mixin.py:188} INFO - [2026-04-22T04:47:56.836+0000] {dagbag.py:545} INFO - Filling up the DagBag from /opt/airflow/dags/wired_dag.py
[2026-04-22T04:47:56.878+0000] {processor.py:840} INFO - DAG(s) 'wired_pipeline_dag' retrieved from /opt/airflow/dags/wired_dag.py
[2026-04-22T04:47:56.946+0000] {logging_mixin.py:188} INFO - [2026-04-22T04:47:56.945+0000] {dag.py:3096} INFO - Sync 1 DAGs
[2026-04-22T04:47:56.985+0000] {logging_mixin.py:188} INFO - [2026-04-22T04:47:56.984+0000] {dag.py:3954} INFO - Setting next_dagrun for wired_pipeline_dag to 2026-04-22 00:00:00+00:00, run_after=2026-04-23 00:00:00+00:00
[2026-04-22T04:47:57.016+0000] {processor.py:183} INFO - Processing /opt/airflow/dags/wired_dag.py took 0.194 seconds
[2026-04-22T04:48:27.480+0000] {processor.py:161} INFO - Started process (PID=291) to work on /opt/airflow/dags/wired_dag.py
[2026-04-22T04:48:27.482+0000] {processor.py:830} INFO - Processing file /opt/airflow/dags/wired_dag.py for tasks to queue
[2026-04-22T04:48:27.486+0000] {logging_mixin.py:188} INFO - [2026-04-22T04:48:27.485+0000] {dagbag.py:545} INFO - Filling up the DagBag from /opt/airflow/dags/wired_dag.py
[2026-04-22T04:48:27.530+0000] {processor.py:840} INFO - DAG(s) 'wired_pipeline_dag' retrieved from /opt/airflow/dags/wired_dag.py
[2026-04-22T04:48:27.589+0000] {logging_mixin.py:188} INFO - [2026-04-22T04:48:27.588+0000] {dag.py:3096} INFO - Sync 1 DAGs
[2026-04-22T04:48:27.633+0000] {logging_mixin.py:188} INFO - [2026-04-22T04:48:27.632+0000] {dag.py:3954} INFO - Setting next_dagrun for wired_pipeline_dag to 2026-04-22 00:00:00+00:00, run_after=2026-04-23 00:00:00+00:00
[2026-04-22T04:48:27.667+0000] {processor.py:183} INFO - Processing /opt/airflow/dags/wired_dag.py took 0.196 seconds
[2026-04-22T04:48:58.093+0000] {processor.py:161} INFO - Started process (PID=296) to work on /opt/airflow/dags/wired_dag.py
[2026-04-22T04:48:58.097+0000] {processor.py:830} INFO - Processing file /opt/airflow/dags/wired_dag.py for tasks to queue
[2026-04-22T04:48:58.102+0000] {logging_mixin.py:188} INFO - [2026-04-22T04:48:58.101+0000] {dagbag.py:545} INFO - Filling up the DagBag from /opt/airflow/dags/wired_dag.py
[2026-04-22T04:48:58.164+0000] {processor.py:840} INFO - DAG(s) 'wired_pipeline_dag' retrieved from /opt/airflow/dags/wired_dag.py
[2026-04-22T04:48:58.231+0000] {logging_mixin.py:188} INFO - [2026-04-22T04:48:58.230+0000] {dag.py:3096} INFO - Sync 1 DAGs
[2026-04-22T04:48:58.280+0000] {logging_mixin.py:188} INFO - [2026-04-22T04:48:58.279+0000] {dag.py:3954} INFO - Setting next_dagrun for wired_pipeline_dag to 2026-04-22 00:00:00+00:00, run_after=2026-04-23 00:00:00+00:00
[2026-04-22T04:48:58.318+0000] {processor.py:183} INFO - Processing /opt/airflow/dags/wired_dag.py took 0.240 seconds
[2026-04-22T04:49:28.733+0000] {processor.py:161} INFO - Started process (PID=301) to work on /opt/airflow/dags/wired_dag.py
[2026-04-22T04:49:28.735+0000] {processor.py:830} INFO - Processing file /opt/airflow/dags/wired_dag.py for tasks to queue
[2026-04-22T04:49:28.740+0000] {logging_mixin.py:188} INFO - [2026-04-22T04:49:28.740+0000] {dagbag.py:545} INFO - Filling up the DagBag from /opt/airflow/dags/wired_dag.py
[2026-04-22T04:49:28.799+0000] {processor.py:840} INFO - DAG(s) 'wired_pipeline_dag' retrieved from /opt/airflow/dags/wired_dag.py
[2026-04-22T04:49:28.872+0000] {logging_mixin.py:188} INFO - [2026-04-22T04:49:28.871+0000] {dag.py:3096} INFO - Sync 1 DAGs
[2026-04-22T04:49:28.927+0000] {logging_mixin.py:188} INFO - [2026-04-22T04:49:28.927+0000] {dag.py:3954} INFO - Setting next_dagrun for wired_pipeline_dag to 2026-04-22 00:00:00+00:00, run_after=2026-04-23 00:00:00+00:00
[2026-04-22T04:49:28.969+0000] {processor.py:183} INFO - Processing /opt/airflow/dags/wired_dag.py took 0.250 seconds
[2026-04-22T04:49:59.294+0000] {processor.py:161} INFO - Started process (PID=306) to work on /opt/airflow/dags/wired_dag.py
[2026-04-22T04:49:59.296+0000] {processor.py:830} INFO - Processing file /opt/airflow/dags/wired_dag.py for tasks to queue
[2026-04-22T04:49:59.301+0000] {logging_mixin.py:188} INFO - [2026-04-22T04:49:59.300+0000] {dagbag.py:545} INFO - Filling up the DagBag from /opt/airflow/dags/wired_dag.py
[2026-04-22T04:49:59.357+0000] {processor.py:840} INFO - DAG(s) 'wired_pipeline_dag' retrieved from /opt/airflow/dags/wired_dag.py
[2026-04-22T04:49:59.410+0000] {logging_mixin.py:188} INFO - [2026-04-22T04:49:59.410+0000] {dag.py:3096} INFO - Sync 1 DAGs
[2026-04-22T04:49:59.449+0000] {logging_mixin.py:188} INFO - [2026-04-22T04:49:59.449+0000] {dag.py:3954} INFO - Setting next_dagrun for wired_pipeline_dag to 2026-04-22 00:00:00+00:00, run_after=2026-04-23 00:00:00+00:00
[2026-04-22T04:49:59.479+0000] {processor.py:183} INFO - Processing /opt/airflow/dags/wired_dag.py took 0.197 seconds
[2026-04-22T04:50:29.811+0000] {processor.py:161} INFO - Started process (PID=311) to work on /opt/airflow/dags/wired_dag.py
[2026-04-22T04:50:29.814+0000] {processor.py:830} INFO - Processing file /opt/airflow/dags/wired_dag.py for tasks to queue
[2026-04-22T04:50:29.819+0000] {logging_mixin.py:188} INFO - [2026-04-22T04:50:29.818+0000] {dagbag.py:545} INFO - Filling up the DagBag from /opt/airflow/dags/wired_dag.py
[2026-04-22T04:50:29.865+0000] {processor.py:840} INFO - DAG(s) 'wired_pipeline_dag' retrieved from /opt/airflow/dags/wired_dag.py
[2026-04-22T04:50:29.924+0000] {logging_mixin.py:188} INFO - [2026-04-22T04:50:29.924+0000] {dag.py:3096} INFO - Sync 1 DAGs
[2026-04-22T04:50:29.973+0000] {logging_mixin.py:188} INFO - [2026-04-22T04:50:29.972+0000] {dag.py:3954} INFO - Setting next_dagrun for wired_pipeline_dag to 2026-04-22 00:00:00+00:00, run_after=2026-04-23 00:00:00+00:00
[2026-04-22T04:50:30.007+0000] {processor.py:183} INFO - Processing /opt/airflow/dags/wired_dag.py took 0.208 seconds
[2026-04-22T04:51:00.544+0000] {processor.py:161} INFO - Started process (PID=316) to work on /opt/airflow/dags/wired_dag.py
[2026-04-22T04:51:00.547+0000] {processor.py:830} INFO - Processing file /opt/airflow/dags/wired_dag.py for tasks to queue
[2026-04-22T04:51:00.551+0000] {logging_mixin.py:188} INFO - [2026-04-22T04:51:00.550+0000] {dagbag.py:545} INFO - Filling up the DagBag from /opt/airflow/dags/wired_dag.py
[2026-04-22T04:51:00.601+0000] {processor.py:840} INFO - DAG(s) 'wired_pipeline_dag' retrieved from /opt/airflow/dags/wired_dag.py
[2026-04-22T04:51:00.658+0000] {logging_mixin.py:188} INFO - [2026-04-22T04:51:00.658+0000] {dag.py:3096} INFO - Sync 1 DAGs
[2026-04-22T04:51:00.702+0000] {logging_mixin.py:188} INFO - [2026-04-22T04:51:00.702+0000] {dag.py:3954} INFO - Setting next_dagrun for wired_pipeline_dag to 2026-04-22 00:00:00+00:00, run_after=2026-04-23 00:00:00+00:00
[2026-04-22T04:51:00.740+0000] {processor.py:183} INFO - Processing /opt/airflow/dags/wired_dag.py took 0.206 seconds
[2026-04-22T04:51:31.095+0000] {processor.py:161} INFO - Started process (PID=321) to work on /opt/airflow/dags/wired_dag.py
[2026-04-22T04:51:31.099+0000] {processor.py:830} INFO - Processing file /opt/airflow/dags/wired_dag.py for tasks to queue
[2026-04-22T04:51:31.104+0000] {logging_mixin.py:188} INFO - [2026-04-22T04:51:31.103+0000] {dagbag.py:545} INFO - Filling up the DagBag from /opt/airflow/dags/wired_dag.py
[2026-04-22T04:51:31.149+0000] {processor.py:840} INFO - DAG(s) 'wired_pipeline_dag' retrieved from /opt/airflow/dags/wired_dag.py
[2026-04-22T04:51:31.209+0000] {logging_mixin.py:188} INFO - [2026-04-22T04:51:31.209+0000] {dag.py:3096} INFO - Sync 1 DAGs
[2026-04-22T04:51:31.251+0000] {logging_mixin.py:188} INFO - [2026-04-22T04:51:31.251+0000] {dag.py:3954} INFO - Setting next_dagrun for wired_pipeline_dag to 2026-04-22 00:00:00+00:00, run_after=2026-04-23 00:00:00+00:00
[2026-04-22T04:51:31.281+0000] {processor.py:183} INFO - Processing /opt/airflow/dags/wired_dag.py took 0.204 seconds
