[2026-04-21T23:33:21.280+0000] {processor.py:161} INFO - Started process (PID=172) to work on /opt/airflow/dags/wired_dag.py
[2026-04-21T23:33:21.283+0000] {processor.py:830} INFO - Processing file /opt/airflow/dags/wired_dag.py for tasks to queue
[2026-04-21T23:33:21.304+0000] {logging_mixin.py:188} INFO - [2026-04-21T23:33:21.299+0000] {dagbag.py:545} INFO - Filling up the DagBag from /opt/airflow/dags/wired_dag.py
[2026-04-21T23:33:21.367+0000] {logging_mixin.py:188} INFO - [2026-04-21T23:33:21.354+0000] {dagbag.py:355} ERROR - Failed to import: /opt/airflow/dags/wired_dag.py
Traceback (most recent call last):
  File "/home/airflow/.local/lib/python3.12/site-packages/airflow/models/dagbag.py", line 351, in parse
    loader.exec_module(new_module)
  File "<frozen importlib._bootstrap_external>", line 991, in exec_module
  File "<frozen importlib._bootstrap_external>", line 1129, in get_code
  File "<frozen importlib._bootstrap_external>", line 1059, in source_to_code
  File "<frozen importlib._bootstrap>", line 488, in _call_with_frames_removed
  File "/opt/airflow/dags/wired_dag.py", line 47
    print(f"[*] Fetching dari {API_URL}...")
    ^^^^^
IndentationError: expected an indented block after function definition on line 46
[2026-04-21T23:33:21.369+0000] {processor.py:842} WARNING - No viable dags retrieved from /opt/airflow/dags/wired_dag.py
[2026-04-21T23:33:21.470+0000] {processor.py:183} INFO - Processing /opt/airflow/dags/wired_dag.py took 0.241 seconds
[2026-04-21T23:33:22.266+0000] {processor.py:161} INFO - Started process (PID=177) to work on /opt/airflow/dags/wired_dag.py
[2026-04-21T23:33:22.268+0000] {processor.py:830} INFO - Processing file /opt/airflow/dags/wired_dag.py for tasks to queue
[2026-04-21T23:33:22.274+0000] {logging_mixin.py:188} INFO - [2026-04-21T23:33:22.273+0000] {dagbag.py:545} INFO - Filling up the DagBag from /opt/airflow/dags/wired_dag.py
[2026-04-21T23:33:22.317+0000] {logging_mixin.py:188} INFO - [2026-04-21T23:33:22.314+0000] {dagbag.py:355} ERROR - Failed to import: /opt/airflow/dags/wired_dag.py
Traceback (most recent call last):
  File "/home/airflow/.local/lib/python3.12/site-packages/airflow/models/dagbag.py", line 351, in parse
    loader.exec_module(new_module)
  File "<frozen importlib._bootstrap_external>", line 991, in exec_module
  File "<frozen importlib._bootstrap_external>", line 1129, in get_code
  File "<frozen importlib._bootstrap_external>", line 1059, in source_to_code
  File "<frozen importlib._bootstrap>", line 488, in _call_with_frames_removed
  File "/opt/airflow/dags/wired_dag.py", line 47
    print(f"[*] Fetching dari {API_URL}...")
    ^^^^^
IndentationError: expected an indented block after function definition on line 46
[2026-04-21T23:33:22.320+0000] {processor.py:842} WARNING - No viable dags retrieved from /opt/airflow/dags/wired_dag.py
[2026-04-21T23:33:22.374+0000] {processor.py:183} INFO - Processing /opt/airflow/dags/wired_dag.py took 0.121 seconds
[2026-04-21T23:33:22.472+0000] {processor.py:161} INFO - Started process (PID=182) to work on /opt/airflow/dags/wired_dag.py
[2026-04-21T23:33:22.474+0000] {processor.py:830} INFO - Processing file /opt/airflow/dags/wired_dag.py for tasks to queue
[2026-04-21T23:33:22.480+0000] {logging_mixin.py:188} INFO - [2026-04-21T23:33:22.479+0000] {dagbag.py:545} INFO - Filling up the DagBag from /opt/airflow/dags/wired_dag.py
[2026-04-21T23:33:22.517+0000] {logging_mixin.py:188} INFO - [2026-04-21T23:33:22.514+0000] {dagbag.py:355} ERROR - Failed to import: /opt/airflow/dags/wired_dag.py
Traceback (most recent call last):
  File "/home/airflow/.local/lib/python3.12/site-packages/airflow/models/dagbag.py", line 351, in parse
    loader.exec_module(new_module)
  File "<frozen importlib._bootstrap_external>", line 991, in exec_module
  File "<frozen importlib._bootstrap_external>", line 1129, in get_code
  File "<frozen importlib._bootstrap_external>", line 1059, in source_to_code
  File "<frozen importlib._bootstrap>", line 488, in _call_with_frames_removed
  File "/opt/airflow/dags/wired_dag.py", line 47
    print(f"[*] Fetching dari {API_URL}...")
    ^^^^^
IndentationError: expected an indented block after function definition on line 46
[2026-04-21T23:33:22.518+0000] {processor.py:842} WARNING - No viable dags retrieved from /opt/airflow/dags/wired_dag.py
[2026-04-21T23:33:22.565+0000] {processor.py:183} INFO - Processing /opt/airflow/dags/wired_dag.py took 0.105 seconds
[2026-04-21T23:33:29.638+0000] {processor.py:161} INFO - Started process (PID=187) to work on /opt/airflow/dags/wired_dag.py
[2026-04-21T23:33:29.641+0000] {processor.py:830} INFO - Processing file /opt/airflow/dags/wired_dag.py for tasks to queue
[2026-04-21T23:33:29.648+0000] {logging_mixin.py:188} INFO - [2026-04-21T23:33:29.646+0000] {dagbag.py:545} INFO - Filling up the DagBag from /opt/airflow/dags/wired_dag.py
[2026-04-21T23:33:29.689+0000] {logging_mixin.py:188} INFO - [2026-04-21T23:33:29.685+0000] {dagbag.py:355} ERROR - Failed to import: /opt/airflow/dags/wired_dag.py
Traceback (most recent call last):
  File "/home/airflow/.local/lib/python3.12/site-packages/airflow/models/dagbag.py", line 351, in parse
    loader.exec_module(new_module)
  File "<frozen importlib._bootstrap_external>", line 991, in exec_module
  File "<frozen importlib._bootstrap_external>", line 1129, in get_code
  File "<frozen importlib._bootstrap_external>", line 1059, in source_to_code
  File "<frozen importlib._bootstrap>", line 488, in _call_with_frames_removed
  File "/opt/airflow/dags/wired_dag.py", line 47
    print(f"[*] Fetching dari {API_URL}...")
    ^^^^^
IndentationError: expected an indented block after function definition on line 46
[2026-04-21T23:33:29.691+0000] {processor.py:842} WARNING - No viable dags retrieved from /opt/airflow/dags/wired_dag.py
[2026-04-21T23:33:29.745+0000] {processor.py:183} INFO - Processing /opt/airflow/dags/wired_dag.py took 0.128 seconds
[2026-04-21T23:33:30.778+0000] {processor.py:161} INFO - Started process (PID=192) to work on /opt/airflow/dags/wired_dag.py
[2026-04-21T23:33:30.780+0000] {processor.py:830} INFO - Processing file /opt/airflow/dags/wired_dag.py for tasks to queue
[2026-04-21T23:33:30.784+0000] {logging_mixin.py:188} INFO - [2026-04-21T23:33:30.783+0000] {dagbag.py:545} INFO - Filling up the DagBag from /opt/airflow/dags/wired_dag.py
[2026-04-21T23:33:30.820+0000] {logging_mixin.py:188} INFO - [2026-04-21T23:33:30.815+0000] {dagbag.py:355} ERROR - Failed to import: /opt/airflow/dags/wired_dag.py
Traceback (most recent call last):
  File "/home/airflow/.local/lib/python3.12/site-packages/airflow/models/dagbag.py", line 351, in parse
    loader.exec_module(new_module)
  File "<frozen importlib._bootstrap_external>", line 991, in exec_module
  File "<frozen importlib._bootstrap_external>", line 1129, in get_code
  File "<frozen importlib._bootstrap_external>", line 1059, in source_to_code
  File "<frozen importlib._bootstrap>", line 488, in _call_with_frames_removed
  File "/opt/airflow/dags/wired_dag.py", line 47
    print(f"[*] Fetching dari {API_URL}...")
    ^^^^^
IndentationError: expected an indented block after function definition on line 46
[2026-04-21T23:33:30.823+0000] {processor.py:842} WARNING - No viable dags retrieved from /opt/airflow/dags/wired_dag.py
[2026-04-21T23:33:30.886+0000] {processor.py:183} INFO - Processing /opt/airflow/dags/wired_dag.py took 0.118 seconds
[2026-04-21T23:33:43.511+0000] {processor.py:161} INFO - Started process (PID=197) to work on /opt/airflow/dags/wired_dag.py
[2026-04-21T23:33:43.514+0000] {processor.py:830} INFO - Processing file /opt/airflow/dags/wired_dag.py for tasks to queue
[2026-04-21T23:33:43.519+0000] {logging_mixin.py:188} INFO - [2026-04-21T23:33:43.519+0000] {dagbag.py:545} INFO - Filling up the DagBag from /opt/airflow/dags/wired_dag.py
[2026-04-21T23:33:43.555+0000] {logging_mixin.py:188} INFO - [2026-04-21T23:33:43.552+0000] {dagbag.py:355} ERROR - Failed to import: /opt/airflow/dags/wired_dag.py
Traceback (most recent call last):
  File "/home/airflow/.local/lib/python3.12/site-packages/airflow/models/dagbag.py", line 351, in parse
    loader.exec_module(new_module)
  File "<frozen importlib._bootstrap_external>", line 991, in exec_module
  File "<frozen importlib._bootstrap_external>", line 1129, in get_code
  File "<frozen importlib._bootstrap_external>", line 1059, in source_to_code
  File "<frozen importlib._bootstrap>", line 488, in _call_with_frames_removed
  File "/opt/airflow/dags/wired_dag.py", line 47
    print(f"[*] Fetching dari {API_URL}...")
    ^^^^^
IndentationError: expected an indented block after function definition on line 46
[2026-04-21T23:33:43.556+0000] {processor.py:842} WARNING - No viable dags retrieved from /opt/airflow/dags/wired_dag.py
[2026-04-21T23:33:43.616+0000] {processor.py:183} INFO - Processing /opt/airflow/dags/wired_dag.py took 0.119 seconds
[2026-04-21T23:33:43.726+0000] {processor.py:161} INFO - Started process (PID=202) to work on /opt/airflow/dags/wired_dag.py
[2026-04-21T23:33:43.729+0000] {processor.py:830} INFO - Processing file /opt/airflow/dags/wired_dag.py for tasks to queue
[2026-04-21T23:33:43.734+0000] {logging_mixin.py:188} INFO - [2026-04-21T23:33:43.733+0000] {dagbag.py:545} INFO - Filling up the DagBag from /opt/airflow/dags/wired_dag.py
[2026-04-21T23:33:43.773+0000] {logging_mixin.py:188} INFO - [2026-04-21T23:33:43.771+0000] {dagbag.py:355} ERROR - Failed to import: /opt/airflow/dags/wired_dag.py
Traceback (most recent call last):
  File "/home/airflow/.local/lib/python3.12/site-packages/airflow/models/dagbag.py", line 351, in parse
    loader.exec_module(new_module)
  File "<frozen importlib._bootstrap_external>", line 991, in exec_module
  File "<frozen importlib._bootstrap_external>", line 1129, in get_code
  File "<frozen importlib._bootstrap_external>", line 1059, in source_to_code
  File "<frozen importlib._bootstrap>", line 488, in _call_with_frames_removed
  File "/opt/airflow/dags/wired_dag.py", line 47
    print(f"[*] Fetching dari {API_URL}...")
    ^^^^^
IndentationError: expected an indented block after function definition on line 46
[2026-04-21T23:33:43.775+0000] {processor.py:842} WARNING - No viable dags retrieved from /opt/airflow/dags/wired_dag.py
[2026-04-21T23:33:43.816+0000] {processor.py:183} INFO - Processing /opt/airflow/dags/wired_dag.py took 0.106 seconds
[2026-04-21T23:33:43.914+0000] {processor.py:161} INFO - Started process (PID=207) to work on /opt/airflow/dags/wired_dag.py
[2026-04-21T23:33:43.915+0000] {processor.py:830} INFO - Processing file /opt/airflow/dags/wired_dag.py for tasks to queue
[2026-04-21T23:33:43.920+0000] {logging_mixin.py:188} INFO - [2026-04-21T23:33:43.919+0000] {dagbag.py:545} INFO - Filling up the DagBag from /opt/airflow/dags/wired_dag.py
[2026-04-21T23:33:43.954+0000] {logging_mixin.py:188} INFO - [2026-04-21T23:33:43.951+0000] {dagbag.py:355} ERROR - Failed to import: /opt/airflow/dags/wired_dag.py
Traceback (most recent call last):
  File "/home/airflow/.local/lib/python3.12/site-packages/airflow/models/dagbag.py", line 351, in parse
    loader.exec_module(new_module)
  File "<frozen importlib._bootstrap_external>", line 991, in exec_module
  File "<frozen importlib._bootstrap_external>", line 1129, in get_code
  File "<frozen importlib._bootstrap_external>", line 1059, in source_to_code
  File "<frozen importlib._bootstrap>", line 488, in _call_with_frames_removed
  File "/opt/airflow/dags/wired_dag.py", line 47
    print(f"[*] Fetching dari {API_URL}...")
    ^^^^^
IndentationError: expected an indented block after function definition on line 46
[2026-04-21T23:33:43.955+0000] {processor.py:842} WARNING - No viable dags retrieved from /opt/airflow/dags/wired_dag.py
[2026-04-21T23:33:43.998+0000] {processor.py:183} INFO - Processing /opt/airflow/dags/wired_dag.py took 0.095 seconds
[2026-04-21T23:33:44.094+0000] {processor.py:161} INFO - Started process (PID=212) to work on /opt/airflow/dags/wired_dag.py
[2026-04-21T23:33:44.096+0000] {processor.py:830} INFO - Processing file /opt/airflow/dags/wired_dag.py for tasks to queue
[2026-04-21T23:33:44.100+0000] {logging_mixin.py:188} INFO - [2026-04-21T23:33:44.100+0000] {dagbag.py:545} INFO - Filling up the DagBag from /opt/airflow/dags/wired_dag.py
[2026-04-21T23:33:44.135+0000] {logging_mixin.py:188} INFO - [2026-04-21T23:33:44.132+0000] {dagbag.py:355} ERROR - Failed to import: /opt/airflow/dags/wired_dag.py
Traceback (most recent call last):
  File "/home/airflow/.local/lib/python3.12/site-packages/airflow/models/dagbag.py", line 351, in parse
    loader.exec_module(new_module)
  File "<frozen importlib._bootstrap_external>", line 991, in exec_module
  File "<frozen importlib._bootstrap_external>", line 1129, in get_code
  File "<frozen importlib._bootstrap_external>", line 1059, in source_to_code
  File "<frozen importlib._bootstrap>", line 488, in _call_with_frames_removed
  File "/opt/airflow/dags/wired_dag.py", line 47
    print(f"[*] Fetching dari {API_URL}...")
    ^^^^^
IndentationError: expected an indented block after function definition on line 46
[2026-04-21T23:33:44.136+0000] {processor.py:842} WARNING - No viable dags retrieved from /opt/airflow/dags/wired_dag.py
[2026-04-21T23:33:44.183+0000] {processor.py:183} INFO - Processing /opt/airflow/dags/wired_dag.py took 0.100 seconds
[2026-04-21T23:34:15.015+0000] {processor.py:161} INFO - Started process (PID=217) to work on /opt/airflow/dags/wired_dag.py
[2026-04-21T23:34:15.018+0000] {processor.py:830} INFO - Processing file /opt/airflow/dags/wired_dag.py for tasks to queue
[2026-04-21T23:34:15.022+0000] {logging_mixin.py:188} INFO - [2026-04-21T23:34:15.021+0000] {dagbag.py:545} INFO - Filling up the DagBag from /opt/airflow/dags/wired_dag.py
[2026-04-21T23:34:15.058+0000] {logging_mixin.py:188} INFO - [2026-04-21T23:34:15.056+0000] {dagbag.py:355} ERROR - Failed to import: /opt/airflow/dags/wired_dag.py
Traceback (most recent call last):
  File "/home/airflow/.local/lib/python3.12/site-packages/airflow/models/dagbag.py", line 351, in parse
    loader.exec_module(new_module)
  File "<frozen importlib._bootstrap_external>", line 991, in exec_module
  File "<frozen importlib._bootstrap_external>", line 1129, in get_code
  File "<frozen importlib._bootstrap_external>", line 1059, in source_to_code
  File "<frozen importlib._bootstrap>", line 488, in _call_with_frames_removed
  File "/opt/airflow/dags/wired_dag.py", line 47
    print(f"[*] Fetching dari {API_URL}...")
    ^^^^^
IndentationError: expected an indented block after function definition on line 46
[2026-04-21T23:34:15.060+0000] {processor.py:842} WARNING - No viable dags retrieved from /opt/airflow/dags/wired_dag.py
[2026-04-21T23:34:15.102+0000] {processor.py:183} INFO - Processing /opt/airflow/dags/wired_dag.py took 0.098 seconds
[2026-04-21T23:34:45.931+0000] {processor.py:161} INFO - Started process (PID=222) to work on /opt/airflow/dags/wired_dag.py
[2026-04-21T23:34:45.934+0000] {processor.py:830} INFO - Processing file /opt/airflow/dags/wired_dag.py for tasks to queue
[2026-04-21T23:34:45.939+0000] {logging_mixin.py:188} INFO - [2026-04-21T23:34:45.938+0000] {dagbag.py:545} INFO - Filling up the DagBag from /opt/airflow/dags/wired_dag.py
[2026-04-21T23:34:45.969+0000] {logging_mixin.py:188} INFO - [2026-04-21T23:34:45.967+0000] {dagbag.py:355} ERROR - Failed to import: /opt/airflow/dags/wired_dag.py
Traceback (most recent call last):
  File "/home/airflow/.local/lib/python3.12/site-packages/airflow/models/dagbag.py", line 351, in parse
    loader.exec_module(new_module)
  File "<frozen importlib._bootstrap_external>", line 991, in exec_module
  File "<frozen importlib._bootstrap_external>", line 1129, in get_code
  File "<frozen importlib._bootstrap_external>", line 1059, in source_to_code
  File "<frozen importlib._bootstrap>", line 488, in _call_with_frames_removed
  File "/opt/airflow/dags/wired_dag.py", line 47
    print(f"[*] Fetching dari {API_URL}...")
    ^^^^^
IndentationError: expected an indented block after function definition on line 46
[2026-04-21T23:34:45.971+0000] {processor.py:842} WARNING - No viable dags retrieved from /opt/airflow/dags/wired_dag.py
[2026-04-21T23:34:46.016+0000] {processor.py:183} INFO - Processing /opt/airflow/dags/wired_dag.py took 0.102 seconds
[2026-04-21T23:35:16.972+0000] {processor.py:161} INFO - Started process (PID=227) to work on /opt/airflow/dags/wired_dag.py
[2026-04-21T23:35:16.975+0000] {processor.py:830} INFO - Processing file /opt/airflow/dags/wired_dag.py for tasks to queue
[2026-04-21T23:35:16.981+0000] {logging_mixin.py:188} INFO - [2026-04-21T23:35:16.980+0000] {dagbag.py:545} INFO - Filling up the DagBag from /opt/airflow/dags/wired_dag.py
[2026-04-21T23:35:17.023+0000] {logging_mixin.py:188} INFO - [2026-04-21T23:35:17.020+0000] {dagbag.py:355} ERROR - Failed to import: /opt/airflow/dags/wired_dag.py
Traceback (most recent call last):
  File "/home/airflow/.local/lib/python3.12/site-packages/airflow/models/dagbag.py", line 351, in parse
    loader.exec_module(new_module)
  File "<frozen importlib._bootstrap_external>", line 991, in exec_module
  File "<frozen importlib._bootstrap_external>", line 1129, in get_code
  File "<frozen importlib._bootstrap_external>", line 1059, in source_to_code
  File "<frozen importlib._bootstrap>", line 488, in _call_with_frames_removed
  File "/opt/airflow/dags/wired_dag.py", line 47
    print(f"[*] Fetching dari {API_URL}...")
    ^^^^^
IndentationError: expected an indented block after function definition on line 46
[2026-04-21T23:35:17.025+0000] {processor.py:842} WARNING - No viable dags retrieved from /opt/airflow/dags/wired_dag.py
[2026-04-21T23:35:17.079+0000] {processor.py:183} INFO - Processing /opt/airflow/dags/wired_dag.py took 0.127 seconds
[2026-04-21T23:35:48.025+0000] {processor.py:161} INFO - Started process (PID=232) to work on /opt/airflow/dags/wired_dag.py
[2026-04-21T23:35:48.029+0000] {processor.py:830} INFO - Processing file /opt/airflow/dags/wired_dag.py for tasks to queue
[2026-04-21T23:35:48.035+0000] {logging_mixin.py:188} INFO - [2026-04-21T23:35:48.034+0000] {dagbag.py:545} INFO - Filling up the DagBag from /opt/airflow/dags/wired_dag.py
[2026-04-21T23:35:48.080+0000] {logging_mixin.py:188} INFO - [2026-04-21T23:35:48.076+0000] {dagbag.py:355} ERROR - Failed to import: /opt/airflow/dags/wired_dag.py
Traceback (most recent call last):
  File "/home/airflow/.local/lib/python3.12/site-packages/airflow/models/dagbag.py", line 351, in parse
    loader.exec_module(new_module)
  File "<frozen importlib._bootstrap_external>", line 991, in exec_module
  File "<frozen importlib._bootstrap_external>", line 1129, in get_code
  File "<frozen importlib._bootstrap_external>", line 1059, in source_to_code
  File "<frozen importlib._bootstrap>", line 488, in _call_with_frames_removed
  File "/opt/airflow/dags/wired_dag.py", line 47
    print(f"[*] Fetching dari {API_URL}...")
    ^^^^^
IndentationError: expected an indented block after function definition on line 46
[2026-04-21T23:35:48.081+0000] {processor.py:842} WARNING - No viable dags retrieved from /opt/airflow/dags/wired_dag.py
[2026-04-21T23:35:48.139+0000] {processor.py:183} INFO - Processing /opt/airflow/dags/wired_dag.py took 0.135 seconds
[2026-04-21T23:36:19.147+0000] {processor.py:161} INFO - Started process (PID=237) to work on /opt/airflow/dags/wired_dag.py
[2026-04-21T23:36:19.150+0000] {processor.py:830} INFO - Processing file /opt/airflow/dags/wired_dag.py for tasks to queue
[2026-04-21T23:36:19.155+0000] {logging_mixin.py:188} INFO - [2026-04-21T23:36:19.154+0000] {dagbag.py:545} INFO - Filling up the DagBag from /opt/airflow/dags/wired_dag.py
[2026-04-21T23:36:19.198+0000] {logging_mixin.py:188} INFO - [2026-04-21T23:36:19.194+0000] {dagbag.py:355} ERROR - Failed to import: /opt/airflow/dags/wired_dag.py
Traceback (most recent call last):
  File "/home/airflow/.local/lib/python3.12/site-packages/airflow/models/dagbag.py", line 351, in parse
    loader.exec_module(new_module)
  File "<frozen importlib._bootstrap_external>", line 991, in exec_module
  File "<frozen importlib._bootstrap_external>", line 1129, in get_code
  File "<frozen importlib._bootstrap_external>", line 1059, in source_to_code
  File "<frozen importlib._bootstrap>", line 488, in _call_with_frames_removed
  File "/opt/airflow/dags/wired_dag.py", line 47
    print(f"[*] Fetching dari {API_URL}...")
    ^^^^^
IndentationError: expected an indented block after function definition on line 46
[2026-04-21T23:36:19.200+0000] {processor.py:842} WARNING - No viable dags retrieved from /opt/airflow/dags/wired_dag.py
[2026-04-21T23:36:19.253+0000] {processor.py:183} INFO - Processing /opt/airflow/dags/wired_dag.py took 0.124 seconds
[2026-04-21T23:36:49.402+0000] {processor.py:161} INFO - Started process (PID=242) to work on /opt/airflow/dags/wired_dag.py
[2026-04-21T23:36:49.406+0000] {processor.py:830} INFO - Processing file /opt/airflow/dags/wired_dag.py for tasks to queue
[2026-04-21T23:36:49.414+0000] {logging_mixin.py:188} INFO - [2026-04-21T23:36:49.413+0000] {dagbag.py:545} INFO - Filling up the DagBag from /opt/airflow/dags/wired_dag.py
[2026-04-21T23:36:49.453+0000] {logging_mixin.py:188} INFO - [2026-04-21T23:36:49.449+0000] {dagbag.py:355} ERROR - Failed to import: /opt/airflow/dags/wired_dag.py
Traceback (most recent call last):
  File "/home/airflow/.local/lib/python3.12/site-packages/airflow/models/dagbag.py", line 351, in parse
    loader.exec_module(new_module)
  File "<frozen importlib._bootstrap_external>", line 991, in exec_module
  File "<frozen importlib._bootstrap_external>", line 1129, in get_code
  File "<frozen importlib._bootstrap_external>", line 1059, in source_to_code
  File "<frozen importlib._bootstrap>", line 488, in _call_with_frames_removed
  File "/opt/airflow/dags/wired_dag.py", line 47
    print(f"[*] Fetching dari {API_URL}...")
    ^^^^^
IndentationError: expected an indented block after function definition on line 46
[2026-04-21T23:36:49.455+0000] {processor.py:842} WARNING - No viable dags retrieved from /opt/airflow/dags/wired_dag.py
[2026-04-21T23:36:49.507+0000] {processor.py:183} INFO - Processing /opt/airflow/dags/wired_dag.py took 0.130 seconds
[2026-04-21T23:37:19.818+0000] {processor.py:161} INFO - Started process (PID=247) to work on /opt/airflow/dags/wired_dag.py
[2026-04-21T23:37:19.821+0000] {processor.py:830} INFO - Processing file /opt/airflow/dags/wired_dag.py for tasks to queue
[2026-04-21T23:37:19.829+0000] {logging_mixin.py:188} INFO - [2026-04-21T23:37:19.827+0000] {dagbag.py:545} INFO - Filling up the DagBag from /opt/airflow/dags/wired_dag.py
[2026-04-21T23:37:19.870+0000] {logging_mixin.py:188} INFO - [2026-04-21T23:37:19.867+0000] {dagbag.py:355} ERROR - Failed to import: /opt/airflow/dags/wired_dag.py
Traceback (most recent call last):
  File "/home/airflow/.local/lib/python3.12/site-packages/airflow/models/dagbag.py", line 351, in parse
    loader.exec_module(new_module)
  File "<frozen importlib._bootstrap_external>", line 991, in exec_module
  File "<frozen importlib._bootstrap_external>", line 1129, in get_code
  File "<frozen importlib._bootstrap_external>", line 1059, in source_to_code
  File "<frozen importlib._bootstrap>", line 488, in _call_with_frames_removed
  File "/opt/airflow/dags/wired_dag.py", line 47
    print(f"[*] Fetching dari {API_URL}...")
    ^^^^^
IndentationError: expected an indented block after function definition on line 46
[2026-04-21T23:37:19.871+0000] {processor.py:842} WARNING - No viable dags retrieved from /opt/airflow/dags/wired_dag.py
[2026-04-21T23:37:19.937+0000] {processor.py:183} INFO - Processing /opt/airflow/dags/wired_dag.py took 0.142 seconds
[2026-04-21T23:37:49.072+0000] {processor.py:161} INFO - Started process (PID=252) to work on /opt/airflow/dags/wired_dag.py
[2026-04-21T23:37:49.076+0000] {processor.py:830} INFO - Processing file /opt/airflow/dags/wired_dag.py for tasks to queue
[2026-04-21T23:37:49.090+0000] {logging_mixin.py:188} INFO - [2026-04-21T23:37:49.089+0000] {dagbag.py:545} INFO - Filling up the DagBag from /opt/airflow/dags/wired_dag.py
[2026-04-21T23:37:49.265+0000] {processor.py:840} INFO - DAG(s) 'wired_pipeline_dag' retrieved from /opt/airflow/dags/wired_dag.py
[2026-04-21T23:37:50.219+0000] {logging_mixin.py:188} INFO - [2026-04-21T23:37:50.218+0000] {override.py:1829} INFO - Created Permission View: can delete on DAG:wired_pipeline_dag
[2026-04-21T23:37:50.244+0000] {logging_mixin.py:188} INFO - [2026-04-21T23:37:50.243+0000] {override.py:1829} INFO - Created Permission View: can edit on DAG:wired_pipeline_dag
[2026-04-21T23:37:50.258+0000] {logging_mixin.py:188} INFO - [2026-04-21T23:37:50.257+0000] {override.py:1829} INFO - Created Permission View: can read on DAG:wired_pipeline_dag
[2026-04-21T23:37:50.259+0000] {logging_mixin.py:188} INFO - [2026-04-21T23:37:50.259+0000] {dag.py:3096} INFO - Sync 1 DAGs
[2026-04-21T23:37:50.292+0000] {logging_mixin.py:188} INFO - [2026-04-21T23:37:50.292+0000] {dag.py:3118} INFO - Creating ORM DAG for wired_pipeline_dag
[2026-04-21T23:37:50.327+0000] {logging_mixin.py:188} INFO - [2026-04-21T23:37:50.327+0000] {dag.py:3954} INFO - Setting next_dagrun for wired_pipeline_dag to 2026-04-22 00:00:00+00:00, run_after=2026-04-23 00:00:00+00:00
[2026-04-21T23:37:50.384+0000] {processor.py:183} INFO - Processing /opt/airflow/dags/wired_dag.py took 1.330 seconds
[2026-04-21T23:38:21.302+0000] {processor.py:161} INFO - Started process (PID=257) to work on /opt/airflow/dags/wired_dag.py
[2026-04-21T23:38:21.305+0000] {processor.py:830} INFO - Processing file /opt/airflow/dags/wired_dag.py for tasks to queue
[2026-04-21T23:38:21.311+0000] {logging_mixin.py:188} INFO - [2026-04-21T23:38:21.310+0000] {dagbag.py:545} INFO - Filling up the DagBag from /opt/airflow/dags/wired_dag.py
[2026-04-21T23:38:21.374+0000] {processor.py:840} INFO - DAG(s) 'wired_pipeline_dag' retrieved from /opt/airflow/dags/wired_dag.py
[2026-04-21T23:38:21.448+0000] {logging_mixin.py:188} INFO - [2026-04-21T23:38:21.448+0000] {dag.py:3096} INFO - Sync 1 DAGs
[2026-04-21T23:38:21.505+0000] {logging_mixin.py:188} INFO - [2026-04-21T23:38:21.504+0000] {dag.py:3954} INFO - Setting next_dagrun for wired_pipeline_dag to 2026-04-22 00:00:00+00:00, run_after=2026-04-23 00:00:00+00:00
[2026-04-21T23:38:21.545+0000] {processor.py:183} INFO - Processing /opt/airflow/dags/wired_dag.py took 0.260 seconds
[2026-04-21T23:38:52.564+0000] {processor.py:161} INFO - Started process (PID=262) to work on /opt/airflow/dags/wired_dag.py
[2026-04-21T23:38:52.566+0000] {processor.py:830} INFO - Processing file /opt/airflow/dags/wired_dag.py for tasks to queue
[2026-04-21T23:38:52.571+0000] {logging_mixin.py:188} INFO - [2026-04-21T23:38:52.570+0000] {dagbag.py:545} INFO - Filling up the DagBag from /opt/airflow/dags/wired_dag.py
[2026-04-21T23:38:52.621+0000] {processor.py:840} INFO - DAG(s) 'wired_pipeline_dag' retrieved from /opt/airflow/dags/wired_dag.py
[2026-04-21T23:38:52.679+0000] {logging_mixin.py:188} INFO - [2026-04-21T23:38:52.679+0000] {dag.py:3096} INFO - Sync 1 DAGs
[2026-04-21T23:38:52.724+0000] {logging_mixin.py:188} INFO - [2026-04-21T23:38:52.723+0000] {dag.py:3954} INFO - Setting next_dagrun for wired_pipeline_dag to 2026-04-22 00:00:00+00:00, run_after=2026-04-23 00:00:00+00:00
[2026-04-21T23:38:52.763+0000] {processor.py:183} INFO - Processing /opt/airflow/dags/wired_dag.py took 0.209 seconds
[2026-04-21T23:39:23.317+0000] {processor.py:161} INFO - Started process (PID=267) to work on /opt/airflow/dags/wired_dag.py
[2026-04-21T23:39:23.321+0000] {processor.py:830} INFO - Processing file /opt/airflow/dags/wired_dag.py for tasks to queue
[2026-04-21T23:39:23.328+0000] {logging_mixin.py:188} INFO - [2026-04-21T23:39:23.326+0000] {dagbag.py:545} INFO - Filling up the DagBag from /opt/airflow/dags/wired_dag.py
[2026-04-21T23:39:23.411+0000] {processor.py:840} INFO - DAG(s) 'wired_pipeline_dag' retrieved from /opt/airflow/dags/wired_dag.py
[2026-04-21T23:39:23.513+0000] {logging_mixin.py:188} INFO - [2026-04-21T23:39:23.512+0000] {dag.py:3096} INFO - Sync 1 DAGs
[2026-04-21T23:39:23.591+0000] {logging_mixin.py:188} INFO - [2026-04-21T23:39:23.590+0000] {dag.py:3954} INFO - Setting next_dagrun for wired_pipeline_dag to 2026-04-22 00:00:00+00:00, run_after=2026-04-23 00:00:00+00:00
[2026-04-21T23:39:23.646+0000] {processor.py:183} INFO - Processing /opt/airflow/dags/wired_dag.py took 0.346 seconds
[2026-04-21T23:39:53.818+0000] {processor.py:161} INFO - Started process (PID=272) to work on /opt/airflow/dags/wired_dag.py
[2026-04-21T23:39:53.822+0000] {processor.py:830} INFO - Processing file /opt/airflow/dags/wired_dag.py for tasks to queue
[2026-04-21T23:39:53.829+0000] {logging_mixin.py:188} INFO - [2026-04-21T23:39:53.827+0000] {dagbag.py:545} INFO - Filling up the DagBag from /opt/airflow/dags/wired_dag.py
[2026-04-21T23:39:53.935+0000] {processor.py:840} INFO - DAG(s) 'wired_pipeline_dag' retrieved from /opt/airflow/dags/wired_dag.py
[2026-04-21T23:39:54.078+0000] {logging_mixin.py:188} INFO - [2026-04-21T23:39:54.076+0000] {dag.py:3096} INFO - Sync 1 DAGs
[2026-04-21T23:39:54.185+0000] {logging_mixin.py:188} INFO - [2026-04-21T23:39:54.184+0000] {dag.py:3954} INFO - Setting next_dagrun for wired_pipeline_dag to 2026-04-22 00:00:00+00:00, run_after=2026-04-23 00:00:00+00:00
[2026-04-21T23:39:54.241+0000] {processor.py:183} INFO - Processing /opt/airflow/dags/wired_dag.py took 0.460 seconds
[2026-04-21T23:40:24.621+0000] {processor.py:161} INFO - Started process (PID=277) to work on /opt/airflow/dags/wired_dag.py
[2026-04-21T23:40:24.624+0000] {processor.py:830} INFO - Processing file /opt/airflow/dags/wired_dag.py for tasks to queue
[2026-04-21T23:40:24.634+0000] {logging_mixin.py:188} INFO - [2026-04-21T23:40:24.631+0000] {dagbag.py:545} INFO - Filling up the DagBag from /opt/airflow/dags/wired_dag.py
[2026-04-21T23:40:24.707+0000] {processor.py:840} INFO - DAG(s) 'wired_pipeline_dag' retrieved from /opt/airflow/dags/wired_dag.py
[2026-04-21T23:40:24.789+0000] {logging_mixin.py:188} INFO - [2026-04-21T23:40:24.789+0000] {dag.py:3096} INFO - Sync 1 DAGs
[2026-04-21T23:40:24.849+0000] {logging_mixin.py:188} INFO - [2026-04-21T23:40:24.848+0000] {dag.py:3954} INFO - Setting next_dagrun for wired_pipeline_dag to 2026-04-22 00:00:00+00:00, run_after=2026-04-23 00:00:00+00:00
[2026-04-21T23:40:24.899+0000] {processor.py:183} INFO - Processing /opt/airflow/dags/wired_dag.py took 0.305 seconds
[2026-04-21T23:40:55.883+0000] {processor.py:161} INFO - Started process (PID=282) to work on /opt/airflow/dags/wired_dag.py
[2026-04-21T23:40:55.884+0000] {processor.py:830} INFO - Processing file /opt/airflow/dags/wired_dag.py for tasks to queue
[2026-04-21T23:40:55.889+0000] {logging_mixin.py:188} INFO - [2026-04-21T23:40:55.888+0000] {dagbag.py:545} INFO - Filling up the DagBag from /opt/airflow/dags/wired_dag.py
[2026-04-21T23:40:55.939+0000] {processor.py:840} INFO - DAG(s) 'wired_pipeline_dag' retrieved from /opt/airflow/dags/wired_dag.py
[2026-04-21T23:40:56.005+0000] {logging_mixin.py:188} INFO - [2026-04-21T23:40:56.004+0000] {dag.py:3096} INFO - Sync 1 DAGs
[2026-04-21T23:40:56.067+0000] {logging_mixin.py:188} INFO - [2026-04-21T23:40:56.066+0000] {dag.py:3954} INFO - Setting next_dagrun for wired_pipeline_dag to 2026-04-22 00:00:00+00:00, run_after=2026-04-23 00:00:00+00:00
[2026-04-21T23:40:56.111+0000] {processor.py:183} INFO - Processing /opt/airflow/dags/wired_dag.py took 0.240 seconds
[2026-04-21T23:41:26.590+0000] {processor.py:161} INFO - Started process (PID=287) to work on /opt/airflow/dags/wired_dag.py
[2026-04-21T23:41:26.592+0000] {processor.py:830} INFO - Processing file /opt/airflow/dags/wired_dag.py for tasks to queue
[2026-04-21T23:41:26.596+0000] {logging_mixin.py:188} INFO - [2026-04-21T23:41:26.595+0000] {dagbag.py:545} INFO - Filling up the DagBag from /opt/airflow/dags/wired_dag.py
[2026-04-21T23:41:26.653+0000] {processor.py:840} INFO - DAG(s) 'wired_pipeline_dag' retrieved from /opt/airflow/dags/wired_dag.py
[2026-04-21T23:41:26.722+0000] {logging_mixin.py:188} INFO - [2026-04-21T23:41:26.721+0000] {dag.py:3096} INFO - Sync 1 DAGs
[2026-04-21T23:41:26.773+0000] {logging_mixin.py:188} INFO - [2026-04-21T23:41:26.772+0000] {dag.py:3954} INFO - Setting next_dagrun for wired_pipeline_dag to 2026-04-22 00:00:00+00:00, run_after=2026-04-23 00:00:00+00:00
[2026-04-21T23:41:26.814+0000] {processor.py:183} INFO - Processing /opt/airflow/dags/wired_dag.py took 0.235 seconds
[2026-04-21T23:41:57.047+0000] {processor.py:161} INFO - Started process (PID=292) to work on /opt/airflow/dags/wired_dag.py
[2026-04-21T23:41:57.049+0000] {processor.py:830} INFO - Processing file /opt/airflow/dags/wired_dag.py for tasks to queue
[2026-04-21T23:41:57.055+0000] {logging_mixin.py:188} INFO - [2026-04-21T23:41:57.054+0000] {dagbag.py:545} INFO - Filling up the DagBag from /opt/airflow/dags/wired_dag.py
[2026-04-21T23:41:57.110+0000] {processor.py:840} INFO - DAG(s) 'wired_pipeline_dag' retrieved from /opt/airflow/dags/wired_dag.py
[2026-04-21T23:41:57.186+0000] {logging_mixin.py:188} INFO - [2026-04-21T23:41:57.185+0000] {dag.py:3096} INFO - Sync 1 DAGs
[2026-04-21T23:41:57.246+0000] {logging_mixin.py:188} INFO - [2026-04-21T23:41:57.246+0000] {dag.py:3954} INFO - Setting next_dagrun for wired_pipeline_dag to 2026-04-22 00:00:00+00:00, run_after=2026-04-23 00:00:00+00:00
[2026-04-21T23:41:57.288+0000] {processor.py:183} INFO - Processing /opt/airflow/dags/wired_dag.py took 0.258 seconds
[2026-04-21T23:42:27.546+0000] {processor.py:161} INFO - Started process (PID=297) to work on /opt/airflow/dags/wired_dag.py
[2026-04-21T23:42:27.548+0000] {processor.py:830} INFO - Processing file /opt/airflow/dags/wired_dag.py for tasks to queue
[2026-04-21T23:42:27.553+0000] {logging_mixin.py:188} INFO - [2026-04-21T23:42:27.552+0000] {dagbag.py:545} INFO - Filling up the DagBag from /opt/airflow/dags/wired_dag.py
[2026-04-21T23:42:27.606+0000] {processor.py:840} INFO - DAG(s) 'wired_pipeline_dag' retrieved from /opt/airflow/dags/wired_dag.py
[2026-04-21T23:42:27.724+0000] {logging_mixin.py:188} INFO - [2026-04-21T23:42:27.723+0000] {dag.py:3096} INFO - Sync 1 DAGs
[2026-04-21T23:42:27.783+0000] {logging_mixin.py:188} INFO - [2026-04-21T23:42:27.782+0000] {dag.py:3954} INFO - Setting next_dagrun for wired_pipeline_dag to 2026-04-22 00:00:00+00:00, run_after=2026-04-23 00:00:00+00:00
[2026-04-21T23:42:27.826+0000] {processor.py:183} INFO - Processing /opt/airflow/dags/wired_dag.py took 0.292 seconds
[2026-04-21T23:42:58.745+0000] {processor.py:161} INFO - Started process (PID=302) to work on /opt/airflow/dags/wired_dag.py
[2026-04-21T23:42:58.747+0000] {processor.py:830} INFO - Processing file /opt/airflow/dags/wired_dag.py for tasks to queue
[2026-04-21T23:42:58.752+0000] {logging_mixin.py:188} INFO - [2026-04-21T23:42:58.751+0000] {dagbag.py:545} INFO - Filling up the DagBag from /opt/airflow/dags/wired_dag.py
[2026-04-21T23:42:58.803+0000] {processor.py:840} INFO - DAG(s) 'wired_pipeline_dag' retrieved from /opt/airflow/dags/wired_dag.py
[2026-04-21T23:42:58.887+0000] {logging_mixin.py:188} INFO - [2026-04-21T23:42:58.887+0000] {dag.py:3096} INFO - Sync 1 DAGs
[2026-04-21T23:42:58.934+0000] {logging_mixin.py:188} INFO - [2026-04-21T23:42:58.934+0000] {dag.py:3954} INFO - Setting next_dagrun for wired_pipeline_dag to 2026-04-22 00:00:00+00:00, run_after=2026-04-23 00:00:00+00:00
[2026-04-21T23:42:58.972+0000] {processor.py:183} INFO - Processing /opt/airflow/dags/wired_dag.py took 0.239 seconds
[2026-04-21T23:43:29.069+0000] {processor.py:161} INFO - Started process (PID=307) to work on /opt/airflow/dags/wired_dag.py
[2026-04-21T23:43:29.071+0000] {processor.py:830} INFO - Processing file /opt/airflow/dags/wired_dag.py for tasks to queue
[2026-04-21T23:43:29.076+0000] {logging_mixin.py:188} INFO - [2026-04-21T23:43:29.075+0000] {dagbag.py:545} INFO - Filling up the DagBag from /opt/airflow/dags/wired_dag.py
[2026-04-21T23:43:29.124+0000] {processor.py:840} INFO - DAG(s) 'wired_pipeline_dag' retrieved from /opt/airflow/dags/wired_dag.py
[2026-04-21T23:43:29.187+0000] {logging_mixin.py:188} INFO - [2026-04-21T23:43:29.186+0000] {dag.py:3096} INFO - Sync 1 DAGs
[2026-04-21T23:43:29.233+0000] {logging_mixin.py:188} INFO - [2026-04-21T23:43:29.233+0000] {dag.py:3954} INFO - Setting next_dagrun for wired_pipeline_dag to 2026-04-22 00:00:00+00:00, run_after=2026-04-23 00:00:00+00:00
[2026-04-21T23:43:29.267+0000] {processor.py:183} INFO - Processing /opt/airflow/dags/wired_dag.py took 0.211 seconds
[2026-04-21T23:43:59.993+0000] {processor.py:161} INFO - Started process (PID=312) to work on /opt/airflow/dags/wired_dag.py
[2026-04-21T23:43:59.995+0000] {processor.py:830} INFO - Processing file /opt/airflow/dags/wired_dag.py for tasks to queue
[2026-04-21T23:44:00.000+0000] {logging_mixin.py:188} INFO - [2026-04-21T23:43:59.999+0000] {dagbag.py:545} INFO - Filling up the DagBag from /opt/airflow/dags/wired_dag.py
[2026-04-21T23:44:00.067+0000] {processor.py:840} INFO - DAG(s) 'wired_pipeline_dag' retrieved from /opt/airflow/dags/wired_dag.py
[2026-04-21T23:44:00.161+0000] {logging_mixin.py:188} INFO - [2026-04-21T23:44:00.160+0000] {dag.py:3096} INFO - Sync 1 DAGs
[2026-04-21T23:44:00.229+0000] {logging_mixin.py:188} INFO - [2026-04-21T23:44:00.229+0000] {dag.py:3954} INFO - Setting next_dagrun for wired_pipeline_dag to 2026-04-22 00:00:00+00:00, run_after=2026-04-23 00:00:00+00:00
[2026-04-21T23:44:00.292+0000] {processor.py:183} INFO - Processing /opt/airflow/dags/wired_dag.py took 0.323 seconds
[2026-04-21T23:44:31.259+0000] {processor.py:161} INFO - Started process (PID=317) to work on /opt/airflow/dags/wired_dag.py
[2026-04-21T23:44:31.262+0000] {processor.py:830} INFO - Processing file /opt/airflow/dags/wired_dag.py for tasks to queue
[2026-04-21T23:44:31.268+0000] {logging_mixin.py:188} INFO - [2026-04-21T23:44:31.267+0000] {dagbag.py:545} INFO - Filling up the DagBag from /opt/airflow/dags/wired_dag.py
[2026-04-21T23:44:31.353+0000] {processor.py:840} INFO - DAG(s) 'wired_pipeline_dag' retrieved from /opt/airflow/dags/wired_dag.py
[2026-04-21T23:44:31.431+0000] {logging_mixin.py:188} INFO - [2026-04-21T23:44:31.431+0000] {dag.py:3096} INFO - Sync 1 DAGs
[2026-04-21T23:44:31.485+0000] {logging_mixin.py:188} INFO - [2026-04-21T23:44:31.484+0000] {dag.py:3954} INFO - Setting next_dagrun for wired_pipeline_dag to 2026-04-22 00:00:00+00:00, run_after=2026-04-23 00:00:00+00:00
[2026-04-21T23:44:31.529+0000] {processor.py:183} INFO - Processing /opt/airflow/dags/wired_dag.py took 0.281 seconds
[2026-04-21T23:45:02.574+0000] {processor.py:161} INFO - Started process (PID=322) to work on /opt/airflow/dags/wired_dag.py
[2026-04-21T23:45:02.577+0000] {processor.py:830} INFO - Processing file /opt/airflow/dags/wired_dag.py for tasks to queue
[2026-04-21T23:45:02.585+0000] {logging_mixin.py:188} INFO - [2026-04-21T23:45:02.584+0000] {dagbag.py:545} INFO - Filling up the DagBag from /opt/airflow/dags/wired_dag.py
[2026-04-21T23:45:02.652+0000] {processor.py:840} INFO - DAG(s) 'wired_pipeline_dag' retrieved from /opt/airflow/dags/wired_dag.py
[2026-04-21T23:45:02.727+0000] {logging_mixin.py:188} INFO - [2026-04-21T23:45:02.727+0000] {dag.py:3096} INFO - Sync 1 DAGs
[2026-04-21T23:45:02.783+0000] {logging_mixin.py:188} INFO - [2026-04-21T23:45:02.783+0000] {dag.py:3954} INFO - Setting next_dagrun for wired_pipeline_dag to 2026-04-22 00:00:00+00:00, run_after=2026-04-23 00:00:00+00:00
[2026-04-21T23:45:02.830+0000] {processor.py:183} INFO - Processing /opt/airflow/dags/wired_dag.py took 0.277 seconds
[2026-04-21T23:45:33.233+0000] {processor.py:161} INFO - Started process (PID=327) to work on /opt/airflow/dags/wired_dag.py
[2026-04-21T23:45:33.235+0000] {processor.py:830} INFO - Processing file /opt/airflow/dags/wired_dag.py for tasks to queue
[2026-04-21T23:45:33.240+0000] {logging_mixin.py:188} INFO - [2026-04-21T23:45:33.239+0000] {dagbag.py:545} INFO - Filling up the DagBag from /opt/airflow/dags/wired_dag.py
[2026-04-21T23:45:33.291+0000] {processor.py:840} INFO - DAG(s) 'wired_pipeline_dag' retrieved from /opt/airflow/dags/wired_dag.py
[2026-04-21T23:45:33.354+0000] {logging_mixin.py:188} INFO - [2026-04-21T23:45:33.354+0000] {dag.py:3096} INFO - Sync 1 DAGs
[2026-04-21T23:45:33.402+0000] {logging_mixin.py:188} INFO - [2026-04-21T23:45:33.402+0000] {dag.py:3954} INFO - Setting next_dagrun for wired_pipeline_dag to 2026-04-22 00:00:00+00:00, run_after=2026-04-23 00:00:00+00:00
[2026-04-21T23:45:33.438+0000] {processor.py:183} INFO - Processing /opt/airflow/dags/wired_dag.py took 0.220 seconds
[2026-04-21T23:46:04.409+0000] {processor.py:161} INFO - Started process (PID=332) to work on /opt/airflow/dags/wired_dag.py
[2026-04-21T23:46:04.411+0000] {processor.py:830} INFO - Processing file /opt/airflow/dags/wired_dag.py for tasks to queue
[2026-04-21T23:46:04.416+0000] {logging_mixin.py:188} INFO - [2026-04-21T23:46:04.415+0000] {dagbag.py:545} INFO - Filling up the DagBag from /opt/airflow/dags/wired_dag.py
[2026-04-21T23:46:04.469+0000] {processor.py:840} INFO - DAG(s) 'wired_pipeline_dag' retrieved from /opt/airflow/dags/wired_dag.py
[2026-04-21T23:46:04.530+0000] {logging_mixin.py:188} INFO - [2026-04-21T23:46:04.529+0000] {dag.py:3096} INFO - Sync 1 DAGs
[2026-04-21T23:46:04.577+0000] {logging_mixin.py:188} INFO - [2026-04-21T23:46:04.577+0000] {dag.py:3954} INFO - Setting next_dagrun for wired_pipeline_dag to 2026-04-22 00:00:00+00:00, run_after=2026-04-23 00:00:00+00:00
[2026-04-21T23:46:04.616+0000] {processor.py:183} INFO - Processing /opt/airflow/dags/wired_dag.py took 0.220 seconds
[2026-04-21T23:46:35.512+0000] {processor.py:161} INFO - Started process (PID=337) to work on /opt/airflow/dags/wired_dag.py
[2026-04-21T23:46:35.515+0000] {processor.py:830} INFO - Processing file /opt/airflow/dags/wired_dag.py for tasks to queue
[2026-04-21T23:46:35.519+0000] {logging_mixin.py:188} INFO - [2026-04-21T23:46:35.518+0000] {dagbag.py:545} INFO - Filling up the DagBag from /opt/airflow/dags/wired_dag.py
[2026-04-21T23:46:35.566+0000] {processor.py:840} INFO - DAG(s) 'wired_pipeline_dag' retrieved from /opt/airflow/dags/wired_dag.py
[2026-04-21T23:46:35.623+0000] {logging_mixin.py:188} INFO - [2026-04-21T23:46:35.623+0000] {dag.py:3096} INFO - Sync 1 DAGs
[2026-04-21T23:46:35.669+0000] {logging_mixin.py:188} INFO - [2026-04-21T23:46:35.668+0000] {dag.py:3954} INFO - Setting next_dagrun for wired_pipeline_dag to 2026-04-22 00:00:00+00:00, run_after=2026-04-23 00:00:00+00:00
[2026-04-21T23:46:35.706+0000] {processor.py:183} INFO - Processing /opt/airflow/dags/wired_dag.py took 0.207 seconds
[2026-04-21T23:47:06.543+0000] {processor.py:161} INFO - Started process (PID=342) to work on /opt/airflow/dags/wired_dag.py
[2026-04-21T23:47:06.545+0000] {processor.py:830} INFO - Processing file /opt/airflow/dags/wired_dag.py for tasks to queue
[2026-04-21T23:47:06.549+0000] {logging_mixin.py:188} INFO - [2026-04-21T23:47:06.548+0000] {dagbag.py:545} INFO - Filling up the DagBag from /opt/airflow/dags/wired_dag.py
[2026-04-21T23:47:06.616+0000] {processor.py:840} INFO - DAG(s) 'wired_pipeline_dag' retrieved from /opt/airflow/dags/wired_dag.py
[2026-04-21T23:47:06.682+0000] {logging_mixin.py:188} INFO - [2026-04-21T23:47:06.682+0000] {dag.py:3096} INFO - Sync 1 DAGs
[2026-04-21T23:47:06.730+0000] {logging_mixin.py:188} INFO - [2026-04-21T23:47:06.730+0000] {dag.py:3954} INFO - Setting next_dagrun for wired_pipeline_dag to 2026-04-22 00:00:00+00:00, run_after=2026-04-23 00:00:00+00:00
[2026-04-21T23:47:06.769+0000] {processor.py:183} INFO - Processing /opt/airflow/dags/wired_dag.py took 0.238 seconds
[2026-04-21T23:47:37.707+0000] {processor.py:161} INFO - Started process (PID=347) to work on /opt/airflow/dags/wired_dag.py
[2026-04-21T23:47:37.709+0000] {processor.py:830} INFO - Processing file /opt/airflow/dags/wired_dag.py for tasks to queue
[2026-04-21T23:47:37.713+0000] {logging_mixin.py:188} INFO - [2026-04-21T23:47:37.713+0000] {dagbag.py:545} INFO - Filling up the DagBag from /opt/airflow/dags/wired_dag.py
[2026-04-21T23:47:37.764+0000] {processor.py:840} INFO - DAG(s) 'wired_pipeline_dag' retrieved from /opt/airflow/dags/wired_dag.py
[2026-04-21T23:47:37.830+0000] {logging_mixin.py:188} INFO - [2026-04-21T23:47:37.829+0000] {dag.py:3096} INFO - Sync 1 DAGs
[2026-04-21T23:47:37.883+0000] {logging_mixin.py:188} INFO - [2026-04-21T23:47:37.882+0000] {dag.py:3954} INFO - Setting next_dagrun for wired_pipeline_dag to 2026-04-22 00:00:00+00:00, run_after=2026-04-23 00:00:00+00:00
[2026-04-21T23:47:37.920+0000] {processor.py:183} INFO - Processing /opt/airflow/dags/wired_dag.py took 0.226 seconds
[2026-04-21T23:48:08.675+0000] {processor.py:161} INFO - Started process (PID=352) to work on /opt/airflow/dags/wired_dag.py
[2026-04-21T23:48:08.677+0000] {processor.py:830} INFO - Processing file /opt/airflow/dags/wired_dag.py for tasks to queue
[2026-04-21T23:48:08.683+0000] {logging_mixin.py:188} INFO - [2026-04-21T23:48:08.682+0000] {dagbag.py:545} INFO - Filling up the DagBag from /opt/airflow/dags/wired_dag.py
[2026-04-21T23:48:08.744+0000] {processor.py:840} INFO - DAG(s) 'wired_pipeline_dag' retrieved from /opt/airflow/dags/wired_dag.py
[2026-04-21T23:48:08.813+0000] {logging_mixin.py:188} INFO - [2026-04-21T23:48:08.812+0000] {dag.py:3096} INFO - Sync 1 DAGs
[2026-04-21T23:48:08.860+0000] {logging_mixin.py:188} INFO - [2026-04-21T23:48:08.859+0000] {dag.py:3954} INFO - Setting next_dagrun for wired_pipeline_dag to 2026-04-22 00:00:00+00:00, run_after=2026-04-23 00:00:00+00:00
[2026-04-21T23:48:08.904+0000] {processor.py:183} INFO - Processing /opt/airflow/dags/wired_dag.py took 0.246 seconds
[2026-04-21T23:48:39.774+0000] {processor.py:161} INFO - Started process (PID=357) to work on /opt/airflow/dags/wired_dag.py
[2026-04-21T23:48:39.776+0000] {processor.py:830} INFO - Processing file /opt/airflow/dags/wired_dag.py for tasks to queue
[2026-04-21T23:48:39.780+0000] {logging_mixin.py:188} INFO - [2026-04-21T23:48:39.779+0000] {dagbag.py:545} INFO - Filling up the DagBag from /opt/airflow/dags/wired_dag.py
[2026-04-21T23:48:39.838+0000] {processor.py:840} INFO - DAG(s) 'wired_pipeline_dag' retrieved from /opt/airflow/dags/wired_dag.py
[2026-04-21T23:48:39.905+0000] {logging_mixin.py:188} INFO - [2026-04-21T23:48:39.904+0000] {dag.py:3096} INFO - Sync 1 DAGs
[2026-04-21T23:48:39.956+0000] {logging_mixin.py:188} INFO - [2026-04-21T23:48:39.955+0000] {dag.py:3954} INFO - Setting next_dagrun for wired_pipeline_dag to 2026-04-22 00:00:00+00:00, run_after=2026-04-23 00:00:00+00:00
[2026-04-21T23:48:39.999+0000] {processor.py:183} INFO - Processing /opt/airflow/dags/wired_dag.py took 0.239 seconds
[2026-04-21T23:49:09.420+0000] {processor.py:161} INFO - Started process (PID=362) to work on /opt/airflow/dags/wired_dag.py
[2026-04-21T23:49:09.423+0000] {processor.py:830} INFO - Processing file /opt/airflow/dags/wired_dag.py for tasks to queue
[2026-04-21T23:49:09.430+0000] {logging_mixin.py:188} INFO - [2026-04-21T23:49:09.428+0000] {dagbag.py:545} INFO - Filling up the DagBag from /opt/airflow/dags/wired_dag.py
[2026-04-21T23:49:09.495+0000] {processor.py:840} INFO - DAG(s) 'wired_pipeline_dag' retrieved from /opt/airflow/dags/wired_dag.py
[2026-04-21T23:49:09.578+0000] {logging_mixin.py:188} INFO - [2026-04-21T23:49:09.577+0000] {dag.py:3096} INFO - Sync 1 DAGs
[2026-04-21T23:49:07.814+0000] {logging_mixin.py:188} INFO - [2026-04-21T23:49:07.813+0000] {dag.py:3954} INFO - Setting next_dagrun for wired_pipeline_dag to 2026-04-22 00:00:00+00:00, run_after=2026-04-23 00:00:00+00:00
[2026-04-21T23:49:07.895+0000] {processor.py:183} INFO - Processing /opt/airflow/dags/wired_dag.py took 0.321 seconds
[2026-04-21T23:49:38.705+0000] {processor.py:161} INFO - Started process (PID=367) to work on /opt/airflow/dags/wired_dag.py
[2026-04-21T23:49:38.708+0000] {processor.py:830} INFO - Processing file /opt/airflow/dags/wired_dag.py for tasks to queue
[2026-04-21T23:49:38.713+0000] {logging_mixin.py:188} INFO - [2026-04-21T23:49:38.712+0000] {dagbag.py:545} INFO - Filling up the DagBag from /opt/airflow/dags/wired_dag.py
[2026-04-21T23:49:38.765+0000] {processor.py:840} INFO - DAG(s) 'wired_pipeline_dag' retrieved from /opt/airflow/dags/wired_dag.py
[2026-04-21T23:49:38.833+0000] {logging_mixin.py:188} INFO - [2026-04-21T23:49:38.833+0000] {dag.py:3096} INFO - Sync 1 DAGs
[2026-04-21T23:49:38.881+0000] {logging_mixin.py:188} INFO - [2026-04-21T23:49:38.880+0000] {dag.py:3954} INFO - Setting next_dagrun for wired_pipeline_dag to 2026-04-22 00:00:00+00:00, run_after=2026-04-23 00:00:00+00:00
[2026-04-21T23:49:38.921+0000] {processor.py:183} INFO - Processing /opt/airflow/dags/wired_dag.py took 0.229 seconds
[2026-04-21T23:50:09.921+0000] {processor.py:161} INFO - Started process (PID=372) to work on /opt/airflow/dags/wired_dag.py
[2026-04-21T23:50:09.924+0000] {processor.py:830} INFO - Processing file /opt/airflow/dags/wired_dag.py for tasks to queue
[2026-04-21T23:50:09.930+0000] {logging_mixin.py:188} INFO - [2026-04-21T23:50:09.929+0000] {dagbag.py:545} INFO - Filling up the DagBag from /opt/airflow/dags/wired_dag.py
[2026-04-21T23:50:09.992+0000] {processor.py:840} INFO - DAG(s) 'wired_pipeline_dag' retrieved from /opt/airflow/dags/wired_dag.py
[2026-04-21T23:50:10.059+0000] {logging_mixin.py:188} INFO - [2026-04-21T23:50:10.059+0000] {dag.py:3096} INFO - Sync 1 DAGs
[2026-04-21T23:50:10.126+0000] {logging_mixin.py:188} INFO - [2026-04-21T23:50:10.125+0000] {dag.py:3954} INFO - Setting next_dagrun for wired_pipeline_dag to 2026-04-22 00:00:00+00:00, run_after=2026-04-23 00:00:00+00:00
[2026-04-21T23:50:10.170+0000] {processor.py:183} INFO - Processing /opt/airflow/dags/wired_dag.py took 0.270 seconds
[2026-04-21T23:50:40.895+0000] {processor.py:161} INFO - Started process (PID=377) to work on /opt/airflow/dags/wired_dag.py
[2026-04-21T23:50:40.898+0000] {processor.py:830} INFO - Processing file /opt/airflow/dags/wired_dag.py for tasks to queue
[2026-04-21T23:50:40.903+0000] {logging_mixin.py:188} INFO - [2026-04-21T23:50:40.902+0000] {dagbag.py:545} INFO - Filling up the DagBag from /opt/airflow/dags/wired_dag.py
[2026-04-21T23:50:40.953+0000] {processor.py:840} INFO - DAG(s) 'wired_pipeline_dag' retrieved from /opt/airflow/dags/wired_dag.py
[2026-04-21T23:50:41.018+0000] {logging_mixin.py:188} INFO - [2026-04-21T23:50:41.018+0000] {dag.py:3096} INFO - Sync 1 DAGs
[2026-04-21T23:50:41.061+0000] {logging_mixin.py:188} INFO - [2026-04-21T23:50:41.060+0000] {dag.py:3954} INFO - Setting next_dagrun for wired_pipeline_dag to 2026-04-22 00:00:00+00:00, run_after=2026-04-23 00:00:00+00:00
[2026-04-21T23:50:41.095+0000] {processor.py:183} INFO - Processing /opt/airflow/dags/wired_dag.py took 0.211 seconds
[2026-04-21T23:51:12.112+0000] {processor.py:161} INFO - Started process (PID=382) to work on /opt/airflow/dags/wired_dag.py
[2026-04-21T23:51:12.114+0000] {processor.py:830} INFO - Processing file /opt/airflow/dags/wired_dag.py for tasks to queue
[2026-04-21T23:51:12.119+0000] {logging_mixin.py:188} INFO - [2026-04-21T23:51:12.118+0000] {dagbag.py:545} INFO - Filling up the DagBag from /opt/airflow/dags/wired_dag.py
[2026-04-21T23:51:12.180+0000] {processor.py:840} INFO - DAG(s) 'wired_pipeline_dag' retrieved from /opt/airflow/dags/wired_dag.py
[2026-04-21T23:51:12.244+0000] {logging_mixin.py:188} INFO - [2026-04-21T23:51:12.244+0000] {dag.py:3096} INFO - Sync 1 DAGs
[2026-04-21T23:51:12.291+0000] {logging_mixin.py:188} INFO - [2026-04-21T23:51:12.291+0000] {dag.py:3954} INFO - Setting next_dagrun for wired_pipeline_dag to 2026-04-22 00:00:00+00:00, run_after=2026-04-23 00:00:00+00:00
[2026-04-21T23:51:12.332+0000] {processor.py:183} INFO - Processing /opt/airflow/dags/wired_dag.py took 0.234 seconds
[2026-04-21T23:51:43.188+0000] {processor.py:161} INFO - Started process (PID=387) to work on /opt/airflow/dags/wired_dag.py
[2026-04-21T23:51:43.191+0000] {processor.py:830} INFO - Processing file /opt/airflow/dags/wired_dag.py for tasks to queue
[2026-04-21T23:51:43.197+0000] {logging_mixin.py:188} INFO - [2026-04-21T23:51:43.196+0000] {dagbag.py:545} INFO - Filling up the DagBag from /opt/airflow/dags/wired_dag.py
[2026-04-21T23:51:43.263+0000] {processor.py:840} INFO - DAG(s) 'wired_pipeline_dag' retrieved from /opt/airflow/dags/wired_dag.py
[2026-04-21T23:51:43.338+0000] {logging_mixin.py:188} INFO - [2026-04-21T23:51:43.338+0000] {dag.py:3096} INFO - Sync 1 DAGs
[2026-04-21T23:51:43.398+0000] {logging_mixin.py:188} INFO - [2026-04-21T23:51:43.397+0000] {dag.py:3954} INFO - Setting next_dagrun for wired_pipeline_dag to 2026-04-22 00:00:00+00:00, run_after=2026-04-23 00:00:00+00:00
[2026-04-21T23:51:43.448+0000] {processor.py:183} INFO - Processing /opt/airflow/dags/wired_dag.py took 0.278 seconds
[2026-04-21T23:52:14.358+0000] {processor.py:161} INFO - Started process (PID=392) to work on /opt/airflow/dags/wired_dag.py
[2026-04-21T23:52:14.361+0000] {processor.py:830} INFO - Processing file /opt/airflow/dags/wired_dag.py for tasks to queue
[2026-04-21T23:52:14.366+0000] {logging_mixin.py:188} INFO - [2026-04-21T23:52:14.366+0000] {dagbag.py:545} INFO - Filling up the DagBag from /opt/airflow/dags/wired_dag.py
[2026-04-21T23:52:14.449+0000] {processor.py:840} INFO - DAG(s) 'wired_pipeline_dag' retrieved from /opt/airflow/dags/wired_dag.py
[2026-04-21T23:52:14.536+0000] {logging_mixin.py:188} INFO - [2026-04-21T23:52:14.536+0000] {dag.py:3096} INFO - Sync 1 DAGs
[2026-04-21T23:52:14.595+0000] {logging_mixin.py:188} INFO - [2026-04-21T23:52:14.595+0000] {dag.py:3954} INFO - Setting next_dagrun for wired_pipeline_dag to 2026-04-22 00:00:00+00:00, run_after=2026-04-23 00:00:00+00:00
[2026-04-21T23:52:14.640+0000] {processor.py:183} INFO - Processing /opt/airflow/dags/wired_dag.py took 0.296 seconds
[2026-04-21T23:52:45.450+0000] {processor.py:161} INFO - Started process (PID=397) to work on /opt/airflow/dags/wired_dag.py
[2026-04-21T23:52:45.453+0000] {processor.py:830} INFO - Processing file /opt/airflow/dags/wired_dag.py for tasks to queue
[2026-04-21T23:52:45.459+0000] {logging_mixin.py:188} INFO - [2026-04-21T23:52:45.458+0000] {dagbag.py:545} INFO - Filling up the DagBag from /opt/airflow/dags/wired_dag.py
[2026-04-21T23:52:45.519+0000] {processor.py:840} INFO - DAG(s) 'wired_pipeline_dag' retrieved from /opt/airflow/dags/wired_dag.py
[2026-04-21T23:52:45.581+0000] {logging_mixin.py:188} INFO - [2026-04-21T23:52:45.580+0000] {dag.py:3096} INFO - Sync 1 DAGs
[2026-04-21T23:52:45.630+0000] {logging_mixin.py:188} INFO - [2026-04-21T23:52:45.630+0000] {dag.py:3954} INFO - Setting next_dagrun for wired_pipeline_dag to 2026-04-22 00:00:00+00:00, run_after=2026-04-23 00:00:00+00:00
[2026-04-21T23:52:45.674+0000] {processor.py:183} INFO - Processing /opt/airflow/dags/wired_dag.py took 0.250 seconds
[2026-04-21T23:53:16.775+0000] {processor.py:161} INFO - Started process (PID=402) to work on /opt/airflow/dags/wired_dag.py
[2026-04-21T23:53:16.777+0000] {processor.py:830} INFO - Processing file /opt/airflow/dags/wired_dag.py for tasks to queue
[2026-04-21T23:53:16.780+0000] {logging_mixin.py:188} INFO - [2026-04-21T23:53:16.780+0000] {dagbag.py:545} INFO - Filling up the DagBag from /opt/airflow/dags/wired_dag.py
[2026-04-21T23:53:16.859+0000] {processor.py:840} INFO - DAG(s) 'wired_pipeline_dag' retrieved from /opt/airflow/dags/wired_dag.py
[2026-04-21T23:53:17.112+0000] {logging_mixin.py:188} INFO - [2026-04-21T23:53:17.112+0000] {dag.py:3096} INFO - Sync 1 DAGs
[2026-04-21T23:53:17.222+0000] {logging_mixin.py:188} INFO - [2026-04-21T23:53:17.221+0000] {dag.py:3954} INFO - Setting next_dagrun for wired_pipeline_dag to 2026-04-22 00:00:00+00:00, run_after=2026-04-23 00:00:00+00:00
[2026-04-21T23:53:17.297+0000] {processor.py:183} INFO - Processing /opt/airflow/dags/wired_dag.py took 0.549 seconds
[2026-04-21T23:53:47.594+0000] {processor.py:161} INFO - Started process (PID=407) to work on /opt/airflow/dags/wired_dag.py
[2026-04-21T23:53:47.597+0000] {processor.py:830} INFO - Processing file /opt/airflow/dags/wired_dag.py for tasks to queue
[2026-04-21T23:53:47.602+0000] {logging_mixin.py:188} INFO - [2026-04-21T23:53:47.601+0000] {dagbag.py:545} INFO - Filling up the DagBag from /opt/airflow/dags/wired_dag.py
[2026-04-21T23:53:47.742+0000] {processor.py:840} INFO - DAG(s) 'wired_pipeline_dag' retrieved from /opt/airflow/dags/wired_dag.py
[2026-04-21T23:53:47.933+0000] {logging_mixin.py:188} INFO - [2026-04-21T23:53:47.933+0000] {dag.py:3096} INFO - Sync 1 DAGs
[2026-04-21T23:53:48.060+0000] {logging_mixin.py:188} INFO - [2026-04-21T23:53:48.060+0000] {dag.py:3954} INFO - Setting next_dagrun for wired_pipeline_dag to 2026-04-22 00:00:00+00:00, run_after=2026-04-23 00:00:00+00:00
[2026-04-21T23:53:48.151+0000] {processor.py:183} INFO - Processing /opt/airflow/dags/wired_dag.py took 0.574 seconds
[2026-04-21T23:54:18.289+0000] {processor.py:161} INFO - Started process (PID=412) to work on /opt/airflow/dags/wired_dag.py
[2026-04-21T23:54:18.292+0000] {processor.py:830} INFO - Processing file /opt/airflow/dags/wired_dag.py for tasks to queue
[2026-04-21T23:54:18.297+0000] {logging_mixin.py:188} INFO - [2026-04-21T23:54:18.295+0000] {dagbag.py:545} INFO - Filling up the DagBag from /opt/airflow/dags/wired_dag.py
[2026-04-21T23:54:18.360+0000] {processor.py:840} INFO - DAG(s) 'wired_pipeline_dag' retrieved from /opt/airflow/dags/wired_dag.py
[2026-04-21T23:54:18.471+0000] {logging_mixin.py:188} INFO - [2026-04-21T23:54:18.471+0000] {dag.py:3096} INFO - Sync 1 DAGs
[2026-04-21T23:54:18.557+0000] {logging_mixin.py:188} INFO - [2026-04-21T23:54:18.556+0000] {dag.py:3954} INFO - Setting next_dagrun for wired_pipeline_dag to 2026-04-22 00:00:00+00:00, run_after=2026-04-23 00:00:00+00:00
[2026-04-21T23:54:18.622+0000] {processor.py:183} INFO - Processing /opt/airflow/dags/wired_dag.py took 0.344 seconds
[2026-04-21T23:54:48.790+0000] {processor.py:161} INFO - Started process (PID=417) to work on /opt/airflow/dags/wired_dag.py
[2026-04-21T23:54:48.791+0000] {processor.py:830} INFO - Processing file /opt/airflow/dags/wired_dag.py for tasks to queue
[2026-04-21T23:54:48.795+0000] {logging_mixin.py:188} INFO - [2026-04-21T23:54:48.794+0000] {dagbag.py:545} INFO - Filling up the DagBag from /opt/airflow/dags/wired_dag.py
[2026-04-21T23:54:48.840+0000] {processor.py:840} INFO - DAG(s) 'wired_pipeline_dag' retrieved from /opt/airflow/dags/wired_dag.py
[2026-04-21T23:54:48.897+0000] {logging_mixin.py:188} INFO - [2026-04-21T23:54:48.897+0000] {dag.py:3096} INFO - Sync 1 DAGs
[2026-04-21T23:54:48.940+0000] {logging_mixin.py:188} INFO - [2026-04-21T23:54:48.939+0000] {dag.py:3954} INFO - Setting next_dagrun for wired_pipeline_dag to 2026-04-22 00:00:00+00:00, run_after=2026-04-23 00:00:00+00:00
[2026-04-21T23:54:48.976+0000] {processor.py:183} INFO - Processing /opt/airflow/dags/wired_dag.py took 0.203 seconds
[2026-04-21T23:55:20.021+0000] {processor.py:161} INFO - Started process (PID=422) to work on /opt/airflow/dags/wired_dag.py
[2026-04-21T23:55:20.027+0000] {processor.py:830} INFO - Processing file /opt/airflow/dags/wired_dag.py for tasks to queue
[2026-04-21T23:55:20.041+0000] {logging_mixin.py:188} INFO - [2026-04-21T23:55:20.039+0000] {dagbag.py:545} INFO - Filling up the DagBag from /opt/airflow/dags/wired_dag.py
[2026-04-21T23:55:20.206+0000] {processor.py:840} INFO - DAG(s) 'wired_pipeline_dag' retrieved from /opt/airflow/dags/wired_dag.py
[2026-04-21T23:55:20.437+0000] {logging_mixin.py:188} INFO - [2026-04-21T23:55:20.437+0000] {dag.py:3096} INFO - Sync 1 DAGs
[2026-04-21T23:55:20.569+0000] {logging_mixin.py:188} INFO - [2026-04-21T23:55:20.568+0000] {dag.py:3954} INFO - Setting next_dagrun for wired_pipeline_dag to 2026-04-22 00:00:00+00:00, run_after=2026-04-23 00:00:00+00:00
[2026-04-21T23:55:20.643+0000] {processor.py:183} INFO - Processing /opt/airflow/dags/wired_dag.py took 0.656 seconds
[2026-04-21T23:55:51.444+0000] {processor.py:161} INFO - Started process (PID=427) to work on /opt/airflow/dags/wired_dag.py
[2026-04-21T23:55:51.447+0000] {processor.py:830} INFO - Processing file /opt/airflow/dags/wired_dag.py for tasks to queue
[2026-04-21T23:55:51.453+0000] {logging_mixin.py:188} INFO - [2026-04-21T23:55:51.452+0000] {dagbag.py:545} INFO - Filling up the DagBag from /opt/airflow/dags/wired_dag.py
[2026-04-21T23:55:51.510+0000] {processor.py:840} INFO - DAG(s) 'wired_pipeline_dag' retrieved from /opt/airflow/dags/wired_dag.py
[2026-04-21T23:55:51.582+0000] {logging_mixin.py:188} INFO - [2026-04-21T23:55:51.581+0000] {dag.py:3096} INFO - Sync 1 DAGs
[2026-04-21T23:55:51.641+0000] {logging_mixin.py:188} INFO - [2026-04-21T23:55:51.641+0000] {dag.py:3954} INFO - Setting next_dagrun for wired_pipeline_dag to 2026-04-22 00:00:00+00:00, run_after=2026-04-23 00:00:00+00:00
[2026-04-21T23:55:51.682+0000] {processor.py:183} INFO - Processing /opt/airflow/dags/wired_dag.py took 0.256 seconds
[2026-04-21T23:56:22.609+0000] {processor.py:161} INFO - Started process (PID=432) to work on /opt/airflow/dags/wired_dag.py
[2026-04-21T23:56:22.611+0000] {processor.py:830} INFO - Processing file /opt/airflow/dags/wired_dag.py for tasks to queue
[2026-04-21T23:56:22.615+0000] {logging_mixin.py:188} INFO - [2026-04-21T23:56:22.614+0000] {dagbag.py:545} INFO - Filling up the DagBag from /opt/airflow/dags/wired_dag.py
[2026-04-21T23:56:22.663+0000] {processor.py:840} INFO - DAG(s) 'wired_pipeline_dag' retrieved from /opt/airflow/dags/wired_dag.py
[2026-04-21T23:56:22.725+0000] {logging_mixin.py:188} INFO - [2026-04-21T23:56:22.725+0000] {dag.py:3096} INFO - Sync 1 DAGs
[2026-04-21T23:56:22.767+0000] {logging_mixin.py:188} INFO - [2026-04-21T23:56:22.767+0000] {dag.py:3954} INFO - Setting next_dagrun for wired_pipeline_dag to 2026-04-22 00:00:00+00:00, run_after=2026-04-23 00:00:00+00:00
[2026-04-21T23:56:22.805+0000] {processor.py:183} INFO - Processing /opt/airflow/dags/wired_dag.py took 0.208 seconds
[2026-04-21T23:56:53.622+0000] {processor.py:161} INFO - Started process (PID=437) to work on /opt/airflow/dags/wired_dag.py
[2026-04-21T23:56:53.625+0000] {processor.py:830} INFO - Processing file /opt/airflow/dags/wired_dag.py for tasks to queue
[2026-04-21T23:56:53.631+0000] {logging_mixin.py:188} INFO - [2026-04-21T23:56:53.630+0000] {dagbag.py:545} INFO - Filling up the DagBag from /opt/airflow/dags/wired_dag.py
[2026-04-21T23:56:53.697+0000] {processor.py:840} INFO - DAG(s) 'wired_pipeline_dag' retrieved from /opt/airflow/dags/wired_dag.py
[2026-04-21T23:56:53.763+0000] {logging_mixin.py:188} INFO - [2026-04-21T23:56:53.763+0000] {dag.py:3096} INFO - Sync 1 DAGs
[2026-04-21T23:56:53.820+0000] {logging_mixin.py:188} INFO - [2026-04-21T23:56:53.819+0000] {dag.py:3954} INFO - Setting next_dagrun for wired_pipeline_dag to 2026-04-22 00:00:00+00:00, run_after=2026-04-23 00:00:00+00:00
[2026-04-21T23:56:53.863+0000] {processor.py:183} INFO - Processing /opt/airflow/dags/wired_dag.py took 0.259 seconds
[2026-04-21T23:57:24.191+0000] {processor.py:161} INFO - Started process (PID=448) to work on /opt/airflow/dags/wired_dag.py
[2026-04-21T23:57:24.194+0000] {processor.py:830} INFO - Processing file /opt/airflow/dags/wired_dag.py for tasks to queue
[2026-04-21T23:57:24.202+0000] {logging_mixin.py:188} INFO - [2026-04-21T23:57:24.199+0000] {dagbag.py:545} INFO - Filling up the DagBag from /opt/airflow/dags/wired_dag.py
[2026-04-21T23:57:24.325+0000] {processor.py:840} INFO - DAG(s) 'wired_pipeline_dag' retrieved from /opt/airflow/dags/wired_dag.py
[2026-04-21T23:57:24.487+0000] {logging_mixin.py:188} INFO - [2026-04-21T23:57:24.486+0000] {dag.py:3096} INFO - Sync 1 DAGs
[2026-04-21T23:57:24.607+0000] {logging_mixin.py:188} INFO - [2026-04-21T23:57:24.606+0000] {dag.py:3954} INFO - Setting next_dagrun for wired_pipeline_dag to 2026-04-22 00:00:00+00:00, run_after=2026-04-23 00:00:00+00:00
[2026-04-21T23:57:24.679+0000] {processor.py:183} INFO - Processing /opt/airflow/dags/wired_dag.py took 0.534 seconds
[2026-04-21T23:57:55.017+0000] {processor.py:161} INFO - Started process (PID=453) to work on /opt/airflow/dags/wired_dag.py
[2026-04-21T23:57:55.020+0000] {processor.py:830} INFO - Processing file /opt/airflow/dags/wired_dag.py for tasks to queue
[2026-04-21T23:57:55.025+0000] {logging_mixin.py:188} INFO - [2026-04-21T23:57:55.024+0000] {dagbag.py:545} INFO - Filling up the DagBag from /opt/airflow/dags/wired_dag.py
[2026-04-21T23:57:55.098+0000] {processor.py:840} INFO - DAG(s) 'wired_pipeline_dag' retrieved from /opt/airflow/dags/wired_dag.py
[2026-04-21T23:57:55.194+0000] {logging_mixin.py:188} INFO - [2026-04-21T23:57:55.193+0000] {dag.py:3096} INFO - Sync 1 DAGs
[2026-04-21T23:57:55.253+0000] {logging_mixin.py:188} INFO - [2026-04-21T23:57:55.252+0000] {dag.py:3954} INFO - Setting next_dagrun for wired_pipeline_dag to 2026-04-22 00:00:00+00:00, run_after=2026-04-23 00:00:00+00:00
[2026-04-21T23:57:55.299+0000] {processor.py:183} INFO - Processing /opt/airflow/dags/wired_dag.py took 0.298 seconds
[2026-04-21T23:58:26.166+0000] {processor.py:161} INFO - Started process (PID=470) to work on /opt/airflow/dags/wired_dag.py
[2026-04-21T23:58:26.168+0000] {processor.py:830} INFO - Processing file /opt/airflow/dags/wired_dag.py for tasks to queue
[2026-04-21T23:58:26.173+0000] {logging_mixin.py:188} INFO - [2026-04-21T23:58:26.172+0000] {dagbag.py:545} INFO - Filling up the DagBag from /opt/airflow/dags/wired_dag.py
[2026-04-21T23:58:26.261+0000] {processor.py:840} INFO - DAG(s) 'wired_pipeline_dag' retrieved from /opt/airflow/dags/wired_dag.py
[2026-04-21T23:58:26.327+0000] {logging_mixin.py:188} INFO - [2026-04-21T23:58:26.327+0000] {dag.py:3096} INFO - Sync 1 DAGs
[2026-04-21T23:58:26.377+0000] {logging_mixin.py:188} INFO - [2026-04-21T23:58:26.377+0000] {dag.py:3954} INFO - Setting next_dagrun for wired_pipeline_dag to 2026-04-22 00:00:00+00:00, run_after=2026-04-23 00:00:00+00:00
[2026-04-21T23:58:26.417+0000] {processor.py:183} INFO - Processing /opt/airflow/dags/wired_dag.py took 0.261 seconds
[2026-04-21T23:58:57.283+0000] {processor.py:161} INFO - Started process (PID=482) to work on /opt/airflow/dags/wired_dag.py
[2026-04-21T23:58:57.285+0000] {processor.py:830} INFO - Processing file /opt/airflow/dags/wired_dag.py for tasks to queue
[2026-04-21T23:58:57.290+0000] {logging_mixin.py:188} INFO - [2026-04-21T23:58:57.289+0000] {dagbag.py:545} INFO - Filling up the DagBag from /opt/airflow/dags/wired_dag.py
[2026-04-21T23:58:57.341+0000] {processor.py:840} INFO - DAG(s) 'wired_pipeline_dag' retrieved from /opt/airflow/dags/wired_dag.py
[2026-04-21T23:58:57.405+0000] {logging_mixin.py:188} INFO - [2026-04-21T23:58:57.404+0000] {dag.py:3096} INFO - Sync 1 DAGs
[2026-04-21T23:58:57.456+0000] {logging_mixin.py:188} INFO - [2026-04-21T23:58:57.455+0000] {dag.py:3954} INFO - Setting next_dagrun for wired_pipeline_dag to 2026-04-22 00:00:00+00:00, run_after=2026-04-23 00:00:00+00:00
[2026-04-21T23:58:57.495+0000] {processor.py:183} INFO - Processing /opt/airflow/dags/wired_dag.py took 0.226 seconds
[2026-04-21T23:59:28.498+0000] {processor.py:161} INFO - Started process (PID=509) to work on /opt/airflow/dags/wired_dag.py
[2026-04-21T23:59:28.500+0000] {processor.py:830} INFO - Processing file /opt/airflow/dags/wired_dag.py for tasks to queue
[2026-04-21T23:59:28.504+0000] {logging_mixin.py:188} INFO - [2026-04-21T23:59:28.503+0000] {dagbag.py:545} INFO - Filling up the DagBag from /opt/airflow/dags/wired_dag.py
[2026-04-21T23:59:28.551+0000] {processor.py:840} INFO - DAG(s) 'wired_pipeline_dag' retrieved from /opt/airflow/dags/wired_dag.py
[2026-04-21T23:59:28.609+0000] {logging_mixin.py:188} INFO - [2026-04-21T23:59:28.608+0000] {dag.py:3096} INFO - Sync 1 DAGs
[2026-04-21T23:59:28.648+0000] {logging_mixin.py:188} INFO - [2026-04-21T23:59:28.648+0000] {dag.py:3954} INFO - Setting next_dagrun for wired_pipeline_dag to 2026-04-22 00:00:00+00:00, run_after=2026-04-23 00:00:00+00:00
[2026-04-21T23:59:28.685+0000] {processor.py:183} INFO - Processing /opt/airflow/dags/wired_dag.py took 0.197 seconds
[2026-04-21T23:59:59.483+0000] {processor.py:161} INFO - Started process (PID=514) to work on /opt/airflow/dags/wired_dag.py
[2026-04-21T23:59:59.484+0000] {processor.py:830} INFO - Processing file /opt/airflow/dags/wired_dag.py for tasks to queue
[2026-04-21T23:59:59.488+0000] {logging_mixin.py:188} INFO - [2026-04-21T23:59:59.487+0000] {dagbag.py:545} INFO - Filling up the DagBag from /opt/airflow/dags/wired_dag.py
[2026-04-21T23:59:59.536+0000] {processor.py:840} INFO - DAG(s) 'wired_pipeline_dag' retrieved from /opt/airflow/dags/wired_dag.py
[2026-04-21T23:59:59.592+0000] {logging_mixin.py:188} INFO - [2026-04-21T23:59:59.592+0000] {dag.py:3096} INFO - Sync 1 DAGs
[2026-04-21T23:59:59.638+0000] {logging_mixin.py:188} INFO - [2026-04-21T23:59:59.638+0000] {dag.py:3954} INFO - Setting next_dagrun for wired_pipeline_dag to 2026-04-22 00:00:00+00:00, run_after=2026-04-23 00:00:00+00:00
[2026-04-21T23:59:59.690+0000] {processor.py:183} INFO - Processing /opt/airflow/dags/wired_dag.py took 0.218 seconds
