[2026-04-21T22:38:14.528+0000] {manager.py:470} INFO - Processing files using up to 2 processes at a time 
[2026-04-21T22:38:14.531+0000] {manager.py:471} INFO - Process each file at most once every 30 seconds
[2026-04-21T22:38:14.534+0000] {manager.py:472} INFO - Checking for new files in /opt/airflow/dags every 300 seconds
[2026-04-21T22:38:14.536+0000] {manager.py:737} INFO - Searching for files in /opt/airflow/dags
[2026-04-21T22:38:14.546+0000] {manager.py:740} INFO - There are 0 files in /opt/airflow/dags
[2026-04-21T22:43:14.798+0000] {manager.py:737} INFO - Searching for files in /opt/airflow/dags
[2026-04-21T22:43:14.811+0000] {manager.py:740} INFO - There are 0 files in /opt/airflow/dags
[2026-04-21T22:48:15.040+0000] {manager.py:737} INFO - Searching for files in /opt/airflow/dags
[2026-04-21T22:48:15.049+0000] {manager.py:740} INFO - There are 0 files in /opt/airflow/dags
[2026-04-21T22:53:15.851+0000] {manager.py:737} INFO - Searching for files in /opt/airflow/dags
[2026-04-21T22:53:15.860+0000] {manager.py:740} INFO - There are 0 files in /opt/airflow/dags
[2026-04-21T22:58:16.417+0000] {manager.py:737} INFO - Searching for files in /opt/airflow/dags
[2026-04-21T22:58:16.427+0000] {manager.py:740} INFO - There are 0 files in /opt/airflow/dags
[2026-04-21T23:03:16.819+0000] {manager.py:737} INFO - Searching for files in /opt/airflow/dags
[2026-04-21T23:03:16.828+0000] {manager.py:740} INFO - There are 0 files in /opt/airflow/dags
[2026-04-21T23:08:17.658+0000] {manager.py:737} INFO - Searching for files in /opt/airflow/dags
[2026-04-21T23:08:17.668+0000] {manager.py:740} INFO - There are 0 files in /opt/airflow/dags
[2026-04-21T23:13:18.418+0000] {manager.py:737} INFO - Searching for files in /opt/airflow/dags
[2026-04-21T23:13:18.426+0000] {manager.py:740} INFO - There are 0 files in /opt/airflow/dags
[2026-04-21T23:18:19.111+0000] {manager.py:737} INFO - Searching for files in /opt/airflow/dags
[2026-04-21T23:18:19.124+0000] {manager.py:740} INFO - There are 0 files in /opt/airflow/dags
[2026-04-21T23:23:19.786+0000] {manager.py:737} INFO - Searching for files in /opt/airflow/dags
[2026-04-21T23:23:19.798+0000] {manager.py:740} INFO - There are 0 files in /opt/airflow/dags
[2026-04-21T23:28:20.470+0000] {manager.py:737} INFO - Searching for files in /opt/airflow/dags
[2026-04-21T23:28:20.480+0000] {manager.py:740} INFO - There are 0 files in /opt/airflow/dags
[2026-04-21T23:33:20.964+0000] {manager.py:737} INFO - Searching for files in /opt/airflow/dags
[2026-04-21T23:33:20.995+0000] {manager.py:740} INFO - There are 1 files in /opt/airflow/dags
[2026-04-21T23:33:34.859+0000] {manager.py:878} INFO - 
================================================================================
DAG File Processing Stats

File Path                       PID    Runtime      # DAGs    # Errors  Last Runtime    Last Run
------------------------------  -----  ---------  --------  ----------  --------------  -------------------
/opt/airflow/dags/wired_dag.py                           0           1  0.19s           2026-04-21T23:33:30
================================================================================
[2026-04-21T23:34:02.483+0000] {manager.py:878} INFO - 
================================================================================
DAG File Processing Stats

File Path                       PID    Runtime      # DAGs    # Errors  Last Runtime    Last Run
------------------------------  -----  ---------  --------  ----------  --------------  -------------------
/opt/airflow/dags/wired_dag.py                           0           1  0.17s           2026-04-21T23:33:44
================================================================================
[2026-04-21T23:34:30.286+0000] {manager.py:878} INFO - 
================================================================================
DAG File Processing Stats

File Path                       PID    Runtime      # DAGs    # Errors  Last Runtime    Last Run
------------------------------  -----  ---------  --------  ----------  --------------  -------------------
/opt/airflow/dags/wired_dag.py                           0           1  0.16s           2026-04-21T23:34:15
================================================================================
[2026-04-21T23:34:58.191+0000] {manager.py:878} INFO - 
================================================================================
DAG File Processing Stats

File Path                       PID    Runtime      # DAGs    # Errors  Last Runtime    Last Run
------------------------------  -----  ---------  --------  ----------  --------------  -------------------
/opt/airflow/dags/wired_dag.py                           0           1  0.17s           2026-04-21T23:34:46
================================================================================
[2026-04-21T23:35:26.122+0000] {manager.py:878} INFO - 
================================================================================
DAG File Processing Stats

File Path                       PID    Runtime      # DAGs    # Errors  Last Runtime    Last Run
------------------------------  -----  ---------  --------  ----------  --------------  -------------------
/opt/airflow/dags/wired_dag.py                           0           1  0.20s           2026-04-21T23:35:17
================================================================================
[2026-04-21T23:35:54.066+0000] {manager.py:878} INFO - 
================================================================================
DAG File Processing Stats

File Path                       PID    Runtime      # DAGs    # Errors  Last Runtime    Last Run
------------------------------  -----  ---------  --------  ----------  --------------  -------------------
/opt/airflow/dags/wired_dag.py                           0           1  0.24s           2026-04-21T23:35:48
================================================================================
[2026-04-21T23:36:22.140+0000] {manager.py:878} INFO - 
================================================================================
DAG File Processing Stats

File Path                       PID    Runtime      # DAGs    # Errors  Last Runtime    Last Run
------------------------------  -----  ---------  --------  ----------  --------------  -------------------
/opt/airflow/dags/wired_dag.py                           0           1  0.20s           2026-04-21T23:36:19
================================================================================
[2026-04-21T23:36:49.539+0000] {manager.py:878} INFO - 
================================================================================
DAG File Processing Stats

File Path                       PID    Runtime      # DAGs    # Errors  Last Runtime    Last Run
------------------------------  -----  ---------  --------  ----------  --------------  -------------------
/opt/airflow/dags/wired_dag.py                           0           1  0.20s           2026-04-21T23:36:49
================================================================================
[2026-04-21T23:37:17.280+0000] {manager.py:878} INFO - 
================================================================================
DAG File Processing Stats

File Path                       PID    Runtime      # DAGs    # Errors  Last Runtime    Last Run
------------------------------  -----  ---------  --------  ----------  --------------  -------------------
/opt/airflow/dags/wired_dag.py                           0           1  0.20s           2026-04-21T23:36:49
================================================================================
[2026-04-21T23:37:45.404+0000] {manager.py:878} INFO - 
================================================================================
DAG File Processing Stats

File Path                       PID    Runtime      # DAGs    # Errors  Last Runtime    Last Run
------------------------------  -----  ---------  --------  ----------  --------------  -------------------
/opt/airflow/dags/wired_dag.py                           0           1  0.24s           2026-04-21T23:37:19
================================================================================
[2026-04-21T23:38:12.784+0000] {manager.py:878} INFO - 
================================================================================
DAG File Processing Stats

File Path                       PID    Runtime      # DAGs    # Errors  Last Runtime    Last Run
------------------------------  -----  ---------  --------  ----------  --------------  -------------------
/opt/airflow/dags/wired_dag.py                           1           0  1.42s           2026-04-21T23:37:50
================================================================================
[2026-04-21T23:38:21.126+0000] {manager.py:737} INFO - Searching for files in /opt/airflow/dags
[2026-04-21T23:38:21.183+0000] {manager.py:740} INFO - There are 1 files in /opt/airflow/dags
[2026-04-21T23:38:40.898+0000] {manager.py:878} INFO - 
================================================================================
DAG File Processing Stats

File Path                       PID    Runtime      # DAGs    # Errors  Last Runtime    Last Run
------------------------------  -----  ---------  --------  ----------  --------------  -------------------
/opt/airflow/dags/wired_dag.py                           1           0  0.33s           2026-04-21T23:38:21
================================================================================
[2026-04-21T23:39:08.734+0000] {manager.py:878} INFO - 
================================================================================
DAG File Processing Stats

File Path                       PID    Runtime      # DAGs    # Errors  Last Runtime    Last Run
------------------------------  -----  ---------  --------  ----------  --------------  -------------------
/opt/airflow/dags/wired_dag.py                           1           0  0.27s           2026-04-21T23:38:52
================================================================================
[2026-04-21T23:39:35.949+0000] {manager.py:878} INFO - 
================================================================================
DAG File Processing Stats

File Path                       PID    Runtime      # DAGs    # Errors  Last Runtime    Last Run
------------------------------  -----  ---------  --------  ----------  --------------  -------------------
/opt/airflow/dags/wired_dag.py                           1           0  0.42s           2026-04-21T23:39:23
================================================================================
[2026-04-21T23:40:01.694+0000] {manager.py:878} INFO - 
================================================================================
DAG File Processing Stats

File Path                       PID    Runtime      # DAGs    # Errors  Last Runtime    Last Run
------------------------------  -----  ---------  --------  ----------  --------------  -------------------
/opt/airflow/dags/wired_dag.py                           1           0  0.57s           2026-04-21T23:39:54
================================================================================
[2026-04-21T23:40:29.132+0000] {manager.py:878} INFO - 
================================================================================
DAG File Processing Stats

File Path                       PID    Runtime      # DAGs    # Errors  Last Runtime    Last Run
------------------------------  -----  ---------  --------  ----------  --------------  -------------------
/opt/airflow/dags/wired_dag.py                           1           0  0.40s           2026-04-21T23:40:24
================================================================================
[2026-04-21T23:40:58.296+0000] {manager.py:878} INFO - 
================================================================================
DAG File Processing Stats

File Path                       PID    Runtime      # DAGs    # Errors  Last Runtime    Last Run
------------------------------  -----  ---------  --------  ----------  --------------  -------------------
/opt/airflow/dags/wired_dag.py                           1           0  0.31s           2026-04-21T23:40:56
================================================================================
[2026-04-21T23:41:24.474+0000] {manager.py:878} INFO - 
================================================================================
DAG File Processing Stats

File Path                       PID    Runtime      # DAGs    # Errors  Last Runtime    Last Run
------------------------------  -----  ---------  --------  ----------  --------------  -------------------
/opt/airflow/dags/wired_dag.py                           1           0  0.31s           2026-04-21T23:40:56
================================================================================
[2026-04-21T23:41:52.781+0000] {manager.py:878} INFO - 
================================================================================
DAG File Processing Stats

File Path                       PID    Runtime      # DAGs    # Errors  Last Runtime    Last Run
------------------------------  -----  ---------  --------  ----------  --------------  -------------------
/opt/airflow/dags/wired_dag.py                           1           0  0.31s           2026-04-21T23:41:26
================================================================================
[2026-04-21T23:42:20.274+0000] {manager.py:878} INFO - 
================================================================================
DAG File Processing Stats

File Path                       PID    Runtime      # DAGs    # Errors  Last Runtime    Last Run
------------------------------  -----  ---------  --------  ----------  --------------  -------------------
/opt/airflow/dags/wired_dag.py                           1           0  0.33s           2026-04-21T23:41:57
================================================================================
[2026-04-21T23:42:48.327+0000] {manager.py:878} INFO - 
================================================================================
DAG File Processing Stats

File Path                       PID    Runtime      # DAGs    # Errors  Last Runtime    Last Run
------------------------------  -----  ---------  --------  ----------  --------------  -------------------
/opt/airflow/dags/wired_dag.py                           1           0  0.37s           2026-04-21T23:42:27
================================================================================
[2026-04-21T23:43:16.481+0000] {manager.py:878} INFO - 
================================================================================
DAG File Processing Stats

File Path                       PID    Runtime      # DAGs    # Errors  Last Runtime    Last Run
------------------------------  -----  ---------  --------  ----------  --------------  -------------------
/opt/airflow/dags/wired_dag.py                           1           0  0.30s           2026-04-21T23:42:58
================================================================================
[2026-04-21T23:43:21.675+0000] {manager.py:737} INFO - Searching for files in /opt/airflow/dags
[2026-04-21T23:43:21.716+0000] {manager.py:740} INFO - There are 1 files in /opt/airflow/dags
[2026-04-21T23:43:44.217+0000] {manager.py:878} INFO - 
================================================================================
DAG File Processing Stats

File Path                       PID    Runtime      # DAGs    # Errors  Last Runtime    Last Run
------------------------------  -----  ---------  --------  ----------  --------------  -------------------
/opt/airflow/dags/wired_dag.py                           1           0  0.27s           2026-04-21T23:43:29
================================================================================
[2026-04-21T23:44:11.691+0000] {manager.py:878} INFO - 
================================================================================
DAG File Processing Stats

File Path                       PID    Runtime      # DAGs    # Errors  Last Runtime    Last Run
------------------------------  -----  ---------  --------  ----------  --------------  -------------------
/opt/airflow/dags/wired_dag.py                           1           0  0.41s           2026-04-21T23:44:00
================================================================================
[2026-04-21T23:44:39.823+0000] {manager.py:878} INFO - 
================================================================================
DAG File Processing Stats

File Path                       PID    Runtime      # DAGs    # Errors  Last Runtime    Last Run
------------------------------  -----  ---------  --------  ----------  --------------  -------------------
/opt/airflow/dags/wired_dag.py                           1           0  0.36s           2026-04-21T23:44:31
================================================================================
[2026-04-21T23:45:07.282+0000] {manager.py:878} INFO - 
================================================================================
DAG File Processing Stats

File Path                       PID    Runtime      # DAGs    # Errors  Last Runtime    Last Run
------------------------------  -----  ---------  --------  ----------  --------------  -------------------
/opt/airflow/dags/wired_dag.py                           1           0  0.37s           2026-04-21T23:45:02
================================================================================
[2026-04-21T23:45:35.215+0000] {manager.py:878} INFO - 
================================================================================
DAG File Processing Stats

File Path                       PID    Runtime      # DAGs    # Errors  Last Runtime    Last Run
------------------------------  -----  ---------  --------  ----------  --------------  -------------------
/opt/airflow/dags/wired_dag.py                           1           0  0.29s           2026-04-21T23:45:33
================================================================================
[2026-04-21T23:46:03.300+0000] {manager.py:878} INFO - 
================================================================================
DAG File Processing Stats

File Path                       PID    Runtime      # DAGs    # Errors  Last Runtime    Last Run
------------------------------  -----  ---------  --------  ----------  --------------  -------------------
/opt/airflow/dags/wired_dag.py                           1           0  0.29s           2026-04-21T23:45:33
================================================================================
[2026-04-21T23:46:31.384+0000] {manager.py:878} INFO - 
================================================================================
DAG File Processing Stats

File Path                       PID    Runtime      # DAGs    # Errors  Last Runtime    Last Run
------------------------------  -----  ---------  --------  ----------  --------------  -------------------
/opt/airflow/dags/wired_dag.py                           1           0  0.29s           2026-04-21T23:46:04
================================================================================
[2026-04-21T23:46:59.259+0000] {manager.py:878} INFO - 
================================================================================
DAG File Processing Stats

File Path                       PID    Runtime      # DAGs    # Errors  Last Runtime    Last Run
------------------------------  -----  ---------  --------  ----------  --------------  -------------------
/opt/airflow/dags/wired_dag.py                           1           0  0.27s           2026-04-21T23:46:35
================================================================================
[2026-04-21T23:47:27.432+0000] {manager.py:878} INFO - 
================================================================================
DAG File Processing Stats

File Path                       PID    Runtime      # DAGs    # Errors  Last Runtime    Last Run
------------------------------  -----  ---------  --------  ----------  --------------  -------------------
/opt/airflow/dags/wired_dag.py                           1           0  0.30s           2026-04-21T23:47:06
================================================================================
[2026-04-21T23:47:55.312+0000] {manager.py:878} INFO - 
================================================================================
DAG File Processing Stats

File Path                       PID    Runtime      # DAGs    # Errors  Last Runtime    Last Run
------------------------------  -----  ---------  --------  ----------  --------------  -------------------
/opt/airflow/dags/wired_dag.py                           1           0  0.30s           2026-04-21T23:47:37
================================================================================
[2026-04-21T23:48:22.259+0000] {manager.py:737} INFO - Searching for files in /opt/airflow/dags
[2026-04-21T23:48:22.315+0000] {manager.py:740} INFO - There are 1 files in /opt/airflow/dags
[2026-04-21T23:48:23.348+0000] {manager.py:878} INFO - 
================================================================================
DAG File Processing Stats

File Path                       PID    Runtime      # DAGs    # Errors  Last Runtime    Last Run
------------------------------  -----  ---------  --------  ----------  --------------  -------------------
/opt/airflow/dags/wired_dag.py                           1           0  0.33s           2026-04-21T23:48:08
================================================================================
[2026-04-21T23:48:51.655+0000] {manager.py:878} INFO - 
================================================================================
DAG File Processing Stats

File Path                       PID    Runtime      # DAGs    # Errors  Last Runtime    Last Run
------------------------------  -----  ---------  --------  ----------  --------------  -------------------
/opt/airflow/dags/wired_dag.py                           1           0  0.32s           2026-04-21T23:48:40
================================================================================
[2026-04-21T23:49:19.115+0000] {manager.py:878} INFO - 
================================================================================
DAG File Processing Stats

File Path                       PID    Runtime      # DAGs    # Errors  Last Runtime    Last Run
------------------------------  -----  ---------  --------  ----------  --------------  -------------------
/opt/airflow/dags/wired_dag.py                           1           0  -2.34s          2026-04-21T23:49:07
================================================================================
[2026-04-21T23:49:46.961+0000] {manager.py:878} INFO - 
================================================================================
DAG File Processing Stats

File Path                       PID    Runtime      # DAGs    # Errors  Last Runtime    Last Run
------------------------------  -----  ---------  --------  ----------  --------------  -------------------
/opt/airflow/dags/wired_dag.py                           1           0  0.30s           2026-04-21T23:49:38
================================================================================
[2026-04-21T23:50:14.323+0000] {manager.py:878} INFO - 
================================================================================
DAG File Processing Stats

File Path                       PID    Runtime      # DAGs    # Errors  Last Runtime    Last Run
------------------------------  -----  ---------  --------  ----------  --------------  -------------------
/opt/airflow/dags/wired_dag.py                           1           0  0.35s           2026-04-21T23:50:10
================================================================================
[2026-04-21T23:50:42.041+0000] {manager.py:878} INFO - 
================================================================================
DAG File Processing Stats

File Path                       PID    Runtime      # DAGs    # Errors  Last Runtime    Last Run
------------------------------  -----  ---------  --------  ----------  --------------  -------------------
/opt/airflow/dags/wired_dag.py                           1           0  0.28s           2026-04-21T23:50:41
================================================================================
[2026-04-21T23:51:09.966+0000] {manager.py:878} INFO - 
================================================================================
DAG File Processing Stats

File Path                       PID    Runtime      # DAGs    # Errors  Last Runtime    Last Run
------------------------------  -----  ---------  --------  ----------  --------------  -------------------
/opt/airflow/dags/wired_dag.py                           1           0  0.28s           2026-04-21T23:50:41
================================================================================
[2026-04-21T23:51:37.949+0000] {manager.py:878} INFO - 
================================================================================
DAG File Processing Stats

File Path                       PID    Runtime      # DAGs    # Errors  Last Runtime    Last Run
------------------------------  -----  ---------  --------  ----------  --------------  -------------------
/opt/airflow/dags/wired_dag.py                           1           0  0.30s           2026-04-21T23:51:12
================================================================================
[2026-04-21T23:52:06.040+0000] {manager.py:878} INFO - 
================================================================================
DAG File Processing Stats

File Path                       PID    Runtime      # DAGs    # Errors  Last Runtime    Last Run
------------------------------  -----  ---------  --------  ----------  --------------  -------------------
/opt/airflow/dags/wired_dag.py                           1           0  0.35s           2026-04-21T23:51:43
================================================================================
[2026-04-21T23:52:34.166+0000] {manager.py:878} INFO - 
================================================================================
DAG File Processing Stats

File Path                       PID    Runtime      # DAGs    # Errors  Last Runtime    Last Run
------------------------------  -----  ---------  --------  ----------  --------------  -------------------
/opt/airflow/dags/wired_dag.py                           1           0  0.37s           2026-04-21T23:52:14
================================================================================
[2026-04-21T23:53:02.215+0000] {manager.py:878} INFO - 
================================================================================
DAG File Processing Stats

File Path                       PID    Runtime      # DAGs    # Errors  Last Runtime    Last Run
------------------------------  -----  ---------  --------  ----------  --------------  -------------------
/opt/airflow/dags/wired_dag.py                           1           0  0.34s           2026-04-21T23:52:45
================================================================================
[2026-04-21T23:53:22.468+0000] {manager.py:737} INFO - Searching for files in /opt/airflow/dags
[2026-04-21T23:53:22.518+0000] {manager.py:740} INFO - There are 1 files in /opt/airflow/dags
[2026-04-21T23:53:29.648+0000] {manager.py:878} INFO - 
================================================================================
DAG File Processing Stats

File Path                       PID    Runtime      # DAGs    # Errors  Last Runtime    Last Run
------------------------------  -----  ---------  --------  ----------  --------------  -------------------
/opt/airflow/dags/wired_dag.py                           1           0  0.62s           2026-04-21T23:53:17
================================================================================
[2026-04-21T23:53:57.330+0000] {manager.py:878} INFO - 
================================================================================
DAG File Processing Stats

File Path                       PID    Runtime      # DAGs    # Errors  Last Runtime    Last Run
------------------------------  -----  ---------  --------  ----------  --------------  -------------------
/opt/airflow/dags/wired_dag.py                           1           0  0.67s           2026-04-21T23:53:48
================================================================================
[2026-04-21T23:54:24.782+0000] {manager.py:878} INFO - 
================================================================================
DAG File Processing Stats

File Path                       PID    Runtime      # DAGs    # Errors  Last Runtime    Last Run
------------------------------  -----  ---------  --------  ----------  --------------  -------------------
/opt/airflow/dags/wired_dag.py                           1           0  0.41s           2026-04-21T23:54:18
================================================================================
[2026-04-21T23:54:53.019+0000] {manager.py:878} INFO - 
================================================================================
DAG File Processing Stats

File Path                       PID    Runtime      # DAGs    # Errors  Last Runtime    Last Run
------------------------------  -----  ---------  --------  ----------  --------------  -------------------
/opt/airflow/dags/wired_dag.py                           1           0  0.27s           2026-04-21T23:54:48
================================================================================
[2026-04-21T23:55:20.675+0000] {manager.py:878} INFO - 
================================================================================
DAG File Processing Stats

File Path                       PID    Runtime      # DAGs    # Errors  Last Runtime    Last Run
------------------------------  -----  ---------  --------  ----------  --------------  -------------------
/opt/airflow/dags/wired_dag.py                           1           0  0.76s           2026-04-21T23:55:20
================================================================================
[2026-04-21T23:55:48.323+0000] {manager.py:878} INFO - 
================================================================================
DAG File Processing Stats

File Path                       PID    Runtime      # DAGs    # Errors  Last Runtime    Last Run
------------------------------  -----  ---------  --------  ----------  --------------  -------------------
/opt/airflow/dags/wired_dag.py                           1           0  0.76s           2026-04-21T23:55:20
================================================================================
[2026-04-21T23:56:16.417+0000] {manager.py:878} INFO - 
================================================================================
DAG File Processing Stats

File Path                       PID    Runtime      # DAGs    # Errors  Last Runtime    Last Run
------------------------------  -----  ---------  --------  ----------  --------------  -------------------
/opt/airflow/dags/wired_dag.py                           1           0  0.32s           2026-04-21T23:55:51
================================================================================
[2026-04-21T23:56:44.370+0000] {manager.py:878} INFO - 
================================================================================
DAG File Processing Stats

File Path                       PID    Runtime      # DAGs    # Errors  Last Runtime    Last Run
------------------------------  -----  ---------  --------  ----------  --------------  -------------------
/opt/airflow/dags/wired_dag.py                           1           0  0.27s           2026-04-21T23:56:22
================================================================================
[2026-04-21T23:57:12.207+0000] {manager.py:878} INFO - 
================================================================================
DAG File Processing Stats

File Path                       PID    Runtime      # DAGs    # Errors  Last Runtime    Last Run
------------------------------  -----  ---------  --------  ----------  --------------  -------------------
/opt/airflow/dags/wired_dag.py                           1           0  0.34s           2026-04-21T23:56:53
================================================================================
[2026-04-21T23:57:40.140+0000] {manager.py:878} INFO - 
================================================================================
DAG File Processing Stats

File Path                       PID    Runtime      # DAGs    # Errors  Last Runtime    Last Run
------------------------------  -----  ---------  --------  ----------  --------------  -------------------
/opt/airflow/dags/wired_dag.py                           1           0  0.64s           2026-04-21T23:57:24
================================================================================
[2026-04-21T23:58:07.472+0000] {manager.py:878} INFO - 
================================================================================
DAG File Processing Stats

File Path                       PID    Runtime      # DAGs    # Errors  Last Runtime    Last Run
------------------------------  -----  ---------  --------  ----------  --------------  -------------------
/opt/airflow/dags/wired_dag.py                           1           0  0.38s           2026-04-21T23:57:55
================================================================================
[2026-04-21T23:58:22.985+0000] {manager.py:737} INFO - Searching for files in /opt/airflow/dags
[2026-04-21T23:58:23.038+0000] {manager.py:740} INFO - There are 1 files in /opt/airflow/dags
[2026-04-21T23:58:35.334+0000] {manager.py:878} INFO - 
================================================================================
DAG File Processing Stats

File Path                       PID    Runtime      # DAGs    # Errors  Last Runtime    Last Run
------------------------------  -----  ---------  --------  ----------  --------------  -------------------
/opt/airflow/dags/wired_dag.py                           1           0  0.33s           2026-04-21T23:58:26
================================================================================
[2026-04-21T23:59:03.469+0000] {manager.py:878} INFO - 
================================================================================
DAG File Processing Stats

File Path                       PID    Runtime      # DAGs    # Errors  Last Runtime    Last Run
------------------------------  -----  ---------  --------  ----------  --------------  -------------------
/opt/airflow/dags/wired_dag.py                           1           0  0.29s           2026-04-21T23:58:57
================================================================================
[2026-04-21T23:59:31.497+0000] {manager.py:878} INFO - 
================================================================================
DAG File Processing Stats

File Path                       PID    Runtime      # DAGs    # Errors  Last Runtime    Last Run
------------------------------  -----  ---------  --------  ----------  --------------  -------------------
/opt/airflow/dags/wired_dag.py                           1           0  0.26s           2026-04-21T23:59:28
================================================================================
[2026-04-21T23:59:59.440+0000] {manager.py:878} INFO - 
================================================================================
DAG File Processing Stats

File Path                         PID  Runtime      # DAGs    # Errors  Last Runtime    Last Run
------------------------------  -----  ---------  --------  ----------  --------------  -------------------
/opt/airflow/dags/wired_dag.py    514  0.01s             1           0  0.26s           2026-04-21T23:59:28
================================================================================
[2026-04-22T00:00:27.365+0000] {manager.py:878} INFO - 
================================================================================
DAG File Processing Stats

File Path                       PID    Runtime      # DAGs    # Errors  Last Runtime    Last Run
------------------------------  -----  ---------  --------  ----------  --------------  -------------------
/opt/airflow/dags/wired_dag.py                           1           0  0.29s           2026-04-21T23:59:59
================================================================================
[2026-04-22T00:00:55.328+0000] {manager.py:878} INFO - 
================================================================================
DAG File Processing Stats

File Path                       PID    Runtime      # DAGs    # Errors  Last Runtime    Last Run
------------------------------  -----  ---------  --------  ----------  --------------  -------------------
/opt/airflow/dags/wired_dag.py                           1           0  0.31s           2026-04-22T00:00:30
================================================================================
[2026-04-22T00:01:23.585+0000] {manager.py:878} INFO - 
================================================================================
DAG File Processing Stats

File Path                       PID    Runtime      # DAGs    # Errors  Last Runtime    Last Run
------------------------------  -----  ---------  --------  ----------  --------------  -------------------
/opt/airflow/dags/wired_dag.py                           1           0  0.28s           2026-04-22T00:01:01
================================================================================
[2026-04-22T00:01:51.460+0000] {manager.py:878} INFO - 
================================================================================
DAG File Processing Stats

File Path                       PID    Runtime      # DAGs    # Errors  Last Runtime    Last Run
------------------------------  -----  ---------  --------  ----------  --------------  -------------------
/opt/airflow/dags/wired_dag.py                           1           0  0.27s           2026-04-22T00:01:32
================================================================================
[2026-04-22T00:02:18.897+0000] {manager.py:878} INFO - 
================================================================================
DAG File Processing Stats

File Path                       PID    Runtime      # DAGs    # Errors  Last Runtime    Last Run
------------------------------  -----  ---------  --------  ----------  --------------  -------------------
/opt/airflow/dags/wired_dag.py                           1           0  0.33s           2026-04-22T00:02:02
================================================================================
[2026-04-22T00:02:46.644+0000] {manager.py:878} INFO - 
================================================================================
DAG File Processing Stats

File Path                       PID    Runtime      # DAGs    # Errors  Last Runtime    Last Run
------------------------------  -----  ---------  --------  ----------  --------------  -------------------
/opt/airflow/dags/wired_dag.py                           1           0  0.35s           2026-04-22T00:02:33
================================================================================
[2026-04-22T00:03:14.488+0000] {manager.py:878} INFO - 
================================================================================
DAG File Processing Stats

File Path                       PID    Runtime      # DAGs    # Errors  Last Runtime    Last Run
------------------------------  -----  ---------  --------  ----------  --------------  -------------------
/opt/airflow/dags/wired_dag.py                           1           0  0.40s           2026-04-22T00:03:04
================================================================================
[2026-04-22T00:03:22.997+0000] {manager.py:737} INFO - Searching for files in /opt/airflow/dags
[2026-04-22T00:03:23.029+0000] {manager.py:740} INFO - There are 1 files in /opt/airflow/dags
[2026-04-22T00:03:41.804+0000] {manager.py:878} INFO - 
================================================================================
DAG File Processing Stats

File Path                       PID    Runtime      # DAGs    # Errors  Last Runtime    Last Run
------------------------------  -----  ---------  --------  ----------  --------------  -------------------
/opt/airflow/dags/wired_dag.py                           1           0  0.40s           2026-04-22T00:03:35
================================================================================
[2026-04-22T00:04:09.540+0000] {manager.py:878} INFO - 
================================================================================
DAG File Processing Stats

File Path                       PID    Runtime      # DAGs    # Errors  Last Runtime    Last Run
------------------------------  -----  ---------  --------  ----------  --------------  -------------------
/opt/airflow/dags/wired_dag.py                           1           0  0.29s           2026-04-22T00:04:06
================================================================================
[2026-04-22T00:04:37.523+0000] {manager.py:878} INFO - 
================================================================================
DAG File Processing Stats

File Path                         PID  Runtime      # DAGs    # Errors  Last Runtime    Last Run
------------------------------  -----  ---------  --------  ----------  --------------  -------------------
/opt/airflow/dags/wired_dag.py    567  0.01s             1           0  0.29s           2026-04-22T00:04:06
================================================================================
[2026-04-22T00:05:05.417+0000] {manager.py:878} INFO - 
================================================================================
DAG File Processing Stats

File Path                       PID    Runtime      # DAGs    # Errors  Last Runtime    Last Run
------------------------------  -----  ---------  --------  ----------  --------------  -------------------
/opt/airflow/dags/wired_dag.py                           1           0  0.29s           2026-04-22T00:04:37
================================================================================
[2026-04-22T00:05:32.732+0000] {manager.py:878} INFO - 
================================================================================
DAG File Processing Stats

File Path                       PID    Runtime      # DAGs    # Errors  Last Runtime    Last Run
------------------------------  -----  ---------  --------  ----------  --------------  -------------------
/opt/airflow/dags/wired_dag.py                           1           0  0.46s           2026-04-22T00:05:08
================================================================================
[2026-04-22T00:05:59.672+0000] {manager.py:878} INFO - 
================================================================================
DAG File Processing Stats

File Path                       PID    Runtime      # DAGs    # Errors  Last Runtime    Last Run
------------------------------  -----  ---------  --------  ----------  --------------  -------------------
/opt/airflow/dags/wired_dag.py                           1           0  0.28s           2026-04-22T00:05:39
================================================================================
[2026-04-22T00:06:25.768+0000] {manager.py:878} INFO - 
================================================================================
DAG File Processing Stats

File Path                       PID    Runtime      # DAGs    # Errors  Last Runtime    Last Run
------------------------------  -----  ---------  --------  ----------  --------------  -------------------
/opt/airflow/dags/wired_dag.py                           1           0  0.31s           2026-04-22T00:06:10
================================================================================
[2026-04-22T00:06:53.569+0000] {manager.py:878} INFO - 
================================================================================
DAG File Processing Stats

File Path                       PID    Runtime      # DAGs    # Errors  Last Runtime    Last Run
------------------------------  -----  ---------  --------  ----------  --------------  -------------------
/opt/airflow/dags/wired_dag.py                           1           0  0.28s           2026-04-22T00:06:41
================================================================================
[2026-04-22T00:07:21.483+0000] {manager.py:878} INFO - 
================================================================================
DAG File Processing Stats

File Path                       PID    Runtime      # DAGs    # Errors  Last Runtime    Last Run
------------------------------  -----  ---------  --------  ----------  --------------  -------------------
/opt/airflow/dags/wired_dag.py                           1           0  0.27s           2026-04-22T00:07:12
================================================================================
[2026-04-22T00:07:48.912+0000] {manager.py:878} INFO - 
================================================================================
DAG File Processing Stats

File Path                       PID    Runtime      # DAGs    # Errors  Last Runtime    Last Run
------------------------------  -----  ---------  --------  ----------  --------------  -------------------
/opt/airflow/dags/wired_dag.py                           1           0  0.33s           2026-04-22T00:07:42
================================================================================
[2026-04-22T00:08:16.575+0000] {manager.py:878} INFO - 
================================================================================
DAG File Processing Stats

File Path                       PID    Runtime      # DAGs    # Errors  Last Runtime    Last Run
------------------------------  -----  ---------  --------  ----------  --------------  -------------------
/opt/airflow/dags/wired_dag.py                           1           0  0.35s           2026-04-22T00:08:13
================================================================================
[2026-04-22T00:08:23.679+0000] {manager.py:737} INFO - Searching for files in /opt/airflow/dags
[2026-04-22T00:08:23.739+0000] {manager.py:740} INFO - There are 1 files in /opt/airflow/dags
[2026-04-22T00:08:43.947+0000] {manager.py:878} INFO - 
================================================================================
DAG File Processing Stats

File Path                       PID    Runtime      # DAGs    # Errors  Last Runtime    Last Run
------------------------------  -----  ---------  --------  ----------  --------------  -------------------
/opt/airflow/dags/wired_dag.py                           1           0  0.43s           2026-04-22T00:08:43
================================================================================
[2026-04-22T00:09:11.639+0000] {manager.py:878} INFO - 
================================================================================
DAG File Processing Stats

File Path                       PID    Runtime      # DAGs    # Errors  Last Runtime    Last Run
------------------------------  -----  ---------  --------  ----------  --------------  -------------------
/opt/airflow/dags/wired_dag.py                           1           0  0.43s           2026-04-22T00:08:43
================================================================================
[2026-04-22T00:09:39.491+0000] {manager.py:878} INFO - 
================================================================================
DAG File Processing Stats

File Path                       PID    Runtime      # DAGs    # Errors  Last Runtime    Last Run
------------------------------  -----  ---------  --------  ----------  --------------  -------------------
/opt/airflow/dags/wired_dag.py                           1           0  0.30s           2026-04-22T00:09:14
================================================================================
[2026-04-22T00:10:06.910+0000] {manager.py:878} INFO - 
================================================================================
DAG File Processing Stats

File Path                       PID    Runtime      # DAGs    # Errors  Last Runtime    Last Run
------------------------------  -----  ---------  --------  ----------  --------------  -------------------
/opt/airflow/dags/wired_dag.py                           1           0  0.31s           2026-04-22T00:09:45
================================================================================
[2026-04-22T00:10:34.630+0000] {manager.py:878} INFO - 
================================================================================
DAG File Processing Stats

File Path                       PID    Runtime      # DAGs    # Errors  Last Runtime    Last Run
------------------------------  -----  ---------  --------  ----------  --------------  -------------------
/opt/airflow/dags/wired_dag.py                           1           0  0.32s           2026-04-22T00:10:16
================================================================================
[2026-04-22T00:11:02.616+0000] {manager.py:878} INFO - 
================================================================================
DAG File Processing Stats

File Path                       PID    Runtime      # DAGs    # Errors  Last Runtime    Last Run
------------------------------  -----  ---------  --------  ----------  --------------  -------------------
/opt/airflow/dags/wired_dag.py                           1           0  0.28s           2026-04-22T00:10:47
================================================================================
[2026-04-22T00:11:30.648+0000] {manager.py:878} INFO - 
================================================================================
DAG File Processing Stats

File Path                       PID    Runtime      # DAGs    # Errors  Last Runtime    Last Run
------------------------------  -----  ---------  --------  ----------  --------------  -------------------
/opt/airflow/dags/wired_dag.py                           1           0  0.28s           2026-04-22T00:11:18
================================================================================
[2026-04-22T00:11:57.960+0000] {manager.py:878} INFO - 
================================================================================
DAG File Processing Stats

File Path                       PID    Runtime      # DAGs    # Errors  Last Runtime    Last Run
------------------------------  -----  ---------  --------  ----------  --------------  -------------------
/opt/airflow/dags/wired_dag.py                           1           0  0.38s           2026-04-22T00:11:48
================================================================================
[2026-04-22T00:12:25.310+0000] {manager.py:878} INFO - 
================================================================================
DAG File Processing Stats

File Path                       PID    Runtime      # DAGs    # Errors  Last Runtime    Last Run
------------------------------  -----  ---------  --------  ----------  --------------  -------------------
/opt/airflow/dags/wired_dag.py                           1           0  0.28s           2026-04-22T00:12:19
================================================================================
[2026-04-22T00:12:53.215+0000] {manager.py:878} INFO - 
================================================================================
DAG File Processing Stats

File Path                       PID    Runtime      # DAGs    # Errors  Last Runtime    Last Run
------------------------------  -----  ---------  --------  ----------  --------------  -------------------
/opt/airflow/dags/wired_dag.py                           1           0  0.32s           2026-04-22T00:12:50
================================================================================
[2026-04-22T00:13:20.990+0000] {manager.py:878} INFO - 
================================================================================
DAG File Processing Stats

File Path                         PID  Runtime      # DAGs    # Errors  Last Runtime    Last Run
------------------------------  -----  ---------  --------  ----------  --------------  -------------------
/opt/airflow/dags/wired_dag.py    652  0.01s             1           0  0.32s           2026-04-22T00:12:50
================================================================================
[2026-04-22T00:13:24.292+0000] {manager.py:737} INFO - Searching for files in /opt/airflow/dags
[2026-04-22T00:13:24.357+0000] {manager.py:740} INFO - There are 1 files in /opt/airflow/dags
[2026-04-22T00:13:48.335+0000] {manager.py:878} INFO - 
================================================================================
DAG File Processing Stats

File Path                       PID    Runtime      # DAGs    # Errors  Last Runtime    Last Run
------------------------------  -----  ---------  --------  ----------  --------------  -------------------
/opt/airflow/dags/wired_dag.py                           1           0  0.29s           2026-04-22T00:13:21
================================================================================
[2026-04-22T00:14:16.155+0000] {manager.py:878} INFO - 
================================================================================
DAG File Processing Stats

File Path                       PID    Runtime      # DAGs    # Errors  Last Runtime    Last Run
------------------------------  -----  ---------  --------  ----------  --------------  -------------------
/opt/airflow/dags/wired_dag.py                           1           0  0.31s           2026-04-22T00:13:51
================================================================================
[2026-04-22T00:14:44.114+0000] {manager.py:878} INFO - 
================================================================================
DAG File Processing Stats

File Path                       PID    Runtime      # DAGs    # Errors  Last Runtime    Last Run
------------------------------  -----  ---------  --------  ----------  --------------  -------------------
/opt/airflow/dags/wired_dag.py                           1           0  0.35s           2026-04-22T00:14:22
================================================================================
[2026-04-22T00:15:12.329+0000] {manager.py:878} INFO - 
================================================================================
DAG File Processing Stats

File Path                       PID    Runtime      # DAGs    # Errors  Last Runtime    Last Run
------------------------------  -----  ---------  --------  ----------  --------------  -------------------
/opt/airflow/dags/wired_dag.py                           1           0  0.28s           2026-04-22T00:14:53
================================================================================
[2026-04-22T00:15:40.315+0000] {manager.py:878} INFO - 
================================================================================
DAG File Processing Stats

File Path                       PID    Runtime      # DAGs    # Errors  Last Runtime    Last Run
------------------------------  -----  ---------  --------  ----------  --------------  -------------------
/opt/airflow/dags/wired_dag.py                           1           0  0.29s           2026-04-22T00:15:23
================================================================================
[2026-04-22T00:16:08.029+0000] {manager.py:878} INFO - 
================================================================================
DAG File Processing Stats

File Path                       PID    Runtime      # DAGs    # Errors  Last Runtime    Last Run
------------------------------  -----  ---------  --------  ----------  --------------  -------------------
/opt/airflow/dags/wired_dag.py                           1           0  0.31s           2026-04-22T00:15:54
================================================================================
[2026-04-22T00:16:36.054+0000] {manager.py:878} INFO - 
================================================================================
DAG File Processing Stats

File Path                       PID    Runtime      # DAGs    # Errors  Last Runtime    Last Run
------------------------------  -----  ---------  --------  ----------  --------------  -------------------
/opt/airflow/dags/wired_dag.py                           1           0  0.33s           2026-04-22T00:16:25
================================================================================
[2026-04-22T00:17:03.980+0000] {manager.py:878} INFO - 
================================================================================
DAG File Processing Stats

File Path                       PID    Runtime      # DAGs    # Errors  Last Runtime    Last Run
------------------------------  -----  ---------  --------  ----------  --------------  -------------------
/opt/airflow/dags/wired_dag.py                           1           0  0.29s           2026-04-22T00:16:56
================================================================================
[2026-04-22T00:17:31.879+0000] {manager.py:878} INFO - 
================================================================================
DAG File Processing Stats

File Path                       PID    Runtime      # DAGs    # Errors  Last Runtime    Last Run
------------------------------  -----  ---------  --------  ----------  --------------  -------------------
/opt/airflow/dags/wired_dag.py                           1           0  0.28s           2026-04-22T00:17:27
================================================================================
[2026-04-22T00:17:59.783+0000] {manager.py:878} INFO - 
================================================================================
DAG File Processing Stats

File Path                       PID    Runtime      # DAGs    # Errors  Last Runtime    Last Run
------------------------------  -----  ---------  --------  ----------  --------------  -------------------
/opt/airflow/dags/wired_dag.py                           1           0  0.30s           2026-04-22T00:17:57
================================================================================
[2026-04-22T00:18:24.609+0000] {manager.py:737} INFO - Searching for files in /opt/airflow/dags
[2026-04-22T00:18:24.655+0000] {manager.py:740} INFO - There are 1 files in /opt/airflow/dags
[2026-04-22T00:18:27.788+0000] {manager.py:878} INFO - 
================================================================================
DAG File Processing Stats

File Path                       PID    Runtime      # DAGs    # Errors  Last Runtime    Last Run
------------------------------  -----  ---------  --------  ----------  --------------  -------------------
/opt/airflow/dags/wired_dag.py                           1           0  0.30s           2026-04-22T00:17:57
================================================================================
[2026-04-22T00:18:55.786+0000] {manager.py:878} INFO - 
================================================================================
DAG File Processing Stats

File Path                       PID    Runtime      # DAGs    # Errors  Last Runtime    Last Run
------------------------------  -----  ---------  --------  ----------  --------------  -------------------
/opt/airflow/dags/wired_dag.py                           1           0  0.32s           2026-04-22T00:18:29
================================================================================
[2026-04-22T00:19:23.951+0000] {manager.py:878} INFO - 
================================================================================
DAG File Processing Stats

File Path                       PID    Runtime      # DAGs    # Errors  Last Runtime    Last Run
------------------------------  -----  ---------  --------  ----------  --------------  -------------------
/opt/airflow/dags/wired_dag.py                           1           0  0.28s           2026-04-22T00:19:00
================================================================================
[2026-04-22T00:19:52.109+0000] {manager.py:878} INFO - 
================================================================================
DAG File Processing Stats

File Path                       PID    Runtime      # DAGs    # Errors  Last Runtime    Last Run
------------------------------  -----  ---------  --------  ----------  --------------  -------------------
/opt/airflow/dags/wired_dag.py                           1           0  0.27s           2026-04-22T00:19:30
================================================================================
[2026-04-22T00:20:20.302+0000] {manager.py:878} INFO - 
================================================================================
DAG File Processing Stats

File Path                       PID    Runtime      # DAGs    # Errors  Last Runtime    Last Run
------------------------------  -----  ---------  --------  ----------  --------------  -------------------
/opt/airflow/dags/wired_dag.py                           1           0  0.30s           2026-04-22T00:20:01
================================================================================
[2026-04-22T00:20:47.816+0000] {manager.py:878} INFO - 
================================================================================
DAG File Processing Stats

File Path                       PID    Runtime      # DAGs    # Errors  Last Runtime    Last Run
------------------------------  -----  ---------  --------  ----------  --------------  -------------------
/opt/airflow/dags/wired_dag.py                           1           0  0.34s           2026-04-22T00:20:32
================================================================================
[2026-04-22T00:21:15.297+0000] {manager.py:878} INFO - 
================================================================================
DAG File Processing Stats

File Path                       PID    Runtime      # DAGs    # Errors  Last Runtime    Last Run
------------------------------  -----  ---------  --------  ----------  --------------  -------------------
/opt/airflow/dags/wired_dag.py                           1           0  0.34s           2026-04-22T00:21:03
================================================================================
[2026-04-22T00:21:43.212+0000] {manager.py:878} INFO - 
================================================================================
DAG File Processing Stats

File Path                       PID    Runtime      # DAGs    # Errors  Last Runtime    Last Run
------------------------------  -----  ---------  --------  ----------  --------------  -------------------
/opt/airflow/dags/wired_dag.py                           1           0  0.39s           2026-04-22T00:21:34
================================================================================
[2026-04-22T00:22:10.606+0000] {manager.py:878} INFO - 
================================================================================
DAG File Processing Stats

File Path                       PID    Runtime      # DAGs    # Errors  Last Runtime    Last Run
------------------------------  -----  ---------  --------  ----------  --------------  -------------------
/opt/airflow/dags/wired_dag.py                           1           0  0.36s           2026-04-22T00:22:05
================================================================================
[2026-04-22T00:22:38.333+0000] {manager.py:878} INFO - 
================================================================================
DAG File Processing Stats

File Path                       PID    Runtime      # DAGs    # Errors  Last Runtime    Last Run
------------------------------  -----  ---------  --------  ----------  --------------  -------------------
/opt/airflow/dags/wired_dag.py                           1           0  0.37s           2026-04-22T00:22:36
================================================================================
[2026-04-22T00:23:06.385+0000] {manager.py:878} INFO - 
================================================================================
DAG File Processing Stats

File Path                       PID    Runtime      # DAGs    # Errors  Last Runtime    Last Run
------------------------------  -----  ---------  --------  ----------  --------------  -------------------
/opt/airflow/dags/wired_dag.py                           1           0  0.37s           2026-04-22T00:22:36
================================================================================
[2026-04-22T00:23:25.396+0000] {manager.py:737} INFO - Searching for files in /opt/airflow/dags
[2026-04-22T00:23:25.443+0000] {manager.py:740} INFO - There are 1 files in /opt/airflow/dags
[2026-04-22T00:23:34.649+0000] {manager.py:878} INFO - 
================================================================================
DAG File Processing Stats

File Path                       PID    Runtime      # DAGs    # Errors  Last Runtime    Last Run
------------------------------  -----  ---------  --------  ----------  --------------  -------------------
/opt/airflow/dags/wired_dag.py                           1           0  0.39s           2026-04-22T00:23:07
================================================================================
[2026-04-22T00:24:02.363+0000] {manager.py:878} INFO - 
================================================================================
DAG File Processing Stats

File Path                       PID    Runtime      # DAGs    # Errors  Last Runtime    Last Run
------------------------------  -----  ---------  --------  ----------  --------------  -------------------
/opt/airflow/dags/wired_dag.py                           1           0  0.28s           2026-04-22T00:23:38
================================================================================
[2026-04-22T00:24:30.370+0000] {manager.py:878} INFO - 
================================================================================
DAG File Processing Stats

File Path                       PID    Runtime      # DAGs    # Errors  Last Runtime    Last Run
------------------------------  -----  ---------  --------  ----------  --------------  -------------------
/opt/airflow/dags/wired_dag.py                           1           0  0.33s           2026-04-22T00:24:09
================================================================================
[2026-04-22T00:24:58.407+0000] {manager.py:878} INFO - 
================================================================================
DAG File Processing Stats

File Path                       PID    Runtime      # DAGs    # Errors  Last Runtime    Last Run
------------------------------  -----  ---------  --------  ----------  --------------  -------------------
/opt/airflow/dags/wired_dag.py                           1           0  0.33s           2026-04-22T00:24:40
================================================================================
[2026-04-22T00:25:25.725+0000] {manager.py:878} INFO - 
================================================================================
DAG File Processing Stats

File Path                       PID    Runtime      # DAGs    # Errors  Last Runtime    Last Run
------------------------------  -----  ---------  --------  ----------  --------------  -------------------
/opt/airflow/dags/wired_dag.py                           1           0  0.37s           2026-04-22T00:25:11
================================================================================
[2026-04-22T00:25:53.442+0000] {manager.py:878} INFO - 
================================================================================
DAG File Processing Stats

File Path                       PID    Runtime      # DAGs    # Errors  Last Runtime    Last Run
------------------------------  -----  ---------  --------  ----------  --------------  -------------------
/opt/airflow/dags/wired_dag.py                           1           0  0.32s           2026-04-22T00:25:42
================================================================================
[2026-04-22T00:26:21.615+0000] {manager.py:878} INFO - 
================================================================================
DAG File Processing Stats

File Path                       PID    Runtime      # DAGs    # Errors  Last Runtime    Last Run
------------------------------  -----  ---------  --------  ----------  --------------  -------------------
/opt/airflow/dags/wired_dag.py                           1           0  0.27s           2026-04-22T00:26:13
================================================================================
[2026-04-22T00:26:49.048+0000] {manager.py:878} INFO - 
================================================================================
DAG File Processing Stats

File Path                       PID    Runtime      # DAGs    # Errors  Last Runtime    Last Run
------------------------------  -----  ---------  --------  ----------  --------------  -------------------
/opt/airflow/dags/wired_dag.py                           1           0  0.32s           2026-04-22T00:26:44
================================================================================
[2026-04-22T00:27:16.430+0000] {manager.py:878} INFO - 
================================================================================
DAG File Processing Stats

File Path                       PID    Runtime      # DAGs    # Errors  Last Runtime    Last Run
------------------------------  -----  ---------  --------  ----------  --------------  -------------------
/opt/airflow/dags/wired_dag.py                           1           0  0.32s           2026-04-22T00:27:15
================================================================================
[2026-04-22T00:27:44.130+0000] {manager.py:878} INFO - 
================================================================================
DAG File Processing Stats

File Path                       PID    Runtime      # DAGs    # Errors  Last Runtime    Last Run
------------------------------  -----  ---------  --------  ----------  --------------  -------------------
/opt/airflow/dags/wired_dag.py                           1           0  0.32s           2026-04-22T00:27:15
================================================================================
[2026-04-22T00:28:12.071+0000] {manager.py:878} INFO - 
================================================================================
DAG File Processing Stats

File Path                       PID    Runtime      # DAGs    # Errors  Last Runtime    Last Run
------------------------------  -----  ---------  --------  ----------  --------------  -------------------
/opt/airflow/dags/wired_dag.py                           1           0  0.35s           2026-04-22T00:27:46
================================================================================
[2026-04-22T00:28:25.775+0000] {manager.py:737} INFO - Searching for files in /opt/airflow/dags
[2026-04-22T00:28:25.825+0000] {manager.py:740} INFO - There are 1 files in /opt/airflow/dags
[2026-04-22T00:28:40.079+0000] {manager.py:878} INFO - 
================================================================================
DAG File Processing Stats

File Path                       PID    Runtime      # DAGs    # Errors  Last Runtime    Last Run
------------------------------  -----  ---------  --------  ----------  --------------  -------------------
/opt/airflow/dags/wired_dag.py                           1           0  -0.48s          2026-04-22T00:28:16
================================================================================
[2026-04-22T00:29:07.914+0000] {manager.py:878} INFO - 
================================================================================
DAG File Processing Stats

File Path                       PID    Runtime      # DAGs    # Errors  Last Runtime    Last Run
------------------------------  -----  ---------  --------  ----------  --------------  -------------------
/opt/airflow/dags/wired_dag.py                           1           0  0.38s           2026-04-22T00:28:48
================================================================================
[2026-04-22T00:29:35.784+0000] {manager.py:878} INFO - 
================================================================================
DAG File Processing Stats

File Path                       PID    Runtime      # DAGs    # Errors  Last Runtime    Last Run
------------------------------  -----  ---------  --------  ----------  --------------  -------------------
/opt/airflow/dags/wired_dag.py                           1           0  0.32s           2026-04-22T00:29:18
================================================================================
[2026-04-22T00:30:03.803+0000] {manager.py:878} INFO - 
================================================================================
DAG File Processing Stats

File Path                       PID    Runtime      # DAGs    # Errors  Last Runtime    Last Run
------------------------------  -----  ---------  --------  ----------  --------------  -------------------
/opt/airflow/dags/wired_dag.py                           1           0  0.34s           2026-04-22T00:29:49
================================================================================
[2026-04-22T00:30:31.806+0000] {manager.py:878} INFO - 
================================================================================
DAG File Processing Stats

File Path                       PID    Runtime      # DAGs    # Errors  Last Runtime    Last Run
------------------------------  -----  ---------  --------  ----------  --------------  -------------------
/opt/airflow/dags/wired_dag.py                           1           0  0.28s           2026-04-22T00:30:20
================================================================================
[2026-04-22T00:30:59.761+0000] {manager.py:878} INFO - 
================================================================================
DAG File Processing Stats

File Path                       PID    Runtime      # DAGs    # Errors  Last Runtime    Last Run
------------------------------  -----  ---------  --------  ----------  --------------  -------------------
/opt/airflow/dags/wired_dag.py                           1           0  0.36s           2026-04-22T00:30:51
================================================================================
[2026-04-22T00:31:27.044+0000] {manager.py:878} INFO - 
================================================================================
DAG File Processing Stats

File Path                       PID    Runtime      # DAGs    # Errors  Last Runtime    Last Run
------------------------------  -----  ---------  --------  ----------  --------------  -------------------
/opt/airflow/dags/wired_dag.py                           1           0  0.31s           2026-04-22T00:31:22
================================================================================
[2026-04-22T00:31:54.772+0000] {manager.py:878} INFO - 
================================================================================
DAG File Processing Stats

File Path                       PID    Runtime      # DAGs    # Errors  Last Runtime    Last Run
------------------------------  -----  ---------  --------  ----------  --------------  -------------------
/opt/airflow/dags/wired_dag.py                           1           0  0.30s           2026-04-22T00:31:54
================================================================================
[2026-04-22T00:32:22.606+0000] {manager.py:878} INFO - 
================================================================================
DAG File Processing Stats

File Path                       PID    Runtime      # DAGs    # Errors  Last Runtime    Last Run
------------------------------  -----  ---------  --------  ----------  --------------  -------------------
/opt/airflow/dags/wired_dag.py                           1           0  0.30s           2026-04-22T00:31:54
================================================================================
[2026-04-22T00:32:49.671+0000] {manager.py:878} INFO - 
================================================================================
DAG File Processing Stats

File Path                       PID    Runtime      # DAGs    # Errors  Last Runtime    Last Run
------------------------------  -----  ---------  --------  ----------  --------------  -------------------
/opt/airflow/dags/wired_dag.py                           1           0  0.28s           2026-04-22T00:32:25
================================================================================
[2026-04-22T00:33:15.807+0000] {manager.py:878} INFO - 
================================================================================
DAG File Processing Stats

File Path                       PID    Runtime      # DAGs    # Errors  Last Runtime    Last Run
------------------------------  -----  ---------  --------  ----------  --------------  -------------------
/opt/airflow/dags/wired_dag.py                           1           0  0.29s           2026-04-22T00:32:56
================================================================================
[2026-04-22T00:33:26.098+0000] {manager.py:737} INFO - Searching for files in /opt/airflow/dags
[2026-04-22T00:33:26.147+0000] {manager.py:740} INFO - There are 1 files in /opt/airflow/dags
[2026-04-22T00:33:43.823+0000] {manager.py:878} INFO - 
================================================================================
DAG File Processing Stats

File Path                       PID    Runtime      # DAGs    # Errors  Last Runtime    Last Run
------------------------------  -----  ---------  --------  ----------  --------------  -------------------
/opt/airflow/dags/wired_dag.py                           1           0  0.29s           2026-04-22T00:33:27
================================================================================
[2026-04-22T00:34:11.702+0000] {manager.py:878} INFO - 
================================================================================
DAG File Processing Stats

File Path                       PID    Runtime      # DAGs    # Errors  Last Runtime    Last Run
------------------------------  -----  ---------  --------  ----------  --------------  -------------------
/opt/airflow/dags/wired_dag.py                           1           0  0.29s           2026-04-22T00:33:58
================================================================================
[2026-04-22T00:34:39.824+0000] {manager.py:878} INFO - 
================================================================================
DAG File Processing Stats

File Path                       PID    Runtime      # DAGs    # Errors  Last Runtime    Last Run
------------------------------  -----  ---------  --------  ----------  --------------  -------------------
/opt/airflow/dags/wired_dag.py                           1           0  0.28s           2026-04-22T00:34:29
================================================================================
[2026-04-22T00:35:07.221+0000] {manager.py:878} INFO - 
================================================================================
DAG File Processing Stats

File Path                       PID    Runtime      # DAGs    # Errors  Last Runtime    Last Run
------------------------------  -----  ---------  --------  ----------  --------------  -------------------
/opt/airflow/dags/wired_dag.py                           1           0  0.29s           2026-04-22T00:34:59
================================================================================
[2026-04-22T00:35:35.236+0000] {manager.py:878} INFO - 
================================================================================
DAG File Processing Stats

File Path                       PID    Runtime      # DAGs    # Errors  Last Runtime    Last Run
------------------------------  -----  ---------  --------  ----------  --------------  -------------------
/opt/airflow/dags/wired_dag.py                           1           0  0.28s           2026-04-22T00:35:30
================================================================================
[2026-04-22T00:36:02.710+0000] {manager.py:878} INFO - 
================================================================================
DAG File Processing Stats

File Path                       PID    Runtime      # DAGs    # Errors  Last Runtime    Last Run
------------------------------  -----  ---------  --------  ----------  --------------  -------------------
/opt/airflow/dags/wired_dag.py                           1           0  -0.47s          2026-04-22T00:36:00
================================================================================
[2026-04-22T00:36:30.941+0000] {manager.py:878} INFO - 
================================================================================
DAG File Processing Stats

File Path                         PID  Runtime      # DAGs    # Errors  Last Runtime    Last Run
------------------------------  -----  ---------  --------  ----------  --------------  -------------------
/opt/airflow/dags/wired_dag.py    877  0.01s             1           0  -0.47s          2026-04-22T00:36:00
================================================================================
[2026-04-22T00:36:58.279+0000] {manager.py:878} INFO - 
================================================================================
DAG File Processing Stats

File Path                       PID    Runtime      # DAGs    # Errors  Last Runtime    Last Run
------------------------------  -----  ---------  --------  ----------  --------------  -------------------
/opt/airflow/dags/wired_dag.py                           1           0  0.28s           2026-04-22T00:36:31
================================================================================
[2026-04-22T00:37:26.209+0000] {manager.py:878} INFO - 
================================================================================
DAG File Processing Stats

File Path                       PID    Runtime      # DAGs    # Errors  Last Runtime    Last Run
------------------------------  -----  ---------  --------  ----------  --------------  -------------------
/opt/airflow/dags/wired_dag.py                           1           0  0.31s           2026-04-22T00:37:01
================================================================================
[2026-04-22T04:40:16.755+0000] {manager.py:470} INFO - Processing files using up to 2 processes at a time 
[2026-04-22T04:40:16.758+0000] {manager.py:471} INFO - Process each file at most once every 30 seconds
[2026-04-22T04:40:16.760+0000] {manager.py:472} INFO - Checking for new files in /opt/airflow/dags every 300 seconds
[2026-04-22T04:40:16.763+0000] {manager.py:737} INFO - Searching for files in /opt/airflow/dags
[2026-04-22T04:40:16.803+0000] {manager.py:740} INFO - There are 1 files in /opt/airflow/dags
[2026-04-22T04:40:16.990+0000] {manager.py:878} INFO - 
================================================================================
DAG File Processing Stats

File Path                         PID  Runtime      # DAGs    # Errors  Last Runtime    Last Run
------------------------------  -----  ---------  --------  ----------  --------------  ----------
/opt/airflow/dags/wired_dag.py    211  0.08s             0           0
================================================================================
[2026-04-22T04:40:46.648+0000] {manager.py:878} INFO - 
================================================================================
DAG File Processing Stats

File Path                       PID    Runtime      # DAGs    # Errors  Last Runtime    Last Run
------------------------------  -----  ---------  --------  ----------  --------------  -------------------
/opt/airflow/dags/wired_dag.py                           1           0  0.35s           2026-04-22T04:40:17
================================================================================
[2026-04-22T04:41:16.307+0000] {manager.py:878} INFO - 
================================================================================
DAG File Processing Stats

File Path                       PID    Runtime      # DAGs    # Errors  Last Runtime    Last Run
------------------------------  -----  ---------  --------  ----------  --------------  -------------------
/opt/airflow/dags/wired_dag.py                           1           0  0.48s           2026-04-22T04:40:48
================================================================================
[2026-04-22T04:41:46.136+0000] {manager.py:878} INFO - 
================================================================================
DAG File Processing Stats

File Path                       PID    Runtime      # DAGs    # Errors  Last Runtime    Last Run
------------------------------  -----  ---------  --------  ----------  --------------  -------------------
/opt/airflow/dags/wired_dag.py                           1           0  0.26s           2026-04-22T04:41:18
================================================================================
[2026-04-22T04:42:15.668+0000] {manager.py:878} INFO - 
================================================================================
DAG File Processing Stats

File Path                       PID    Runtime      # DAGs    # Errors  Last Runtime    Last Run
------------------------------  -----  ---------  --------  ----------  --------------  -------------------
/opt/airflow/dags/wired_dag.py                           1           0  0.27s           2026-04-22T04:41:49
================================================================================
[2026-04-22T04:42:45.387+0000] {manager.py:878} INFO - 
================================================================================
DAG File Processing Stats

File Path                       PID    Runtime      # DAGs    # Errors  Last Runtime    Last Run
------------------------------  -----  ---------  --------  ----------  --------------  -------------------
/opt/airflow/dags/wired_dag.py                           1           0  0.26s           2026-04-22T04:42:20
================================================================================
[2026-04-22T04:43:14.952+0000] {manager.py:878} INFO - 
================================================================================
DAG File Processing Stats

File Path                       PID    Runtime      # DAGs    # Errors  Last Runtime    Last Run
------------------------------  -----  ---------  --------  ----------  --------------  -------------------
/opt/airflow/dags/wired_dag.py                           1           0  0.26s           2026-04-22T04:42:50
================================================================================
[2026-04-22T04:43:44.482+0000] {manager.py:878} INFO - 
================================================================================
DAG File Processing Stats

File Path                       PID    Runtime      # DAGs    # Errors  Last Runtime    Last Run
------------------------------  -----  ---------  --------  ----------  --------------  -------------------
/opt/airflow/dags/wired_dag.py                           1           0  0.28s           2026-04-22T04:43:21
================================================================================
[2026-04-22T04:44:14.301+0000] {manager.py:878} INFO - 
================================================================================
DAG File Processing Stats

File Path                       PID    Runtime      # DAGs    # Errors  Last Runtime    Last Run
------------------------------  -----  ---------  --------  ----------  --------------  -------------------
/opt/airflow/dags/wired_dag.py                           1           0  0.25s           2026-04-22T04:43:51
================================================================================
[2026-04-22T04:44:43.770+0000] {manager.py:878} INFO - 
================================================================================
DAG File Processing Stats

File Path                       PID    Runtime      # DAGs    # Errors  Last Runtime    Last Run
------------------------------  -----  ---------  --------  ----------  --------------  -------------------
/opt/airflow/dags/wired_dag.py                           1           0  0.25s           2026-04-22T04:44:22
================================================================================
[2026-04-22T04:45:13.547+0000] {manager.py:878} INFO - 
================================================================================
DAG File Processing Stats

File Path                       PID    Runtime      # DAGs    # Errors  Last Runtime    Last Run
------------------------------  -----  ---------  --------  ----------  --------------  -------------------
/opt/airflow/dags/wired_dag.py                           1           0  0.25s           2026-04-22T04:44:53
================================================================================
[2026-04-22T04:45:17.590+0000] {manager.py:737} INFO - Searching for files in /opt/airflow/dags
[2026-04-22T04:45:17.627+0000] {manager.py:740} INFO - There are 1 files in /opt/airflow/dags
[2026-04-22T04:45:43.104+0000] {manager.py:878} INFO - 
================================================================================
DAG File Processing Stats

File Path                       PID    Runtime      # DAGs    # Errors  Last Runtime    Last Run
------------------------------  -----  ---------  --------  ----------  --------------  -------------------
/opt/airflow/dags/wired_dag.py                           1           0  0.25s           2026-04-22T04:45:24
================================================================================
[2026-04-22T04:46:12.634+0000] {manager.py:878} INFO - 
================================================================================
DAG File Processing Stats

File Path                       PID    Runtime      # DAGs    # Errors  Last Runtime    Last Run
------------------------------  -----  ---------  --------  ----------  --------------  -------------------
/opt/airflow/dags/wired_dag.py                           1           0  0.26s           2026-04-22T04:45:54
================================================================================
[2026-04-22T04:46:42.261+0000] {manager.py:878} INFO - 
================================================================================
DAG File Processing Stats

File Path                       PID    Runtime      # DAGs    # Errors  Last Runtime    Last Run
------------------------------  -----  ---------  --------  ----------  --------------  -------------------
/opt/airflow/dags/wired_dag.py                           1           0  0.25s           2026-04-22T04:46:25
================================================================================
[2026-04-22T04:47:11.912+0000] {manager.py:878} INFO - 
================================================================================
DAG File Processing Stats

File Path                       PID    Runtime      # DAGs    # Errors  Last Runtime    Last Run
------------------------------  -----  ---------  --------  ----------  --------------  -------------------
/opt/airflow/dags/wired_dag.py                           1           0  0.35s           2026-04-22T04:46:55
================================================================================
[2026-04-22T04:47:41.569+0000] {manager.py:878} INFO - 
================================================================================
DAG File Processing Stats

File Path                       PID    Runtime      # DAGs    # Errors  Last Runtime    Last Run
------------------------------  -----  ---------  --------  ----------  --------------  -------------------
/opt/airflow/dags/wired_dag.py                           1           0  0.37s           2026-04-22T04:47:26
================================================================================
[2026-04-22T04:48:11.117+0000] {manager.py:878} INFO - 
================================================================================
DAG File Processing Stats

File Path                       PID    Runtime      # DAGs    # Errors  Last Runtime    Last Run
------------------------------  -----  ---------  --------  ----------  --------------  -------------------
/opt/airflow/dags/wired_dag.py                           1           0  0.25s           2026-04-22T04:47:57
================================================================================
[2026-04-22T04:48:40.629+0000] {manager.py:878} INFO - 
================================================================================
DAG File Processing Stats

File Path                       PID    Runtime      # DAGs    # Errors  Last Runtime    Last Run
------------------------------  -----  ---------  --------  ----------  --------------  -------------------
/opt/airflow/dags/wired_dag.py                           1           0  0.25s           2026-04-22T04:48:27
================================================================================
[2026-04-22T04:49:10.258+0000] {manager.py:878} INFO - 
================================================================================
DAG File Processing Stats

File Path                       PID    Runtime      # DAGs    # Errors  Last Runtime    Last Run
------------------------------  -----  ---------  --------  ----------  --------------  -------------------
/opt/airflow/dags/wired_dag.py                           1           0  0.31s           2026-04-22T04:48:58
================================================================================
[2026-04-22T04:49:39.950+0000] {manager.py:878} INFO - 
================================================================================
DAG File Processing Stats

File Path                       PID    Runtime      # DAGs    # Errors  Last Runtime    Last Run
------------------------------  -----  ---------  --------  ----------  --------------  -------------------
/opt/airflow/dags/wired_dag.py                           1           0  0.31s           2026-04-22T04:49:28
================================================================================
[2026-04-22T04:50:09.394+0000] {manager.py:878} INFO - 
================================================================================
DAG File Processing Stats

File Path                       PID    Runtime      # DAGs    # Errors  Last Runtime    Last Run
------------------------------  -----  ---------  --------  ----------  --------------  -------------------
/opt/airflow/dags/wired_dag.py                           1           0  0.25s           2026-04-22T04:49:59
================================================================================
[2026-04-22T04:50:17.746+0000] {manager.py:737} INFO - Searching for files in /opt/airflow/dags
[2026-04-22T04:50:17.784+0000] {manager.py:740} INFO - There are 1 files in /opt/airflow/dags
[2026-04-22T04:50:39.068+0000] {manager.py:878} INFO - 
================================================================================
DAG File Processing Stats

File Path                       PID    Runtime      # DAGs    # Errors  Last Runtime    Last Run
------------------------------  -----  ---------  --------  ----------  --------------  -------------------
/opt/airflow/dags/wired_dag.py                           1           0  0.27s           2026-04-22T04:50:30
================================================================================
[2026-04-22T04:51:08.625+0000] {manager.py:878} INFO - 
================================================================================
DAG File Processing Stats

File Path                       PID    Runtime      # DAGs    # Errors  Last Runtime    Last Run
------------------------------  -----  ---------  --------  ----------  --------------  -------------------
/opt/airflow/dags/wired_dag.py                           1           0  0.27s           2026-04-22T04:51:00
================================================================================
